L 04/08/2022 - 18:02:03: SourceMod log file session started (file "/home/client4775/service5731/csgo/csgo/addons/sourcemod/logs/L20220408.log") (Version "1.10.0.6528")
L 04/08/2022 - 18:02:03: [GEOIP] GeoIP database info: GEO-106FREE 20180327 Build 1 Copyright (c) 2018 MaxMind Inc All Rights Reserved
L 04/08/2022 - 18:02:04: [simple-chatprocessor.smx] [SCP] Recognized mod [Counter-Strike: GO].
L 04/08/2022 - 18:02:04: [simple-chatprocessor.smx] [SCP] Loading translation file [scp.csgo.phrases].
L 04/08/2022 - 18:03:37: SourceMod log file session started (file "/home/client4775/service5731/csgo/csgo/addons/sourcemod/logs/L20220408.log") (Version "1.10.0.6528")
L 04/08/2022 - 18:03:37: [GEOIP] GeoIP database info: GEO-106FREE 20180327 Build 1 Copyright (c) 2018 MaxMind Inc All Rights Reserved
L 04/08/2022 - 18:03:38: [simple-chatprocessor.smx] [SCP] Recognized mod [Counter-Strike: GO].
L 04/08/2022 - 18:03:38: [simple-chatprocessor.smx] [SCP] Loading translation file [scp.csgo.phrases].
L 04/08/2022 - 18:13:49: -------- Mapchange to de_dust --------
L 04/08/2022 - 18:13:49: [mapchooser_extended.smx] Loaded map list for csgo.
L 04/08/2022 - 18:13:49: [basecommands.smx] "Console<0><Console><Console>" changed cvar (cvar "sv_hibernate_ms") (value "0")
L 04/08/2022 - 18:13:49: [basecommands.smx] "Console<0><Console><Console>" changed cvar (cvar "sv_hibernate_ms_vgui") (value "0")
L 04/08/2022 - 18:13:49: [basecommands.smx] "Console<0><Console><Console>" changed cvar (cvar "sv_hibernate_postgame_delay") (value "0")
L 04/08/2022 - 18:13:49: [basecommands.smx] "Console<0><Console><Console>" changed cvar (cvar "sv_hibernate_when_empty") (value "0")
L 04/08/2022 - 18:13:49: [basecommands.smx] "Console<0><Console><Console>" changed cvar (cvar "sv_parallel_sendsnapshot") (value "0")
L 04/08/2022 - 18:13:49: [basecommands.smx] "Console<0><Console><Console>" changed cvar (cvar "sv_enable_delta_packing") (value "1")
L 04/08/2022 - 18:13:49: [basecommands.smx] "Console<0><Console><Console>" changed cvar (cvar "sv_maxunlag") (value "0.1")
L 04/08/2022 - 18:13:49: [basecommands.smx] "Console<0><Console><Console>" changed cvar (cvar "net_maxcleartime") (value "0.001")
L 04/08/2022 - 18:13:49: [basecommands.smx] "Console<0><Console><Console>" changed cvar (cvar "net_minroutable") (value "1000")
L 04/08/2022 - 18:13:49: [basecommands.smx] "Console<0><Console><Console>" changed cvar (cvar "net_compresspackets") (value "0")
L 04/08/2022 - 18:13:49: [basecommands.smx] "Console<0><Console><Console>" changed cvar (cvar "g_ragdoll_important_maxcount") (value "1")
L 04/08/2022 - 18:13:49: [basecommands.smx] "Console<0><Console><Console>" changed cvar (cvar "g_ragdoll_maxcount") (value "1")
L 04/08/2022 - 18:13:49: [basecommands.smx] "Console<0><Console><Console>" changed cvar (cvar "phys_enable_experimental_optimizations") (value "1")
L 04/08/2022 - 18:13:49: [basecommands.smx] "Console<0><Console><Console>" changed cvar (cvar "prop_active_gib_limit") (value "1")
L 04/08/2022 - 18:13:49: [basecommands.smx] "Console<0><Console><Console>" changed cvar (cvar "prop_active_gib_max_fade_time") (value "1")
L 04/08/2022 - 18:13:49: [basecommands.smx] "Console<0><Console><Console>" changed cvar (cvar "sv_turbophysics") (value "0")
L 04/08/2022 - 18:13:49: [basecommands.smx] "Console<0><Console><Console>" changed cvar (cvar "fps_max") (value "0")
L 04/08/2022 - 18:13:49: [basecommands.smx] "Console<0><Console><Console>" changed cvar (cvar "host_framerate") (value "0")
L 04/08/2022 - 18:13:49: [basecommands.smx] "Console<0><Console><Console>" changed cvar (cvar "pvs_min_player_distance") (value "1")
L 04/08/2022 - 18:13:49: [basecommands.smx] "Console<0><Console><Console>" changed cvar (cvar "sv_alternateticks") (value "1")
L 04/08/2022 - 18:13:49: [basecommands.smx] "Console<0><Console><Console>" changed cvar (cvar "sv_force_transmit_ents") (value "0")
L 04/08/2022 - 18:13:49: [basecommands.smx] "Console<0><Console><Console>" changed cvar (cvar "sv_force_transmit_players") (value "0")
L 04/08/2022 - 18:13:49: [basecommands.smx] "Console<0><Console><Console>" changed cvar (cvar "sv_forcepreload") (value "1")
L 04/08/2022 - 18:13:49: [basecommands.smx] "Console<0><Console><Console>" changed cvar (cvar "sv_stats") (value "0")
L 04/08/2022 - 18:13:49: [basecommands.smx] "Console<0><Console><Console>" changed cvar (cvar "sv_parallel_packentities") (value "0")
L 04/08/2022 - 18:13:49: [basecommands.smx] "Console<0><Console><Console>" changed cvar (cvar "sv_multiplayer_maxtempentities") (value "1")
L 04/08/2022 - 18:13:49: [basecommands.smx] "Console<0><Console><Console>" changed cvar (cvar "sv_occlude_players") (value "0")
L 04/08/2022 - 18:13:49: [basecommands.smx] "Console<0><Console><Console>" changed cvar (cvar "pvs_min_player_distance") (value "1700")
L 04/08/2022 - 18:13:49: [basecommands.smx] "Console<0><Console><Console>" changed cvar (cvar "occlusion_test_async") (value "1")
L 04/08/2022 - 18:13:49: [basecommands.smx] "Console<0><Console><Console>" changed cvar (cvar "host_threaded_sound") (value "1")
L 04/08/2022 - 18:13:49: [basecommands.smx] "Console<0><Console><Console>" changed cvar (cvar "sv_threaded_init") (value "1")
L 04/08/2022 - 18:13:49: [basecommands.smx] "Console<0><Console><Console>" changed cvar (cvar "mod_load_anims_async") (value "1")
L 04/08/2022 - 18:13:49: [basecommands.smx] "Console<0><Console><Console>" changed cvar (cvar "mod_load_mesh_async") (value "1")
L 04/08/2022 - 18:13:49: [basecommands.smx] "Console<0><Console><Console>" changed cvar (cvar "mod_load_vcollide_async") (value "1")
L 04/08/2022 - 18:13:49: [basecommands.smx] "Console<0><Console><Console>" changed cvar (cvar "vprof_server_thread") (value "1")
L 04/08/2022 - 18:13:49: [basecommands.smx] "Console<0><Console><Console>" changed cvar (cvar "g_ai_threadedgraphbuild") (value "1")
L 04/08/2022 - 18:13:49: [basecommands.smx] "Console<0><Console><Console>" changed cvar (cvar "pvs_min_player_distance") (value "3000")
L 04/08/2022 - 18:14:04: Log file closed.
L 04/08/2022 - 18:14:35: SourceMod log file session started (file "/home/client4775/service5731/csgo/csgo/addons/sourcemod/logs/L20220408.log") (Version "1.10.0.6528")
L 04/08/2022 - 18:14:35: [GEOIP] GeoIP database info: GEO-106FREE 20180327 Build 1 Copyright (c) 2018 MaxMind Inc All Rights Reserved
L 04/08/2022 - 18:14:36: [simple-chatprocessor.smx] [SCP] Recognized mod [Counter-Strike: GO].
L 04/08/2022 - 18:14:36: [simple-chatprocessor.smx] [SCP] Loading translation file [scp.csgo.phrases].
L 04/08/2022 - 19:17:58: -------- Mapchange to de_dust --------
L 04/08/2022 - 19:17:58: [mapchooser_extended.smx] Loaded map list for csgo.
L 04/08/2022 - 19:17:58: [basecommands.smx] "Console<0><Console><Console>" changed cvar (cvar "sv_hibernate_ms") (value "0")
L 04/08/2022 - 19:17:58: [basecommands.smx] "Console<0><Console><Console>" changed cvar (cvar "sv_hibernate_ms_vgui") (value "0")
L 04/08/2022 - 19:17:58: [basecommands.smx] "Console<0><Console><Console>" changed cvar (cvar "sv_hibernate_postgame_delay") (value "0")
L 04/08/2022 - 19:17:58: [basecommands.smx] "Console<0><Console><Console>" changed cvar (cvar "sv_hibernate_when_empty") (value "0")
L 04/08/2022 - 19:17:58: [basecommands.smx] "Console<0><Console><Console>" changed cvar (cvar "sv_parallel_sendsnapshot") (value "0")
L 04/08/2022 - 19:17:58: [basecommands.smx] "Console<0><Console><Console>" changed cvar (cvar "sv_enable_delta_packing") (value "1")
L 04/08/2022 - 19:17:58: [basecommands.smx] "Console<0><Console><Console>" changed cvar (cvar "sv_maxunlag") (value "0.1")
L 04/08/2022 - 19:17:58: [basecommands.smx] "Console<0><Console><Console>" changed cvar (cvar "net_maxcleartime") (value "0.001")
L 04/08/2022 - 19:17:58: [basecommands.smx] "Console<0><Console><Console>" changed cvar (cvar "net_minroutable") (value "1000")
L 04/08/2022 - 19:17:58: [basecommands.smx] "Console<0><Console><Console>" changed cvar (cvar "net_compresspackets") (value "0")
L 04/08/2022 - 19:17:58: [basecommands.smx] "Console<0><Console><Console>" changed cvar (cvar "g_ragdoll_important_maxcount") (value "1")
L 04/08/2022 - 19:17:58: [basecommands.smx] "Console<0><Console><Console>" changed cvar (cvar "g_ragdoll_maxcount") (value "1")
L 04/08/2022 - 19:17:58: [basecommands.smx] "Console<0><Console><Console>" changed cvar (cvar "phys_enable_experimental_optimizations") (value "1")
L 04/08/2022 - 19:17:58: [basecommands.smx] "Console<0><Console><Console>" changed cvar (cvar "prop_active_gib_limit") (value "1")
L 04/08/2022 - 19:17:58: [basecommands.smx] "Console<0><Console><Console>" changed cvar (cvar "prop_active_gib_max_fade_time") (value "1")
L 04/08/2022 - 19:17:58: [basecommands.smx] "Console<0><Console><Console>" changed cvar (cvar "sv_turbophysics") (value "0")
L 04/08/2022 - 19:17:58: [basecommands.smx] "Console<0><Console><Console>" changed cvar (cvar "fps_max") (value "0")
L 04/08/2022 - 19:17:58: [basecommands.smx] "Console<0><Console><Console>" changed cvar (cvar "host_framerate") (value "0")
L 04/08/2022 - 19:17:58: [basecommands.smx] "Console<0><Console><Console>" changed cvar (cvar "pvs_min_player_distance") (value "1")
L 04/08/2022 - 19:17:58: [basecommands.smx] "Console<0><Console><Console>" changed cvar (cvar "sv_alternateticks") (value "1")
L 04/08/2022 - 19:17:58: [basecommands.smx] "Console<0><Console><Console>" changed cvar (cvar "sv_force_transmit_ents") (value "0")
L 04/08/2022 - 19:17:58: [basecommands.smx] "Console<0><Console><Console>" changed cvar (cvar "sv_force_transmit_players") (value "0")
L 04/08/2022 - 19:17:58: [basecommands.smx] "Console<0><Console><Console>" changed cvar (cvar "sv_forcepreload") (value "1")
L 04/08/2022 - 19:17:58: [basecommands.smx] "Console<0><Console><Console>" changed cvar (cvar "sv_stats") (value "0")
L 04/08/2022 - 19:17:58: [basecommands.smx] "Console<0><Console><Console>" changed cvar (cvar "sv_parallel_packentities") (value "0")
L 04/08/2022 - 19:17:58: [basecommands.smx] "Console<0><Console><Console>" changed cvar (cvar "sv_multiplayer_maxtempentities") (value "1")
L 04/08/2022 - 19:17:58: [basecommands.smx] "Console<0><Console><Console>" changed cvar (cvar "sv_occlude_players") (value "0")
L 04/08/2022 - 19:17:58: [basecommands.smx] "Console<0><Console><Console>" changed cvar (cvar "pvs_min_player_distance") (value "1700")
L 04/08/2022 - 19:17:58: [basecommands.smx] "Console<0><Console><Console>" changed cvar (cvar "occlusion_test_async") (value "1")
L 04/08/2022 - 19:17:58: [basecommands.smx] "Console<0><Console><Console>" changed cvar (cvar "host_threaded_sound") (value "1")
L 04/08/2022 - 19:17:58: [basecommands.smx] "Console<0><Console><Console>" changed cvar (cvar "sv_threaded_init") (value "1")
L 04/08/2022 - 19:17:58: [basecommands.smx] "Console<0><Console><Console>" changed cvar (cvar "mod_load_anims_async") (value "1")
L 04/08/2022 - 19:17:58: [basecommands.smx] "Console<0><Console><Console>" changed cvar (cvar "mod_load_mesh_async") (value "1")
L 04/08/2022 - 19:17:58: [basecommands.smx] "Console<0><Console><Console>" changed cvar (cvar "mod_load_vcollide_async") (value "1")
L 04/08/2022 - 19:17:58: [basecommands.smx] "Console<0><Console><Console>" changed cvar (cvar "vprof_server_thread") (value "1")
L 04/08/2022 - 19:17:58: [basecommands.smx] "Console<0><Console><Console>" changed cvar (cvar "g_ai_threadedgraphbuild") (value "1")
L 04/08/2022 - 19:17:58: [basecommands.smx] "Console<0><Console><Console>" changed cvar (cvar "pvs_min_player_distance") (value "3000")
L 04/08/2022 - 19:18:13: Log file closed.
L 04/08/2022 - 19:18:35: SourceMod log file session started (file "/home/client4775/service5731/csgo/csgo/addons/sourcemod/logs/L20220408.log") (Version "1.10.0.6528")
L 04/08/2022 - 19:18:35: [GEOIP] GeoIP database info: GEO-106FREE 20180327 Build 1 Copyright (c) 2018 MaxMind Inc All Rights Reserved
L 04/08/2022 - 19:18:36: [simple-chatprocessor.smx] [SCP] Recognized mod [Counter-Strike: GO].
L 04/08/2022 - 19:18:36: [simple-chatprocessor.smx] [SCP] Loading translation file [scp.csgo.phrases].
L 04/08/2022 - 19:19:06: -------- Mapchange to de_dust --------
L 04/08/2022 - 19:19:06: [mapchooser_extended.smx] Loaded map list for csgo.
L 04/08/2022 - 19:19:06: [basecommands.smx] "Console<0><Console><Console>" changed cvar (cvar "sv_hibernate_ms") (value "0")
L 04/08/2022 - 19:19:06: [basecommands.smx] "Console<0><Console><Console>" changed cvar (cvar "sv_hibernate_ms_vgui") (value "0")
L 04/08/2022 - 19:19:06: [basecommands.smx] "Console<0><Console><Console>" changed cvar (cvar "sv_hibernate_postgame_delay") (value "0")
L 04/08/2022 - 19:19:06: [basecommands.smx] "Console<0><Console><Console>" changed cvar (cvar "sv_hibernate_when_empty") (value "0")
L 04/08/2022 - 19:19:06: [basecommands.smx] "Console<0><Console><Console>" changed cvar (cvar "sv_parallel_sendsnapshot") (value "0")
L 04/08/2022 - 19:19:06: [basecommands.smx] "Console<0><Console><Console>" changed cvar (cvar "sv_enable_delta_packing") (value "1")
L 04/08/2022 - 19:19:06: [basecommands.smx] "Console<0><Console><Console>" changed cvar (cvar "sv_maxunlag") (value "0.1")
L 04/08/2022 - 19:19:06: [basecommands.smx] "Console<0><Console><Console>" changed cvar (cvar "net_maxcleartime") (value "0.001")
L 04/08/2022 - 19:19:06: [basecommands.smx] "Console<0><Console><Console>" changed cvar (cvar "net_minroutable") (value "1000")
L 04/08/2022 - 19:19:06: [basecommands.smx] "Console<0><Console><Console>" changed cvar (cvar "net_compresspackets") (value "0")
L 04/08/2022 - 19:19:06: [basecommands.smx] "Console<0><Console><Console>" changed cvar (cvar "g_ragdoll_important_maxcount") (value "1")
L 04/08/2022 - 19:19:06: [basecommands.smx] "Console<0><Console><Console>" changed cvar (cvar "g_ragdoll_maxcount") (value "1")
L 04/08/2022 - 19:19:06: [basecommands.smx] "Console<0><Console><Console>" changed cvar (cvar "phys_enable_experimental_optimizations") (value "1")
L 04/08/2022 - 19:19:06: [basecommands.smx] "Console<0><Console><Console>" changed cvar (cvar "prop_active_gib_limit") (value "1")
L 04/08/2022 - 19:19:06: [basecommands.smx] "Console<0><Console><Console>" changed cvar (cvar "prop_active_gib_max_fade_time") (value "1")
L 04/08/2022 - 19:19:06: [basecommands.smx] "Console<0><Console><Console>" changed cvar (cvar "sv_turbophysics") (value "0")
L 04/08/2022 - 19:19:06: [basecommands.smx] "Console<0><Console><Console>" changed cvar (cvar "fps_max") (value "0")
L 04/08/2022 - 19:19:06: [basecommands.smx] "Console<0><Console><Console>" changed cvar (cvar "host_framerate") (value "0")
L 04/08/2022 - 19:19:06: [basecommands.smx] "Console<0><Console><Console>" changed cvar (cvar "pvs_min_player_distance") (value "1")
L 04/08/2022 - 19:19:06: [basecommands.smx] "Console<0><Console><Console>" changed cvar (cvar "sv_alternateticks") (value "1")
L 04/08/2022 - 19:19:06: [basecommands.smx] "Console<0><Console><Console>" changed cvar (cvar "sv_force_transmit_ents") (value "0")
L 04/08/2022 - 19:19:06: [basecommands.smx] "Console<0><Console><Console>" changed cvar (cvar "sv_force_transmit_players") (value "0")
L 04/08/2022 - 19:19:06: [basecommands.smx] "Console<0><Console><Console>" changed cvar (cvar "sv_forcepreload") (value "1")
L 04/08/2022 - 19:19:06: [basecommands.smx] "Console<0><Console><Console>" changed cvar (cvar "sv_stats") (value "0")
L 04/08/2022 - 19:19:06: [basecommands.smx] "Console<0><Console><Console>" changed cvar (cvar "sv_parallel_packentities") (value "0")
L 04/08/2022 - 19:19:06: [basecommands.smx] "Console<0><Console><Console>" changed cvar (cvar "sv_multiplayer_maxtempentities") (value "1")
L 04/08/2022 - 19:19:06: [basecommands.smx] "Console<0><Console><Console>" changed cvar (cvar "sv_occlude_players") (value "0")
L 04/08/2022 - 19:19:06: [basecommands.smx] "Console<0><Console><Console>" changed cvar (cvar "pvs_min_player_distance") (value "1700")
L 04/08/2022 - 19:19:06: [basecommands.smx] "Console<0><Console><Console>" changed cvar (cvar "occlusion_test_async") (value "1")
L 04/08/2022 - 19:19:06: [basecommands.smx] "Console<0><Console><Console>" changed cvar (cvar "host_threaded_sound") (value "1")
L 04/08/2022 - 19:19:06: [basecommands.smx] "Console<0><Console><Console>" changed cvar (cvar "sv_threaded_init") (value "1")
L 04/08/2022 - 19:19:06: [basecommands.smx] "Console<0><Console><Console>" changed cvar (cvar "mod_load_anims_async") (value "1")
L 04/08/2022 - 19:19:06: [basecommands.smx] "Console<0><Console><Console>" changed cvar (cvar "mod_load_mesh_async") (value "1")
L 04/08/2022 - 19:19:06: [basecommands.smx] "Console<0><Console><Console>" changed cvar (cvar "mod_load_vcollide_async") (value "1")
L 04/08/2022 - 19:19:06: [basecommands.smx] "Console<0><Console><Console>" changed cvar (cvar "vprof_server_thread") (value "1")
L 04/08/2022 - 19:19:06: [basecommands.smx] "Console<0><Console><Console>" changed cvar (cvar "g_ai_threadedgraphbuild") (value "1")
L 04/08/2022 - 19:19:06: [basecommands.smx] "Console<0><Console><Console>" changed cvar (cvar "pvs_min_player_distance") (value "3000")
L 04/08/2022 - 19:19:22: Log file closed.
L 04/08/2022 - 19:19:45: SourceMod log file session started (file "/home/client4775/service5731/csgo/csgo/addons/sourcemod/logs/L20220408.log") (Version "1.10.0.6528")
L 04/08/2022 - 19:19:45: [GEOIP] GeoIP database info: GEO-106FREE 20180327 Build 1 Copyright (c) 2018 MaxMind Inc All Rights Reserved
L 04/08/2022 - 19:19:46: [simple-chatprocessor.smx] [SCP] Recognized mod [Counter-Strike: GO].
L 04/08/2022 - 19:19:46: [simple-chatprocessor.smx] [SCP] Loading translation file [scp.csgo.phrases].
L 04/08/2022 - 19:22:15: -------- Mapchange to de_dust --------
L 04/08/2022 - 19:22:15: [basecommands.smx] "Console<0><Console><Console>" changed cvar (cvar "sv_hibernate_ms") (value "0")
L 04/08/2022 - 19:22:15: [basecommands.smx] "Console<0><Console><Console>" changed cvar (cvar "sv_hibernate_ms_vgui") (value "0")
L 04/08/2022 - 19:22:15: [basecommands.smx] "Console<0><Console><Console>" changed cvar (cvar "sv_hibernate_postgame_delay") (value "0")
L 04/08/2022 - 19:22:15: [basecommands.smx] "Console<0><Console><Console>" changed cvar (cvar "sv_hibernate_when_empty") (value "0")
L 04/08/2022 - 19:22:15: [basecommands.smx] "Console<0><Console><Console>" changed cvar (cvar "sv_parallel_sendsnapshot") (value "0")
L 04/08/2022 - 19:22:15: [basecommands.smx] "Console<0><Console><Console>" changed cvar (cvar "sv_enable_delta_packing") (value "1")
L 04/08/2022 - 19:22:15: [basecommands.smx] "Console<0><Console><Console>" changed cvar (cvar "sv_maxunlag") (value "0.1")
L 04/08/2022 - 19:22:15: [basecommands.smx] "Console<0><Console><Console>" changed cvar (cvar "net_maxcleartime") (value "0.001")
L 04/08/2022 - 19:22:15: [basecommands.smx] "Console<0><Console><Console>" changed cvar (cvar "net_minroutable") (value "1000")
L 04/08/2022 - 19:22:15: [basecommands.smx] "Console<0><Console><Console>" changed cvar (cvar "net_compresspackets") (value "0")
L 04/08/2022 - 19:22:15: [basecommands.smx] "Console<0><Console><Console>" changed cvar (cvar "g_ragdoll_important_maxcount") (value "1")
L 04/08/2022 - 19:22:15: [basecommands.smx] "Console<0><Console><Console>" changed cvar (cvar "g_ragdoll_maxcount") (value "1")
L 04/08/2022 - 19:22:15: [basecommands.smx] "Console<0><Console><Console>" changed cvar (cvar "phys_enable_experimental_optimizations") (value "1")
L 04/08/2022 - 19:22:15: [basecommands.smx] "Console<0><Console><Console>" changed cvar (cvar "prop_active_gib_limit") (value "1")
L 04/08/2022 - 19:22:15: [basecommands.smx] "Console<0><Console><Console>" changed cvar (cvar "prop_active_gib_max_fade_time") (value "1")
L 04/08/2022 - 19:22:15: [basecommands.smx] "Console<0><Console><Console>" changed cvar (cvar "sv_turbophysics") (value "0")
L 04/08/2022 - 19:22:15: [basecommands.smx] "Console<0><Console><Console>" changed cvar (cvar "fps_max") (value "0")
L 04/08/2022 - 19:22:15: [basecommands.smx] "Console<0><Console><Console>" changed cvar (cvar "host_framerate") (value "0")
L 04/08/2022 - 19:22:15: [basecommands.smx] "Console<0><Console><Console>" changed cvar (cvar "pvs_min_player_distance") (value "1")
L 04/08/2022 - 19:22:15: [basecommands.smx] "Console<0><Console><Console>" changed cvar (cvar "sv_alternateticks") (value "1")
L 04/08/2022 - 19:22:15: [basecommands.smx] "Console<0><Console><Console>" changed cvar (cvar "sv_force_transmit_ents") (value "0")
L 04/08/2022 - 19:22:15: [basecommands.smx] "Console<0><Console><Console>" changed cvar (cvar "sv_force_transmit_players") (value "0")
L 04/08/2022 - 19:22:15: [basecommands.smx] "Console<0><Console><Console>" changed cvar (cvar "sv_forcepreload") (value "1")
L 04/08/2022 - 19:22:15: [basecommands.smx] "Console<0><Console><Console>" changed cvar (cvar "sv_stats") (value "0")
L 04/08/2022 - 19:22:15: [basecommands.smx] "Console<0><Console><Console>" changed cvar (cvar "sv_parallel_packentities") (value "0")
L 04/08/2022 - 19:22:15: [basecommands.smx] "Console<0><Console><Console>" changed cvar (cvar "sv_multiplayer_maxtempentities") (value "1")
L 04/08/2022 - 19:22:15: [basecommands.smx] "Console<0><Console><Console>" changed cvar (cvar "sv_occlude_players") (value "0")
L 04/08/2022 - 19:22:15: [basecommands.smx] "Console<0><Console><Console>" changed cvar (cvar "pvs_min_player_distance") (value "1700")
L 04/08/2022 - 19:22:15: [basecommands.smx] "Console<0><Console><Console>" changed cvar (cvar "occlusion_test_async") (value "1")
L 04/08/2022 - 19:22:15: [basecommands.smx] "Console<0><Console><Console>" changed cvar (cvar "host_threaded_sound") (value "1")
L 04/08/2022 - 19:22:15: [basecommands.smx] "Console<0><Console><Console>" changed cvar (cvar "sv_threaded_init") (value "1")
L 04/08/2022 - 19:22:15: [basecommands.smx] "Console<0><Console><Console>" changed cvar (cvar "mod_load_anims_async") (value "1")
L 04/08/2022 - 19:22:15: [basecommands.smx] "Console<0><Console><Console>" changed cvar (cvar "mod_load_mesh_async") (value "1")
L 04/08/2022 - 19:22:15: [basecommands.smx] "Console<0><Console><Console>" changed cvar (cvar "mod_load_vcollide_async") (value "1")
L 04/08/2022 - 19:22:15: [basecommands.smx] "Console<0><Console><Console>" changed cvar (cvar "vprof_server_thread") (value "1")
L 04/08/2022 - 19:22:15: [basecommands.smx] "Console<0><Console><Console>" changed cvar (cvar "g_ai_threadedgraphbuild") (value "1")
L 04/08/2022 - 19:22:15: [basecommands.smx] "Console<0><Console><Console>" changed cvar (cvar "pvs_min_player_distance") (value "3000")
L 04/08/2022 - 19:22:20: [mapchooser_extended.smx] Loaded map list for csgo.
L 04/08/2022 - 19:22:31: Log file closed.
L 04/08/2022 - 19:22:52: SourceMod log file session started (file "/home/client4775/service5731/csgo/csgo/addons/sourcemod/logs/L20220408.log") (Version "1.10.0.6528")
L 04/08/2022 - 19:22:52: [GEOIP] GeoIP database info: GEO-106FREE 20180327 Build 1 Copyright (c) 2018 MaxMind Inc All Rights Reserved
L 04/08/2022 - 19:22:53: [simple-chatprocessor.smx] [SCP] Recognized mod [Counter-Strike: GO].
L 04/08/2022 - 19:22:53: [simple-chatprocessor.smx] [SCP] Loading translation file [scp.csgo.phrases].
L 04/08/2022 - 19:30:55: SourceMod log file session started (file "/home/client4775/service5731/csgo/csgo/addons/sourcemod/logs/L20220408.log") (Version "1.10.0.6528")
L 04/08/2022 - 19:30:55: [GEOIP] GeoIP database info: GEO-106FREE 20180327 Build 1 Copyright (c) 2018 MaxMind Inc All Rights Reserved
L 04/08/2022 - 19:30:55: [simple-chatprocessor.smx] [SCP] Recognized mod [Counter-Strike: GO].
L 04/08/2022 - 19:30:55: [simple-chatprocessor.smx] [SCP] Loading translation file [scp.csgo.phrases].
L 04/08/2022 - 19:32:49: -------- Mapchange to de_dust --------
L 04/08/2022 - 19:32:49: [mapchooser_extended.smx] Loaded map list for csgo.
L 04/08/2022 - 19:32:49: [basecommands.smx] "Console<0><Console><Console>" changed cvar (cvar "sv_hibernate_ms") (value "0")
L 04/08/2022 - 19:32:49: [basecommands.smx] "Console<0><Console><Console>" changed cvar (cvar "sv_hibernate_ms_vgui") (value "0")
L 04/08/2022 - 19:32:49: [basecommands.smx] "Console<0><Console><Console>" changed cvar (cvar "sv_hibernate_postgame_delay") (value "0")
L 04/08/2022 - 19:32:49: [basecommands.smx] "Console<0><Console><Console>" changed cvar (cvar "sv_hibernate_when_empty") (value "0")
L 04/08/2022 - 19:32:49: [basecommands.smx] "Console<0><Console><Console>" changed cvar (cvar "sv_parallel_sendsnapshot") (value "0")
L 04/08/2022 - 19:32:49: [basecommands.smx] "Console<0><Console><Console>" changed cvar (cvar "sv_enable_delta_packing") (value "1")
L 04/08/2022 - 19:32:49: [basecommands.smx] "Console<0><Console><Console>" changed cvar (cvar "sv_maxunlag") (value "0.1")
L 04/08/2022 - 19:32:49: [basecommands.smx] "Console<0><Console><Console>" changed cvar (cvar "net_maxcleartime") (value "0.001")
L 04/08/2022 - 19:32:49: [basecommands.smx] "Console<0><Console><Console>" changed cvar (cvar "net_minroutable") (value "1000")
L 04/08/2022 - 19:32:49: [basecommands.smx] "Console<0><Console><Console>" changed cvar (cvar "net_compresspackets") (value "0")
L 04/08/2022 - 19:32:49: [basecommands.smx] "Console<0><Console><Console>" changed cvar (cvar "g_ragdoll_important_maxcount") (value "1")
L 04/08/2022 - 19:32:49: [basecommands.smx] "Console<0><Console><Console>" changed cvar (cvar "g_ragdoll_maxcount") (value "1")
L 04/08/2022 - 19:32:49: [basecommands.smx] "Console<0><Console><Console>" changed cvar (cvar "phys_enable_experimental_optimizations") (value "1")
L 04/08/2022 - 19:32:49: [basecommands.smx] "Console<0><Console><Console>" changed cvar (cvar "prop_active_gib_limit") (value "1")
L 04/08/2022 - 19:32:49: [basecommands.smx] "Console<0><Console><Console>" changed cvar (cvar "prop_active_gib_max_fade_time") (value "1")
L 04/08/2022 - 19:32:49: [basecommands.smx] "Console<0><Console><Console>" changed cvar (cvar "sv_turbophysics") (value "0")
L 04/08/2022 - 19:32:49: [basecommands.smx] "Console<0><Console><Console>" changed cvar (cvar "fps_max") (value "0")
L 04/08/2022 - 19:32:49: [basecommands.smx] "Console<0><Console><Console>" changed cvar (cvar "host_framerate") (value "0")
L 04/08/2022 - 19:32:49: [basecommands.smx] "Console<0><Console><Console>" changed cvar (cvar "pvs_min_player_distance") (value "1")
L 04/08/2022 - 19:32:49: [basecommands.smx] "Console<0><Console><Console>" changed cvar (cvar "sv_alternateticks") (value "1")
L 04/08/2022 - 19:32:49: [basecommands.smx] "Console<0><Console><Console>" changed cvar (cvar "sv_force_transmit_ents") (value "0")
L 04/08/2022 - 19:32:49: [basecommands.smx] "Console<0><Console><Console>" changed cvar (cvar "sv_force_transmit_players") (value "0")
L 04/08/2022 - 19:32:49: [basecommands.smx] "Console<0><Console><Console>" changed cvar (cvar "sv_forcepreload") (value "1")
L 04/08/2022 - 19:32:49: [basecommands.smx] "Console<0><Console><Console>" changed cvar (cvar "sv_stats") (value "0")
L 04/08/2022 - 19:32:49: [basecommands.smx] "Console<0><Console><Console>" changed cvar (cvar "sv_parallel_packentities") (value "0")
L 04/08/2022 - 19:32:49: [basecommands.smx] "Console<0><Console><Console>" changed cvar (cvar "sv_multiplayer_maxtempentities") (value "1")
L 04/08/2022 - 19:32:49: [basecommands.smx] "Console<0><Console><Console>" changed cvar (cvar "sv_occlude_players") (value "0")
L 04/08/2022 - 19:32:49: [basecommands.smx] "Console<0><Console><Console>" changed cvar (cvar "pvs_min_player_distance") (value "1700")
L 04/08/2022 - 19:32:49: [basecommands.smx] "Console<0><Console><Console>" changed cvar (cvar "occlusion_test_async") (value "1")
L 04/08/2022 - 19:32:49: [basecommands.smx] "Console<0><Console><Console>" changed cvar (cvar "host_threaded_sound") (value "1")
L 04/08/2022 - 19:32:49: [basecommands.smx] "Console<0><Console><Console>" changed cvar (cvar "sv_threaded_init") (value "1")
L 04/08/2022 - 19:32:49: [basecommands.smx] "Console<0><Console><Console>" changed cvar (cvar "mod_load_anims_async") (value "1")
L 04/08/2022 - 19:32:49: [basecommands.smx] "Console<0><Console><Console>" changed cvar (cvar "mod_load_mesh_async") (value "1")
L 04/08/2022 - 19:32:49: [basecommands.smx] "Console<0><Console><Console>" changed cvar (cvar "mod_load_vcollide_async") (value "1")
L 04/08/2022 - 19:32:49: [basecommands.smx] "Console<0><Console><Console>" changed cvar (cvar "vprof_server_thread") (value "1")
L 04/08/2022 - 19:32:49: [basecommands.smx] "Console<0><Console><Console>" changed cvar (cvar "g_ai_threadedgraphbuild") (value "1")
L 04/08/2022 - 19:32:49: [basecommands.smx] "Console<0><Console><Console>" changed cvar (cvar "pvs_min_player_distance") (value "3000")
L 04/08/2022 - 19:33:04: Log file closed.
L 04/08/2022 - 19:35:24: SourceMod log file session started (file "/home/client4775/service5731/csgo/csgo/addons/sourcemod/logs/L20220408.log") (Version "1.10.0.6528")
L 04/08/2022 - 19:35:24: [GEOIP] GeoIP database info: GEO-106FREE 20180327 Build 1 Copyright (c) 2018 MaxMind Inc All Rights Reserved
L 04/08/2022 - 19:35:25: [simple-chatprocessor.smx] [SCP] Recognized mod [Counter-Strike: GO].
L 04/08/2022 - 19:35:25: [simple-chatprocessor.smx] [SCP] Loading translation file [scp.csgo.phrases].
L 04/08/2022 - 19:35:38: -------- Mapchange to de_dust --------
L 04/08/2022 - 19:35:38: [mapchooser_extended.smx] Loaded map list for csgo.
L 04/08/2022 - 19:35:38: [basecommands.smx] "Console<0><Console><Console>" changed cvar (cvar "sv_hibernate_ms") (value "0")
L 04/08/2022 - 19:35:38: [basecommands.smx] "Console<0><Console><Console>" changed cvar (cvar "sv_hibernate_ms_vgui") (value "0")
L 04/08/2022 - 19:35:38: [basecommands.smx] "Console<0><Console><Console>" changed cvar (cvar "sv_hibernate_postgame_delay") (value "0")
L 04/08/2022 - 19:35:38: [basecommands.smx] "Console<0><Console><Console>" changed cvar (cvar "sv_hibernate_when_empty") (value "0")
L 04/08/2022 - 19:35:38: [basecommands.smx] "Console<0><Console><Console>" changed cvar (cvar "sv_parallel_sendsnapshot") (value "0")
L 04/08/2022 - 19:35:38: [basecommands.smx] "Console<0><Console><Console>" changed cvar (cvar "sv_enable_delta_packing") (value "1")
L 04/08/2022 - 19:35:38: [basecommands.smx] "Console<0><Console><Console>" changed cvar (cvar "sv_maxunlag") (value "0.1")
L 04/08/2022 - 19:35:38: [basecommands.smx] "Console<0><Console><Console>" changed cvar (cvar "net_maxcleartime") (value "0.001")
L 04/08/2022 - 19:35:38: [basecommands.smx] "Console<0><Console><Console>" changed cvar (cvar "net_minroutable") (value "1000")
L 04/08/2022 - 19:35:38: [basecommands.smx] "Console<0><Console><Console>" changed cvar (cvar "net_compresspackets") (value "0")
L 04/08/2022 - 19:35:38: [basecommands.smx] "Console<0><Console><Console>" changed cvar (cvar "g_ragdoll_important_maxcount") (value "1")
L 04/08/2022 - 19:35:38: [basecommands.smx] "Console<0><Console><Console>" changed cvar (cvar "g_ragdoll_maxcount") (value "1")
L 04/08/2022 - 19:35:38: [basecommands.smx] "Console<0><Console><Console>" changed cvar (cvar "phys_enable_experimental_optimizations") (value "1")
L 04/08/2022 - 19:35:38: [basecommands.smx] "Console<0><Console><Console>" changed cvar (cvar "prop_active_gib_limit") (value "1")
L 04/08/2022 - 19:35:38: [basecommands.smx] "Console<0><Console><Console>" changed cvar (cvar "prop_active_gib_max_fade_time") (value "1")
L 04/08/2022 - 19:35:38: [basecommands.smx] "Console<0><Console><Console>" changed cvar (cvar "sv_turbophysics") (value "0")
L 04/08/2022 - 19:35:38: [basecommands.smx] "Console<0><Console><Console>" changed cvar (cvar "fps_max") (value "0")
L 04/08/2022 - 19:35:38: [basecommands.smx] "Console<0><Console><Console>" changed cvar (cvar "host_framerate") (value "0")
L 04/08/2022 - 19:35:38: [basecommands.smx] "Console<0><Console><Console>" changed cvar (cvar "pvs_min_player_distance") (value "1")
L 04/08/2022 - 19:35:38: [basecommands.smx] "Console<0><Console><Console>" changed cvar (cvar "sv_alternateticks") (value "1")
L 04/08/2022 - 19:35:38: [basecommands.smx] "Console<0><Console><Console>" changed cvar (cvar "sv_force_transmit_ents") (value "0")
L 04/08/2022 - 19:35:38: [basecommands.smx] "Console<0><Console><Console>" changed cvar (cvar "sv_force_transmit_players") (value "0")
L 04/08/2022 - 19:35:38: [basecommands.smx] "Console<0><Console><Console>" changed cvar (cvar "sv_forcepreload") (value "1")
L 04/08/2022 - 19:35:38: [basecommands.smx] "Console<0><Console><Console>" changed cvar (cvar "sv_stats") (value "0")
L 04/08/2022 - 19:35:38: [basecommands.smx] "Console<0><Console><Console>" changed cvar (cvar "sv_parallel_packentities") (value "0")
L 04/08/2022 - 19:35:38: [basecommands.smx] "Console<0><Console><Console>" changed cvar (cvar "sv_multiplayer_maxtempentities") (value "1")
L 04/08/2022 - 19:35:38: [basecommands.smx] "Console<0><Console><Console>" changed cvar (cvar "sv_occlude_players") (value "0")
L 04/08/2022 - 19:35:38: [basecommands.smx] "Console<0><Console><Console>" changed cvar (cvar "pvs_min_player_distance") (value "1700")
L 04/08/2022 - 19:35:38: [basecommands.smx] "Console<0><Console><Console>" changed cvar (cvar "occlusion_test_async") (value "1")
L 04/08/2022 - 19:35:38: [basecommands.smx] "Console<0><Console><Console>" changed cvar (cvar "host_threaded_sound") (value "1")
L 04/08/2022 - 19:35:38: [basecommands.smx] "Console<0><Console><Console>" changed cvar (cvar "sv_threaded_init") (value "1")
L 04/08/2022 - 19:35:38: [basecommands.smx] "Console<0><Console><Console>" changed cvar (cvar "mod_load_anims_async") (value "1")
L 04/08/2022 - 19:35:38: [basecommands.smx] "Console<0><Console><Console>" changed cvar (cvar "mod_load_mesh_async") (value "1")
L 04/08/2022 - 19:35:38: [basecommands.smx] "Console<0><Console><Console>" changed cvar (cvar "mod_load_vcollide_async") (value "1")
L 04/08/2022 - 19:35:38: [basecommands.smx] "Console<0><Console><Console>" changed cvar (cvar "vprof_server_thread") (value "1")
L 04/08/2022 - 19:35:38: [basecommands.smx] "Console<0><Console><Console>" changed cvar (cvar "g_ai_threadedgraphbuild") (value "1")
L 04/08/2022 - 19:35:38: [basecommands.smx] "Console<0><Console><Console>" changed cvar (cvar "pvs_min_player_distance") (value "3000")
L 04/08/2022 - 19:40:34: -------- Mapchange to de_dust --------
L 04/08/2022 - 19:40:34: [basecommands.smx] "Console<0><Console><Console>" changed cvar (cvar "sv_hibernate_ms") (value "0")
L 04/08/2022 - 19:40:34: [basecommands.smx] "Console<0><Console><Console>" changed cvar (cvar "sv_hibernate_ms_vgui") (value "0")
L 04/08/2022 - 19:40:34: [basecommands.smx] "Console<0><Console><Console>" changed cvar (cvar "sv_hibernate_postgame_delay") (value "0")
L 04/08/2022 - 19:40:34: [basecommands.smx] "Console<0><Console><Console>" changed cvar (cvar "sv_hibernate_when_empty") (value "0")
L 04/08/2022 - 19:40:34: [basecommands.smx] "Console<0><Console><Console>" changed cvar (cvar "sv_parallel_sendsnapshot") (value "0")
L 04/08/2022 - 19:40:34: [basecommands.smx] "Console<0><Console><Console>" changed cvar (cvar "sv_enable_delta_packing") (value "1")
L 04/08/2022 - 19:40:34: [basecommands.smx] "Console<0><Console><Console>" changed cvar (cvar "sv_maxunlag") (value "0.1")
L 04/08/2022 - 19:40:34: [basecommands.smx] "Console<0><Console><Console>" changed cvar (cvar "net_maxcleartime") (value "0.001")
L 04/08/2022 - 19:40:34: [basecommands.smx] "Console<0><Console><Console>" changed cvar (cvar "net_minroutable") (value "1000")
L 04/08/2022 - 19:40:34: [basecommands.smx] "Console<0><Console><Console>" changed cvar (cvar "net_compresspackets") (value "0")
L 04/08/2022 - 19:40:34: [basecommands.smx] "Console<0><Console><Console>" changed cvar (cvar "g_ragdoll_important_maxcount") (value "1")
L 04/08/2022 - 19:40:34: [basecommands.smx] "Console<0><Console><Console>" changed cvar (cvar "g_ragdoll_maxcount") (value "1")
L 04/08/2022 - 19:40:34: [basecommands.smx] "Console<0><Console><Console>" changed cvar (cvar "phys_enable_experimental_optimizations") (value "1")
L 04/08/2022 - 19:40:34: [basecommands.smx] "Console<0><Console><Console>" changed cvar (cvar "prop_active_gib_limit") (value "1")
L 04/08/2022 - 19:40:34: [basecommands.smx] "Console<0><Console><Console>" changed cvar (cvar "prop_active_gib_max_fade_time") (value "1")
L 04/08/2022 - 19:40:34: [basecommands.smx] "Console<0><Console><Console>" changed cvar (cvar "sv_turbophysics") (value "0")
L 04/08/2022 - 19:40:34: [basecommands.smx] "Console<0><Console><Console>" changed cvar (cvar "fps_max") (value "0")
L 04/08/2022 - 19:40:34: [basecommands.smx] "Console<0><Console><Console>" changed cvar (cvar "host_framerate") (value "0")
L 04/08/2022 - 19:40:34: [basecommands.smx] "Console<0><Console><Console>" changed cvar (cvar "pvs_min_player_distance") (value "1")
L 04/08/2022 - 19:40:34: [basecommands.smx] "Console<0><Console><Console>" changed cvar (cvar "sv_alternateticks") (value "1")
L 04/08/2022 - 19:40:34: [basecommands.smx] "Console<0><Console><Console>" changed cvar (cvar "sv_force_transmit_ents") (value "0")
L 04/08/2022 - 19:40:34: [basecommands.smx] "Console<0><Console><Console>" changed cvar (cvar "sv_force_transmit_players") (value "0")
L 04/08/2022 - 19:40:34: [basecommands.smx] "Console<0><Console><Console>" changed cvar (cvar "sv_forcepreload") (value "1")
L 04/08/2022 - 19:40:34: [basecommands.smx] "Console<0><Console><Console>" changed cvar (cvar "sv_stats") (value "0")
L 04/08/2022 - 19:40:34: [basecommands.smx] "Console<0><Console><Console>" changed cvar (cvar "sv_parallel_packentities") (value "0")
L 04/08/2022 - 19:40:34: [basecommands.smx] "Console<0><Console><Console>" changed cvar (cvar "sv_multiplayer_maxtempentities") (value "1")
L 04/08/2022 - 19:40:34: [basecommands.smx] "Console<0><Console><Console>" changed cvar (cvar "sv_occlude_players") (value "0")
L 04/08/2022 - 19:40:34: [basecommands.smx] "Console<0><Console><Console>" changed cvar (cvar "pvs_min_player_distance") (value "1700")
L 04/08/2022 - 19:40:34: [basecommands.smx] "Console<0><Console><Console>" changed cvar (cvar "occlusion_test_async") (value "1")
L 04/08/2022 - 19:40:34: [basecommands.smx] "Console<0><Console><Console>" changed cvar (cvar "host_threaded_sound") (value "1")
L 04/08/2022 - 19:40:34: [basecommands.smx] "Console<0><Console><Console>" changed cvar (cvar "sv_threaded_init") (value "1")
L 04/08/2022 - 19:40:34: [basecommands.smx] "Console<0><Console><Console>" changed cvar (cvar "mod_load_anims_async") (value "1")
L 04/08/2022 - 19:40:34: [basecommands.smx] "Console<0><Console><Console>" changed cvar (cvar "mod_load_mesh_async") (value "1")
L 04/08/2022 - 19:40:34: [basecommands.smx] "Console<0><Console><Console>" changed cvar (cvar "mod_load_vcollide_async") (value "1")
L 04/08/2022 - 19:40:34: [basecommands.smx] "Console<0><Console><Console>" changed cvar (cvar "vprof_server_thread") (value "1")
L 04/08/2022 - 19:40:34: [basecommands.smx] "Console<0><Console><Console>" changed cvar (cvar "g_ai_threadedgraphbuild") (value "1")
L 04/08/2022 - 19:40:34: [basecommands.smx] "Console<0><Console><Console>" changed cvar (cvar "pvs_min_player_distance") (value "3000")
L 04/08/2022 - 19:40:38: [mapchooser_extended.smx] Loaded map list for csgo.
L 04/08/2022 - 19:43:57: [basecommands.smx] "MUIE LU MA TA<4><STEAM_1:1:231069809><>" changed map to "de_mirage"
L 04/08/2022 - 19:44:00: [SM] Changed map to "de_mirage"
L 04/08/2022 - 19:44:02: -------- Mapchange to de_mirage --------
L 04/08/2022 - 19:44:02: [basecommands.smx] "Console<0><Console><Console>" changed cvar (cvar "sv_hibernate_ms") (value "0")
L 04/08/2022 - 19:44:02: [basecommands.smx] "Console<0><Console><Console>" changed cvar (cvar "sv_hibernate_ms_vgui") (value "0")
L 04/08/2022 - 19:44:02: [basecommands.smx] "Console<0><Console><Console>" changed cvar (cvar "sv_hibernate_postgame_delay") (value "0")
L 04/08/2022 - 19:44:02: [basecommands.smx] "Console<0><Console><Console>" changed cvar (cvar "sv_hibernate_when_empty") (value "0")
L 04/08/2022 - 19:44:02: [basecommands.smx] "Console<0><Console><Console>" changed cvar (cvar "sv_parallel_sendsnapshot") (value "0")
L 04/08/2022 - 19:44:02: [basecommands.smx] "Console<0><Console><Console>" changed cvar (cvar "sv_enable_delta_packing") (value "1")
L 04/08/2022 - 19:44:02: [basecommands.smx] "Console<0><Console><Console>" changed cvar (cvar "sv_maxunlag") (value "0.1")
L 04/08/2022 - 19:44:02: [basecommands.smx] "Console<0><Console><Console>" changed cvar (cvar "net_maxcleartime") (value "0.001")
L 04/08/2022 - 19:44:02: [basecommands.smx] "Console<0><Console><Console>" changed cvar (cvar "net_minroutable") (value "1000")
L 04/08/2022 - 19:44:02: [basecommands.smx] "Console<0><Console><Console>" changed cvar (cvar "net_compresspackets") (value "0")
L 04/08/2022 - 19:44:02: [basecommands.smx] "Console<0><Console><Console>" changed cvar (cvar "g_ragdoll_important_maxcount") (value "1")
L 04/08/2022 - 19:44:02: [basecommands.smx] "Console<0><Console><Console>" changed cvar (cvar "g_ragdoll_maxcount") (value "1")
L 04/08/2022 - 19:44:02: [basecommands.smx] "Console<0><Console><Console>" changed cvar (cvar "phys_enable_experimental_optimizations") (value "1")
L 04/08/2022 - 19:44:02: [basecommands.smx] "Console<0><Console><Console>" changed cvar (cvar "prop_active_gib_limit") (value "1")
L 04/08/2022 - 19:44:02: [basecommands.smx] "Console<0><Console><Console>" changed cvar (cvar "prop_active_gib_max_fade_time") (value "1")
L 04/08/2022 - 19:44:02: [basecommands.smx] "Console<0><Console><Console>" changed cvar (cvar "sv_turbophysics") (value "0")
L 04/08/2022 - 19:44:02: [basecommands.smx] "Console<0><Console><Console>" changed cvar (cvar "fps_max") (value "0")
L 04/08/2022 - 19:44:02: [basecommands.smx] "Console<0><Console><Console>" changed cvar (cvar "host_framerate") (value "0")
L 04/08/2022 - 19:44:02: [basecommands.smx] "Console<0><Console><Console>" changed cvar (cvar "pvs_min_player_distance") (value "1")
L 04/08/2022 - 19:44:02: [basecommands.smx] "Console<0><Console><Console>" changed cvar (cvar "sv_alternateticks") (value "1")
L 04/08/2022 - 19:44:02: [basecommands.smx] "Console<0><Console><Console>" changed cvar (cvar "sv_force_transmit_ents") (value "0")
L 04/08/2022 - 19:44:02: [basecommands.smx] "Console<0><Console><Console>" changed cvar (cvar "sv_force_transmit_players") (value "0")
L 04/08/2022 - 19:44:02: [basecommands.smx] "Console<0><Console><Console>" changed cvar (cvar "sv_forcepreload") (value "1")
L 04/08/2022 - 19:44:02: [basecommands.smx] "Console<0><Console><Console>" changed cvar (cvar "sv_stats") (value "0")
L 04/08/2022 - 19:44:02: [basecommands.smx] "Console<0><Console><Console>" changed cvar (cvar "sv_parallel_packentities") (value "0")
L 04/08/2022 - 19:44:02: [basecommands.smx] "Console<0><Console><Console>" changed cvar (cvar "sv_multiplayer_maxtempentities") (value "1")
L 04/08/2022 - 19:44:02: [basecommands.smx] "Console<0><Console><Console>" changed cvar (cvar "sv_occlude_players") (value "0")
L 04/08/2022 - 19:44:02: [basecommands.smx] "Console<0><Console><Console>" changed cvar (cvar "pvs_min_player_distance") (value "1700")
L 04/08/2022 - 19:44:02: [basecommands.smx] "Console<0><Console><Console>" changed cvar (cvar "occlusion_test_async") (value "1")
L 04/08/2022 - 19:44:02: [basecommands.smx] "Console<0><Console><Console>" changed cvar (cvar "host_threaded_sound") (value "1")
L 04/08/2022 - 19:44:02: [basecommands.smx] "Console<0><Console><Console>" changed cvar (cvar "sv_threaded_init") (value "1")
L 04/08/2022 - 19:44:02: [basecommands.smx] "Console<0><Console><Console>" changed cvar (cvar "mod_load_anims_async") (value "1")
L 04/08/2022 - 19:44:02: [basecommands.smx] "Console<0><Console><Console>" changed cvar (cvar "mod_load_mesh_async") (value "1")
L 04/08/2022 - 19:44:02: [basecommands.smx] "Console<0><Console><Console>" changed cvar (cvar "mod_load_vcollide_async") (value "1")
L 04/08/2022 - 19:44:02: [basecommands.smx] "Console<0><Console><Console>" changed cvar (cvar "vprof_server_thread") (value "1")
L 04/08/2022 - 19:44:02: [basecommands.smx] "Console<0><Console><Console>" changed cvar (cvar "g_ai_threadedgraphbuild") (value "1")
L 04/08/2022 - 19:44:02: [basecommands.smx] "Console<0><Console><Console>" changed cvar (cvar "pvs_min_player_distance") (value "3000")
L 04/08/2022 - 19:44:05: [mapchooser_extended.smx] Loaded map list for csgo.
L 04/08/2022 - 19:56:46: [playercommands.smx] "Serby-<6><STEAM_1:1:636507947><>" slapped "nu<8><STEAM_1:0:625971129><>" (damage "5")
L 04/08/2022 - 19:56:47: [playercommands.smx] "Serby-<6><STEAM_1:1:636507947><>" slapped "nu<8><STEAM_1:0:625971129><>" (damage "5")
L 04/08/2022 - 19:56:47: [playercommands.smx] "Serby-<6><STEAM_1:1:636507947><>" slapped "nu<8><STEAM_1:0:625971129><>" (damage "5")
L 04/08/2022 - 19:56:47: [playercommands.smx] "Serby-<6><STEAM_1:1:636507947><>" slapped "nu<8><STEAM_1:0:625971129><>" (damage "5")
L 04/08/2022 - 19:56:47: [playercommands.smx] "Serby-<6><STEAM_1:1:636507947><>" slapped "nu<8><STEAM_1:0:625971129><>" (damage "5")
L 04/08/2022 - 19:56:48: [playercommands.smx] "Serby-<6><STEAM_1:1:636507947><>" slapped "nu<8><STEAM_1:0:625971129><>" (damage "5")
L 04/08/2022 - 19:56:48: [playercommands.smx] "Serby-<6><STEAM_1:1:636507947><>" slapped "nu<8><STEAM_1:0:625971129><>" (damage "5")
L 04/08/2022 - 19:56:48: [playercommands.smx] "Serby-<6><STEAM_1:1:636507947><>" slapped "nu<8><STEAM_1:0:625971129><>" (damage "5")
L 04/08/2022 - 19:56:49: [playercommands.smx] "Serby-<6><STEAM_1:1:636507947><>" slapped "nu<8><STEAM_1:0:625971129><>" (damage "5")
L 04/08/2022 - 19:56:50: [playercommands.smx] "Serby-<6><STEAM_1:1:636507947><>" slapped "nu<8><STEAM_1:0:625971129><>" (damage "5")
L 04/08/2022 - 19:56:50: [playercommands.smx] "Serby-<6><STEAM_1:1:636507947><>" slapped "nu<8><STEAM_1:0:625971129><>" (damage "5")
L 04/08/2022 - 19:56:50: [playercommands.smx] "Serby-<6><STEAM_1:1:636507947><>" slapped "nu<8><STEAM_1:0:625971129><>" (damage "5")
L 04/08/2022 - 19:56:50: [playercommands.smx] "Serby-<6><STEAM_1:1:636507947><>" slapped "nu<8><STEAM_1:0:625971129><>" (damage "5")
L 04/08/2022 - 19:56:50: [playercommands.smx] "Serby-<6><STEAM_1:1:636507947><>" slapped "nu<8><STEAM_1:0:625971129><>" (damage "5")
L 04/08/2022 - 19:56:51: [playercommands.smx] "Serby-<6><STEAM_1:1:636507947><>" slapped "nu<8><STEAM_1:0:625971129><>" (damage "5")
L 04/08/2022 - 19:56:51: [playercommands.smx] "Serby-<6><STEAM_1:1:636507947><>" slapped "nu<8><STEAM_1:0:625971129><>" (damage "5")
L 04/08/2022 - 19:56:54: [playercommands.smx] "Serby-<6><STEAM_1:1:636507947><>" slapped "nu<8><STEAM_1:0:625971129><>" (damage "5")
L 04/08/2022 - 19:56:55: [playercommands.smx] "Serby-<6><STEAM_1:1:636507947><>" slapped "nu<8><STEAM_1:0:625971129><>" (damage "5")
L 04/08/2022 - 19:56:55: [playercommands.smx] "Serby-<6><STEAM_1:1:636507947><>" slapped "nu<8><STEAM_1:0:625971129><>" (damage "5")
L 04/08/2022 - 19:56:55: [playercommands.smx] "Serby-<6><STEAM_1:1:636507947><>" slapped "nu<8><STEAM_1:0:625971129><>" (damage "5")
L 04/08/2022 - 19:57:23: [funcommands.smx] "Serby-<6><STEAM_1:1:636507947><>" froze "MUIE LU MA TA<4><STEAM_1:1:231069809><>"
L 04/08/2022 - 20:00:50: [basecommands.smx] "MUIE LU MA TA<4><STEAM_1:1:231069809><>" refreshed the admin cache.
L 04/08/2022 - 20:01:13: [playercommands.smx] "Serby-<6><STEAM_1:1:636507947><>" renamed "nu<8><STEAM_1:0:625971129><>" (to "un")
L 04/08/2022 - 20:01:18: [playercommands.smx] "Serby-<6><STEAM_1:1:636507947><>" renamed "MUIE LU MA TA<4><STEAM_1:1:231069809><>" (to "M TLE LAMU ME")
L 04/08/2022 - 20:02:50: [mapchooser_extended.smx] Voting for next map has started.
L 04/08/2022 - 20:02:56: [mapchooser_extended.smx] Voting for next map has finished. Nextmap: cs_office.
L 04/08/2022 - 20:04:50: [SM] Changed map to "cs_office"
L 04/08/2022 - 20:04:52: -------- Mapchange to cs_office --------
L 04/08/2022 - 20:04:52: [basecommands.smx] "Console<0><Console><Console>" changed cvar (cvar "sv_hibernate_ms") (value "0")
L 04/08/2022 - 20:04:52: [basecommands.smx] "Console<0><Console><Console>" changed cvar (cvar "sv_hibernate_ms_vgui") (value "0")
L 04/08/2022 - 20:04:52: [basecommands.smx] "Console<0><Console><Console>" changed cvar (cvar "sv_hibernate_postgame_delay") (value "0")
L 04/08/2022 - 20:04:52: [basecommands.smx] "Console<0><Console><Console>" changed cvar (cvar "sv_hibernate_when_empty") (value "0")
L 04/08/2022 - 20:04:52: [basecommands.smx] "Console<0><Console><Console>" changed cvar (cvar "sv_parallel_sendsnapshot") (value "0")
L 04/08/2022 - 20:04:52: [basecommands.smx] "Console<0><Console><Console>" changed cvar (cvar "sv_enable_delta_packing") (value "1")
L 04/08/2022 - 20:04:52: [basecommands.smx] "Console<0><Console><Console>" changed cvar (cvar "sv_maxunlag") (value "0.1")
L 04/08/2022 - 20:04:52: [basecommands.smx] "Console<0><Console><Console>" changed cvar (cvar "net_maxcleartime") (value "0.001")
L 04/08/2022 - 20:04:52: [basecommands.smx] "Console<0><Console><Console>" changed cvar (cvar "net_minroutable") (value "1000")
L 04/08/2022 - 20:04:52: [basecommands.smx] "Console<0><Console><Console>" changed cvar (cvar "net_compresspackets") (value "0")
L 04/08/2022 - 20:04:52: [basecommands.smx] "Console<0><Console><Console>" changed cvar (cvar "g_ragdoll_important_maxcount") (value "1")
L 04/08/2022 - 20:04:52: [basecommands.smx] "Console<0><Console><Console>" changed cvar (cvar "g_ragdoll_maxcount") (value "1")
L 04/08/2022 - 20:04:52: [basecommands.smx] "Console<0><Console><Console>" changed cvar (cvar "phys_enable_experimental_optimizations") (value "1")
L 04/08/2022 - 20:04:52: [basecommands.smx] "Console<0><Console><Console>" changed cvar (cvar "prop_active_gib_limit") (value "1")
L 04/08/2022 - 20:04:52: [basecommands.smx] "Console<0><Console><Console>" changed cvar (cvar "prop_active_gib_max_fade_time") (value "1")
L 04/08/2022 - 20:04:52: [basecommands.smx] "Console<0><Console><Console>" changed cvar (cvar "sv_turbophysics") (value "0")
L 04/08/2022 - 20:04:52: [basecommands.smx] "Console<0><Console><Console>" changed cvar (cvar "fps_max") (value "0")
L 04/08/2022 - 20:04:52: [basecommands.smx] "Console<0><Console><Console>" changed cvar (cvar "host_framerate") (value "0")
L 04/08/2022 - 20:04:52: [basecommands.smx] "Console<0><Console><Console>" changed cvar (cvar "pvs_min_player_distance") (value "1")
L 04/08/2022 - 20:04:52: [basecommands.smx] "Console<0><Console><Console>" changed cvar (cvar "sv_alternateticks") (value "1")
L 04/08/2022 - 20:04:52: [basecommands.smx] "Console<0><Console><Console>" changed cvar (cvar "sv_force_transmit_ents") (value "0")
L 04/08/2022 - 20:04:52: [basecommands.smx] "Console<0><Console><Console>" changed cvar (cvar "sv_force_transmit_players") (value "0")
L 04/08/2022 - 20:04:52: [basecommands.smx] "Console<0><Console><Console>" changed cvar (cvar "sv_forcepreload") (value "1")
L 04/08/2022 - 20:04:52: [basecommands.smx] "Console<0><Console><Console>" changed cvar (cvar "sv_stats") (value "0")
L 04/08/2022 - 20:04:52: [basecommands.smx] "Console<0><Console><Console>" changed cvar (cvar "sv_parallel_packentities") (value "0")
L 04/08/2022 - 20:04:52: [basecommands.smx] "Console<0><Console><Console>" changed cvar (cvar "sv_multiplayer_maxtempentities") (value "1")
L 04/08/2022 - 20:04:52: [basecommands.smx] "Console<0><Console><Console>" changed cvar (cvar "sv_occlude_players") (value "0")
L 04/08/2022 - 20:04:52: [basecommands.smx] "Console<0><Console><Console>" changed cvar (cvar "pvs_min_player_distance") (value "1700")
L 04/08/2022 - 20:04:52: [basecommands.smx] "Console<0><Console><Console>" changed cvar (cvar "occlusion_test_async") (value "1")
L 04/08/2022 - 20:04:52: [basecommands.smx] "Console<0><Console><Console>" changed cvar (cvar "host_threaded_sound") (value "1")
L 04/08/2022 - 20:04:52: [basecommands.smx] "Console<0><Console><Console>" changed cvar (cvar "sv_threaded_init") (value "1")
L 04/08/2022 - 20:04:52: [basecommands.smx] "Console<0><Console><Console>" changed cvar (cvar "mod_load_anims_async") (value "1")
L 04/08/2022 - 20:04:52: [basecommands.smx] "Console<0><Console><Console>" changed cvar (cvar "mod_load_mesh_async") (value "1")
L 04/08/2022 - 20:04:52: [basecommands.smx] "Console<0><Console><Console>" changed cvar (cvar "mod_load_vcollide_async") (value "1")
L 04/08/2022 - 20:04:52: [basecommands.smx] "Console<0><Console><Console>" changed cvar (cvar "vprof_server_thread") (value "1")
L 04/08/2022 - 20:04:52: [basecommands.smx] "Console<0><Console><Console>" changed cvar (cvar "g_ai_threadedgraphbuild") (value "1")
L 04/08/2022 - 20:04:52: [basecommands.smx] "Console<0><Console><Console>" changed cvar (cvar "pvs_min_player_distance") (value "3000")
L 04/08/2022 - 20:04:56: [mapchooser_extended.smx] Loaded map list for csgo.
L 04/08/2022 - 20:08:21: [funcommands.smx] "Serby-<6><STEAM_1:1:636507947><>" set gravity on "Serby-<6><STEAM_1:1:636507947><>" (amount "4.000000")
L 04/08/2022 - 20:08:27: [funcommands.smx] "Serby-<6><STEAM_1:1:636507947><>" set gravity on "Serby-<6><STEAM_1:1:636507947><>" (amount "0.100000")
L 04/08/2022 - 20:10:18: [playercommands.smx] "Serby-<6><STEAM_1:1:636507947><>" slapped "nu<10><STEAM_1:0:625971129><>" (damage "50")
L 04/08/2022 - 20:11:07: [funcommands.smx] "Serby-<6><STEAM_1:1:636507947><>" toggled noclip on "Serby-<6><STEAM_1:1:636507947><>"
L 04/08/2022 - 20:11:41: [funcommands.smx] "MUIE LU MA TA<4><STEAM_1:1:231069809><>" toggled noclip on "MUIE LU MA TA<4><STEAM_1:1:231069809><>"
L 04/08/2022 - 20:11:42: [funcommands.smx] "Serby-<6><STEAM_1:1:636507947><>" toggled noclip on "Serby-<6><STEAM_1:1:636507947><>"
L 04/08/2022 - 20:11:43: [funcommands.smx] "MUIE LU MA TA<4><STEAM_1:1:231069809><>" toggled noclip on "nu<10><STEAM_1:0:625971129><>"
L 04/08/2022 - 20:11:49: [funcommands.smx] "Serby-<6><STEAM_1:1:636507947><>" toggled noclip on "nu<10><STEAM_1:0:625971129><>"
L 04/08/2022 - 20:12:08: [funcommands.smx] "MUIE LU MA TA<4><STEAM_1:1:231069809><>" toggled noclip on "Serby-<6><STEAM_1:1:636507947><>"
L 04/08/2022 - 20:12:10: [funcommands.smx] "MUIE LU MA TA<4><STEAM_1:1:231069809><>" toggled noclip on "MUIE LU MA TA<4><STEAM_1:1:231069809><>"
L 04/08/2022 - 20:12:35: [funcommands.smx] "Serby-<6><STEAM_1:1:636507947><>" set a FireBomb on "nu<10><STEAM_1:0:625971129><>"
L 04/08/2022 - 20:12:35: [funcommands.smx] "Serby-<6><STEAM_1:1:636507947><>" set a FireBomb on "MUIE LU MA TA<4><STEAM_1:1:231069809><>"
L 04/08/2022 - 20:13:04: [funcommands.smx] "Serby-<6><STEAM_1:1:636507947><>" set gravity on "Serby-<6><STEAM_1:1:636507947><>" (amount "4.000000")
L 04/08/2022 - 20:13:45: [funcommands.smx] "Serby-<6><STEAM_1:1:636507947><>" set gravity on "Serby-<6><STEAM_1:1:636507947><>" (amount "0.100000")
L 04/08/2022 - 20:14:03: [funcommands.smx] "Serby-<6><STEAM_1:1:636507947><>" toggled noclip on "Serby-<6><STEAM_1:1:636507947><>"
L 04/08/2022 - 20:16:42: [basecommands.smx] "MUIE LU MA TA<11><STEAM_1:1:231069809><>" changed map to "de_dust2"
L 04/08/2022 - 20:16:45: [SM] Changed map to "de_dust2"
L 04/08/2022 - 20:16:53: -------- Mapchange to de_dust2 --------
L 04/08/2022 - 20:16:53: [basecommands.smx] "Console<0><Console><Console>" changed cvar (cvar "sv_hibernate_ms") (value "0")
L 04/08/2022 - 20:16:53: [basecommands.smx] "Console<0><Console><Console>" changed cvar (cvar "sv_hibernate_ms_vgui") (value "0")
L 04/08/2022 - 20:16:53: [basecommands.smx] "Console<0><Console><Console>" changed cvar (cvar "sv_hibernate_postgame_delay") (value "0")
L 04/08/2022 - 20:16:53: [basecommands.smx] "Console<0><Console><Console>" changed cvar (cvar "sv_hibernate_when_empty") (value "0")
L 04/08/2022 - 20:16:53: [basecommands.smx] "Console<0><Console><Console>" changed cvar (cvar "sv_parallel_sendsnapshot") (value "0")
L 04/08/2022 - 20:16:53: [basecommands.smx] "Console<0><Console><Console>" changed cvar (cvar "sv_enable_delta_packing") (value "1")
L 04/08/2022 - 20:16:53: [basecommands.smx] "Console<0><Console><Console>" changed cvar (cvar "sv_maxunlag") (value "0.1")
L 04/08/2022 - 20:16:53: [basecommands.smx] "Console<0><Console><Console>" changed cvar (cvar "net_maxcleartime") (value "0.001")
L 04/08/2022 - 20:16:53: [basecommands.smx] "Console<0><Console><Console>" changed cvar (cvar "net_minroutable") (value "1000")
L 04/08/2022 - 20:16:53: [basecommands.smx] "Console<0><Console><Console>" changed cvar (cvar "net_compresspackets") (value "0")
L 04/08/2022 - 20:16:53: [basecommands.smx] "Console<0><Console><Console>" changed cvar (cvar "g_ragdoll_important_maxcount") (value "1")
L 04/08/2022 - 20:16:53: [basecommands.smx] "Console<0><Console><Console>" changed cvar (cvar "g_ragdoll_maxcount") (value "1")
L 04/08/2022 - 20:16:53: [basecommands.smx] "Console<0><Console><Console>" changed cvar (cvar "phys_enable_experimental_optimizations") (value "1")
L 04/08/2022 - 20:16:53: [basecommands.smx] "Console<0><Console><Console>" changed cvar (cvar "prop_active_gib_limit") (value "1")
L 04/08/2022 - 20:16:53: [basecommands.smx] "Console<0><Console><Console>" changed cvar (cvar "prop_active_gib_max_fade_time") (value "1")
L 04/08/2022 - 20:16:53: [basecommands.smx] "Console<0><Console><Console>" changed cvar (cvar "sv_turbophysics") (value "0")
L 04/08/2022 - 20:16:53: [basecommands.smx] "Console<0><Console><Console>" changed cvar (cvar "fps_max") (value "0")
L 04/08/2022 - 20:16:53: [basecommands.smx] "Console<0><Console><Console>" changed cvar (cvar "host_framerate") (value "0")
L 04/08/2022 - 20:16:53: [basecommands.smx] "Console<0><Console><Console>" changed cvar (cvar "pvs_min_player_distance") (value "1")
L 04/08/2022 - 20:16:53: [basecommands.smx] "Console<0><Console><Console>" changed cvar (cvar "sv_alternateticks") (value "1")
L 04/08/2022 - 20:16:53: [basecommands.smx] "Console<0><Console><Console>" changed cvar (cvar "sv_force_transmit_ents") (value "0")
L 04/08/2022 - 20:16:53: [basecommands.smx] "Console<0><Console><Console>" changed cvar (cvar "sv_force_transmit_players") (value "0")
L 04/08/2022 - 20:16:53: [basecommands.smx] "Console<0><Console><Console>" changed cvar (cvar "sv_forcepreload") (value "1")
L 04/08/2022 - 20:16:53: [basecommands.smx] "Console<0><Console><Console>" changed cvar (cvar "sv_stats") (value "0")
L 04/08/2022 - 20:16:53: [basecommands.smx] "Console<0><Console><Console>" changed cvar (cvar "sv_parallel_packentities") (value "0")
L 04/08/2022 - 20:16:53: [basecommands.smx] "Console<0><Console><Console>" changed cvar (cvar "sv_multiplayer_maxtempentities") (value "1")
L 04/08/2022 - 20:16:53: [basecommands.smx] "Console<0><Console><Console>" changed cvar (cvar "sv_occlude_players") (value "0")
L 04/08/2022 - 20:16:53: [basecommands.smx] "Console<0><Console><Console>" changed cvar (cvar "pvs_min_player_distance") (value "1700")
L 04/08/2022 - 20:16:53: [basecommands.smx] "Console<0><Console><Console>" changed cvar (cvar "occlusion_test_async") (value "1")
L 04/08/2022 - 20:16:53: [basecommands.smx] "Console<0><Console><Console>" changed cvar (cvar "host_threaded_sound") (value "1")
L 04/08/2022 - 20:16:53: [basecommands.smx] "Console<0><Console><Console>" changed cvar (cvar "sv_threaded_init") (value "1")
L 04/08/2022 - 20:16:53: [basecommands.smx] "Console<0><Console><Console>" changed cvar (cvar "mod_load_anims_async") (value "1")
L 04/08/2022 - 20:16:53: [basecommands.smx] "Console<0><Console><Console>" changed cvar (cvar "mod_load_mesh_async") (value "1")
L 04/08/2022 - 20:16:53: [basecommands.smx] "Console<0><Console><Console>" changed cvar (cvar "mod_load_vcollide_async") (value "1")
L 04/08/2022 - 20:16:53: [basecommands.smx] "Console<0><Console><Console>" changed cvar (cvar "vprof_server_thread") (value "1")
L 04/08/2022 - 20:16:53: [basecommands.smx] "Console<0><Console><Console>" changed cvar (cvar "g_ai_threadedgraphbuild") (value "1")
L 04/08/2022 - 20:16:53: [basecommands.smx] "Console<0><Console><Console>" changed cvar (cvar "pvs_min_player_distance") (value "3000")
L 04/08/2022 - 20:16:57: [mapchooser_extended.smx] Loaded map list for csgo.
L 04/08/2022 - 20:20:26: [basecomm.smx] "Serby-<6><STEAM_1:1:636507947><>" muted "Serby-<6><STEAM_1:1:636507947><>"
L 04/08/2022 - 20:20:39: [basecomm.smx] "Serby-<6><STEAM_1:1:636507947><>" unmuted "Serby-<6><STEAM_1:1:636507947><>"
L 04/08/2022 - 20:22:35: [basecomm.smx] "MUIE LU MA TA<11><STEAM_1:1:231069809><>" muted "Serby-<6><STEAM_1:1:636507947><>"
L 04/08/2022 - 20:22:42: [basecomm.smx] "MUIE LU MA TA<11><STEAM_1:1:231069809><>" unmuted "Serby-<6><STEAM_1:1:636507947><>"
L 04/08/2022 - 20:28:33: [mapchooser_extended.smx] Voting for next map has started.
L 04/08/2022 - 20:28:59: [mapchooser_extended.smx] Voting for next map has started.
L 04/08/2022 - 20:29:20: [mapchooser_extended.smx] Voting for next map has finished. Nextmap: de_nuke.
L 04/08/2022 - 20:30:10: [SM] Changed map to "de_nuke"
L 04/08/2022 - 20:30:16: -------- Mapchange to de_nuke --------
L 04/08/2022 - 20:30:16: [basecommands.smx] "Console<0><Console><Console>" changed cvar (cvar "sv_hibernate_ms") (value "0")
L 04/08/2022 - 20:30:16: [basecommands.smx] "Console<0><Console><Console>" changed cvar (cvar "sv_hibernate_ms_vgui") (value "0")
L 04/08/2022 - 20:30:16: [basecommands.smx] "Console<0><Console><Console>" changed cvar (cvar "sv_hibernate_postgame_delay") (value "0")
L 04/08/2022 - 20:30:16: [basecommands.smx] "Console<0><Console><Console>" changed cvar (cvar "sv_hibernate_when_empty") (value "0")
L 04/08/2022 - 20:30:16: [basecommands.smx] "Console<0><Console><Console>" changed cvar (cvar "sv_parallel_sendsnapshot") (value "0")
L 04/08/2022 - 20:30:16: [basecommands.smx] "Console<0><Console><Console>" changed cvar (cvar "sv_enable_delta_packing") (value "1")
L 04/08/2022 - 20:30:16: [basecommands.smx] "Console<0><Console><Console>" changed cvar (cvar "sv_maxunlag") (value "0.1")
L 04/08/2022 - 20:30:16: [basecommands.smx] "Console<0><Console><Console>" changed cvar (cvar "net_maxcleartime") (value "0.001")
L 04/08/2022 - 20:30:16: [basecommands.smx] "Console<0><Console><Console>" changed cvar (cvar "net_minroutable") (value "1000")
L 04/08/2022 - 20:30:16: [basecommands.smx] "Console<0><Console><Console>" changed cvar (cvar "net_compresspackets") (value "0")
L 04/08/2022 - 20:30:16: [basecommands.smx] "Console<0><Console><Console>" changed cvar (cvar "g_ragdoll_important_maxcount") (value "1")
L 04/08/2022 - 20:30:16: [basecommands.smx] "Console<0><Console><Console>" changed cvar (cvar "g_ragdoll_maxcount") (value "1")
L 04/08/2022 - 20:30:16: [basecommands.smx] "Console<0><Console><Console>" changed cvar (cvar "phys_enable_experimental_optimizations") (value "1")
L 04/08/2022 - 20:30:16: [basecommands.smx] "Console<0><Console><Console>" changed cvar (cvar "prop_active_gib_limit") (value "1")
L 04/08/2022 - 20:30:16: [basecommands.smx] "Console<0><Console><Console>" changed cvar (cvar "prop_active_gib_max_fade_time") (value "1")
L 04/08/2022 - 20:30:16: [basecommands.smx] "Console<0><Console><Console>" changed cvar (cvar "sv_turbophysics") (value "0")
L 04/08/2022 - 20:30:16: [basecommands.smx] "Console<0><Console><Console>" changed cvar (cvar "fps_max") (value "0")
L 04/08/2022 - 20:30:16: [basecommands.smx] "Console<0><Console><Console>" changed cvar (cvar "host_framerate") (value "0")
L 04/08/2022 - 20:30:16: [basecommands.smx] "Console<0><Console><Console>" changed cvar (cvar "pvs_min_player_distance") (value "1")
L 04/08/2022 - 20:30:16: [basecommands.smx] "Console<0><Console><Console>" changed cvar (cvar "sv_alternateticks") (value "1")
L 04/08/2022 - 20:30:16: [basecommands.smx] "Console<0><Console><Console>" changed cvar (cvar "sv_force_transmit_ents") (value "0")
L 04/08/2022 - 20:30:16: [basecommands.smx] "Console<0><Console><Console>" changed cvar (cvar "sv_force_transmit_players") (value "0")
L 04/08/2022 - 20:30:16: [basecommands.smx] "Console<0><Console><Console>" changed cvar (cvar "sv_forcepreload") (value "1")
L 04/08/2022 - 20:30:16: [basecommands.smx] "Console<0><Console><Console>" changed cvar (cvar "sv_stats") (value "0")
L 04/08/2022 - 20:30:16: [basecommands.smx] "Console<0><Console><Console>" changed cvar (cvar "sv_parallel_packentities") (value "0")
L 04/08/2022 - 20:30:16: [basecommands.smx] "Console<0><Console><Console>" changed cvar (cvar "sv_multiplayer_maxtempentities") (value "1")
L 04/08/2022 - 20:30:16: [basecommands.smx] "Console<0><Console><Console>" changed cvar (cvar "sv_occlude_players") (value "0")
L 04/08/2022 - 20:30:16: [basecommands.smx] "Console<0><Console><Console>" changed cvar (cvar "pvs_min_player_distance") (value "1700")
L 04/08/2022 - 20:30:16: [basecommands.smx] "Console<0><Console><Console>" changed cvar (cvar "occlusion_test_async") (value "1")
L 04/08/2022 - 20:30:16: [basecommands.smx] "Console<0><Console><Console>" changed cvar (cvar "host_threaded_sound") (value "1")
L 04/08/2022 - 20:30:16: [basecommands.smx] "Console<0><Console><Console>" changed cvar (cvar "sv_threaded_init") (value "1")
L 04/08/2022 - 20:30:16: [basecommands.smx] "Console<0><Console><Console>" changed cvar (cvar "mod_load_anims_async") (value "1")
L 04/08/2022 - 20:30:16: [basecommands.smx] "Console<0><Console><Console>" changed cvar (cvar "mod_load_mesh_async") (value "1")
L 04/08/2022 - 20:30:16: [basecommands.smx] "Console<0><Console><Console>" changed cvar (cvar "mod_load_vcollide_async") (value "1")
L 04/08/2022 - 20:30:16: [basecommands.smx] "Console<0><Console><Console>" changed cvar (cvar "vprof_server_thread") (value "1")
L 04/08/2022 - 20:30:16: [basecommands.smx] "Console<0><Console><Console>" changed cvar (cvar "g_ai_threadedgraphbuild") (value "1")
L 04/08/2022 - 20:30:16: [basecommands.smx] "Console<0><Console><Console>" changed cvar (cvar "pvs_min_player_distance") (value "3000")
L 04/08/2022 - 20:30:22: [mapchooser_extended.smx] Loaded map list for csgo.
L 04/08/2022 - 20:35:36: [basecommands.smx] "Serby-<6><STEAM_1:1:636507947><>" changed map to "de_mirage"
L 04/08/2022 - 20:35:39: [SM] Changed map to "de_mirage"
L 04/08/2022 - 20:35:41: -------- Mapchange to de_mirage --------
L 04/08/2022 - 20:35:41: [basecommands.smx] "Console<0><Console><Console>" changed cvar (cvar "sv_hibernate_ms") (value "0")
L 04/08/2022 - 20:35:41: [basecommands.smx] "Console<0><Console><Console>" changed cvar (cvar "sv_hibernate_ms_vgui") (value "0")
L 04/08/2022 - 20:35:41: [basecommands.smx] "Console<0><Console><Console>" changed cvar (cvar "sv_hibernate_postgame_delay") (value "0")
L 04/08/2022 - 20:35:41: [basecommands.smx] "Console<0><Console><Console>" changed cvar (cvar "sv_hibernate_when_empty") (value "0")
L 04/08/2022 - 20:35:41: [basecommands.smx] "Console<0><Console><Console>" changed cvar (cvar "sv_parallel_sendsnapshot") (value "0")
L 04/08/2022 - 20:35:41: [basecommands.smx] "Console<0><Console><Console>" changed cvar (cvar "sv_enable_delta_packing") (value "1")
L 04/08/2022 - 20:35:41: [basecommands.smx] "Console<0><Console><Console>" changed cvar (cvar "sv_maxunlag") (value "0.1")
L 04/08/2022 - 20:35:41: [basecommands.smx] "Console<0><Console><Console>" changed cvar (cvar "net_maxcleartime") (value "0.001")
L 04/08/2022 - 20:35:41: [basecommands.smx] "Console<0><Console><Console>" changed cvar (cvar "net_minroutable") (value "1000")
L 04/08/2022 - 20:35:41: [basecommands.smx] "Console<0><Console><Console>" changed cvar (cvar "net_compresspackets") (value "0")
L 04/08/2022 - 20:35:41: [basecommands.smx] "Console<0><Console><Console>" changed cvar (cvar "g_ragdoll_important_maxcount") (value "1")
L 04/08/2022 - 20:35:41: [basecommands.smx] "Console<0><Console><Console>" changed cvar (cvar "g_ragdoll_maxcount") (value "1")
L 04/08/2022 - 20:35:41: [basecommands.smx] "Console<0><Console><Console>" changed cvar (cvar "phys_enable_experimental_optimizations") (value "1")
L 04/08/2022 - 20:35:41: [basecommands.smx] "Console<0><Console><Console>" changed cvar (cvar "prop_active_gib_limit") (value "1")
L 04/08/2022 - 20:35:41: [basecommands.smx] "Console<0><Console><Console>" changed cvar (cvar "prop_active_gib_max_fade_time") (value "1")
L 04/08/2022 - 20:35:41: [basecommands.smx] "Console<0><Console><Console>" changed cvar (cvar "sv_turbophysics") (value "0")
L 04/08/2022 - 20:35:41: [basecommands.smx] "Console<0><Console><Console>" changed cvar (cvar "fps_max") (value "0")
L 04/08/2022 - 20:35:41: [basecommands.smx] "Console<0><Console><Console>" changed cvar (cvar "host_framerate") (value "0")
L 04/08/2022 - 20:35:41: [basecommands.smx] "Console<0><Console><Console>" changed cvar (cvar "pvs_min_player_distance") (value "1")
L 04/08/2022 - 20:35:41: [basecommands.smx] "Console<0><Console><Console>" changed cvar (cvar "sv_alternateticks") (value "1")
L 04/08/2022 - 20:35:41: [basecommands.smx] "Console<0><Console><Console>" changed cvar (cvar "sv_force_transmit_ents") (value "0")
L 04/08/2022 - 20:35:41: [basecommands.smx] "Console<0><Console><Console>" changed cvar (cvar "sv_force_transmit_players") (value "0")
L 04/08/2022 - 20:35:41: [basecommands.smx] "Console<0><Console><Console>" changed cvar (cvar "sv_forcepreload") (value "1")
L 04/08/2022 - 20:35:41: [basecommands.smx] "Console<0><Console><Console>" changed cvar (cvar "sv_stats") (value "0")
L 04/08/2022 - 20:35:41: [basecommands.smx] "Console<0><Console><Console>" changed cvar (cvar "sv_parallel_packentities") (value "0")
L 04/08/2022 - 20:35:41: [basecommands.smx] "Console<0><Console><Console>" changed cvar (cvar "sv_multiplayer_maxtempentities") (value "1")
L 04/08/2022 - 20:35:41: [basecommands.smx] "Console<0><Console><Console>" changed cvar (cvar "sv_occlude_players") (value "0")
L 04/08/2022 - 20:35:41: [basecommands.smx] "Console<0><Console><Console>" changed cvar (cvar "pvs_min_player_distance") (value "1700")
L 04/08/2022 - 20:35:41: [basecommands.smx] "Console<0><Console><Console>" changed cvar (cvar "occlusion_test_async") (value "1")
L 04/08/2022 - 20:35:41: [basecommands.smx] "Console<0><Console><Console>" changed cvar (cvar "host_threaded_sound") (value "1")
L 04/08/2022 - 20:35:41: [basecommands.smx] "Console<0><Console><Console>" changed cvar (cvar "sv_threaded_init") (value "1")
L 04/08/2022 - 20:35:41: [basecommands.smx] "Console<0><Console><Console>" changed cvar (cvar "mod_load_anims_async") (value "1")
L 04/08/2022 - 20:35:41: [basecommands.smx] "Console<0><Console><Console>" changed cvar (cvar "mod_load_mesh_async") (value "1")
L 04/08/2022 - 20:35:41: [basecommands.smx] "Console<0><Console><Console>" changed cvar (cvar "mod_load_vcollide_async") (value "1")
L 04/08/2022 - 20:35:41: [basecommands.smx] "Console<0><Console><Console>" changed cvar (cvar "vprof_server_thread") (value "1")
L 04/08/2022 - 20:35:41: [basecommands.smx] "Console<0><Console><Console>" changed cvar (cvar "g_ai_threadedgraphbuild") (value "1")
L 04/08/2022 - 20:35:41: [basecommands.smx] "Console<0><Console><Console>" changed cvar (cvar "pvs_min_player_distance") (value "3000")
L 04/08/2022 - 20:35:45: [mapchooser_extended.smx] Loaded map list for csgo.
L 04/08/2022 - 20:36:46: [basechat.smx] "MUIE LU MA TA<12><STEAM_1:1:231069809><>" triggered sm_chat (text hey)
L 04/08/2022 - 20:36:47: [basechat.smx] "MUIE LU MA TA<12><STEAM_1:1:231069809><>" triggered sm_chat (text cf)
L 04/08/2022 - 20:37:13: [basechat.smx] "Serby-<6><STEAM_1:1:636507947><>" triggered sm_chat (text t)
L 04/08/2022 - 20:39:12: [basecommands.smx] "MUIE LU MA TA<12><STEAM_1:1:231069809><>" refreshed the admin cache.
L 04/08/2022 - 20:40:52: [basecommands.smx] "MUIE LU MA TA<12><STEAM_1:1:231069809><>" refreshed the admin cache.
L 04/08/2022 - 20:41:09: [basecommands.smx] "MUIE LU MA TA<12><STEAM_1:1:231069809><>" refreshed the admin cache.
L 04/08/2022 - 20:44:33: [basecommands.smx] "MUIE LU MA TA<12><STEAM_1:1:231069809><>" changed map to "de_mirage"
L 04/08/2022 - 20:44:36: [SM] Changed map to "de_mirage"
L 04/08/2022 - 20:44:37: -------- Mapchange to de_mirage --------
L 04/08/2022 - 20:44:38: [basecommands.smx] "Console<0><Console><Console>" changed cvar (cvar "sv_hibernate_ms") (value "0")
L 04/08/2022 - 20:44:38: [basecommands.smx] "Console<0><Console><Console>" changed cvar (cvar "sv_hibernate_ms_vgui") (value "0")
L 04/08/2022 - 20:44:38: [basecommands.smx] "Console<0><Console><Console>" changed cvar (cvar "sv_hibernate_postgame_delay") (value "0")
L 04/08/2022 - 20:44:38: [basecommands.smx] "Console<0><Console><Console>" changed cvar (cvar "sv_hibernate_when_empty") (value "0")
L 04/08/2022 - 20:44:38: [basecommands.smx] "Console<0><Console><Console>" changed cvar (cvar "sv_parallel_sendsnapshot") (value "0")
L 04/08/2022 - 20:44:38: [basecommands.smx] "Console<0><Console><Console>" changed cvar (cvar "sv_enable_delta_packing") (value "1")
L 04/08/2022 - 20:44:38: [basecommands.smx] "Console<0><Console><Console>" changed cvar (cvar "sv_maxunlag") (value "0.1")
L 04/08/2022 - 20:44:38: [basecommands.smx] "Console<0><Console><Console>" changed cvar (cvar "net_maxcleartime") (value "0.001")
L 04/08/2022 - 20:44:38: [basecommands.smx] "Console<0><Console><Console>" changed cvar (cvar "net_minroutable") (value "1000")
L 04/08/2022 - 20:44:38: [basecommands.smx] "Console<0><Console><Console>" changed cvar (cvar "net_compresspackets") (value "0")
L 04/08/2022 - 20:44:38: [basecommands.smx] "Console<0><Console><Console>" changed cvar (cvar "g_ragdoll_important_maxcount") (value "1")
L 04/08/2022 - 20:44:38: [basecommands.smx] "Console<0><Console><Console>" changed cvar (cvar "g_ragdoll_maxcount") (value "1")
L 04/08/2022 - 20:44:38: [basecommands.smx] "Console<0><Console><Console>" changed cvar (cvar "phys_enable_experimental_optimizations") (value "1")
L 04/08/2022 - 20:44:38: [basecommands.smx] "Console<0><Console><Console>" changed cvar (cvar "prop_active_gib_limit") (value "1")
L 04/08/2022 - 20:44:38: [basecommands.smx] "Console<0><Console><Console>" changed cvar (cvar "prop_active_gib_max_fade_time") (value "1")
L 04/08/2022 - 20:44:38: [basecommands.smx] "Console<0><Console><Console>" changed cvar (cvar "sv_turbophysics") (value "0")
L 04/08/2022 - 20:44:38: [basecommands.smx] "Console<0><Console><Console>" changed cvar (cvar "fps_max") (value "0")
L 04/08/2022 - 20:44:38: [basecommands.smx] "Console<0><Console><Console>" changed cvar (cvar "host_framerate") (value "0")
L 04/08/2022 - 20:44:38: [basecommands.smx] "Console<0><Console><Console>" changed cvar (cvar "pvs_min_player_distance") (value "1")
L 04/08/2022 - 20:44:38: [basecommands.smx] "Console<0><Console><Console>" changed cvar (cvar "sv_alternateticks") (value "1")
L 04/08/2022 - 20:44:38: [basecommands.smx] "Console<0><Console><Console>" changed cvar (cvar "sv_force_transmit_ents") (value "0")
L 04/08/2022 - 20:44:38: [basecommands.smx] "Console<0><Console><Console>" changed cvar (cvar "sv_force_transmit_players") (value "0")
L 04/08/2022 - 20:44:38: [basecommands.smx] "Console<0><Console><Console>" changed cvar (cvar "sv_forcepreload") (value "1")
L 04/08/2022 - 20:44:38: [basecommands.smx] "Console<0><Console><Console>" changed cvar (cvar "sv_stats") (value "0")
L 04/08/2022 - 20:44:38: [basecommands.smx] "Console<0><Console><Console>" changed cvar (cvar "sv_parallel_packentities") (value "0")
L 04/08/2022 - 20:44:38: [basecommands.smx] "Console<0><Console><Console>" changed cvar (cvar "sv_multiplayer_maxtempentities") (value "1")
L 04/08/2022 - 20:44:38: [basecommands.smx] "Console<0><Console><Console>" changed cvar (cvar "sv_occlude_players") (value "0")
L 04/08/2022 - 20:44:38: [basecommands.smx] "Console<0><Console><Console>" changed cvar (cvar "pvs_min_player_distance") (value "1700")
L 04/08/2022 - 20:44:38: [basecommands.smx] "Console<0><Console><Console>" changed cvar (cvar "occlusion_test_async") (value "1")
L 04/08/2022 - 20:44:38: [basecommands.smx] "Console<0><Console><Console>" changed cvar (cvar "host_threaded_sound") (value "1")
L 04/08/2022 - 20:44:38: [basecommands.smx] "Console<0><Console><Console>" changed cvar (cvar "sv_threaded_init") (value "1")
L 04/08/2022 - 20:44:38: [basecommands.smx] "Console<0><Console><Console>" changed cvar (cvar "mod_load_anims_async") (value "1")
L 04/08/2022 - 20:44:38: [basecommands.smx] "Console<0><Console><Console>" changed cvar (cvar "mod_load_mesh_async") (value "1")
L 04/08/2022 - 20:44:38: [basecommands.smx] "Console<0><Console><Console>" changed cvar (cvar "mod_load_vcollide_async") (value "1")
L 04/08/2022 - 20:44:38: [basecommands.smx] "Console<0><Console><Console>" changed cvar (cvar "vprof_server_thread") (value "1")
L 04/08/2022 - 20:44:38: [basecommands.smx] "Console<0><Console><Console>" changed cvar (cvar "g_ai_threadedgraphbuild") (value "1")
L 04/08/2022 - 20:44:38: [basecommands.smx] "Console<0><Console><Console>" changed cvar (cvar "pvs_min_player_distance") (value "3000")
L 04/08/2022 - 20:44:42: [mapchooser_extended.smx] Loaded map list for csgo.
L 04/08/2022 - 20:48:37: [playercommands.smx] "MUIE LU MA TA<12><STEAM_1:1:231069809><>" slayed "Serby-<6><STEAM_1:1:636507947><>"
L 04/08/2022 - 20:49:09: [basecommands.smx] "MUIE LU MA TA<12><STEAM_1:1:231069809><>" refreshed the admin cache.
L 04/08/2022 - 20:49:59: [basecommands.smx] "MUIE LU MA TA<12><STEAM_1:1:231069809><>" refreshed the admin cache.
