L 04/08/2022 - 20:44:36: Log file started (file "logs/L089_034_025_021_27015_202204082044_000.log") (game "/home/client4775/service5731/csgo/csgo") (version "8515")
L 04/08/2022 - 20:44:36: Loading map "de_mirage"
L 04/08/2022 - 20:44:36: server cvars start
L 04/08/2022 - 20:44:36: "cash_player_killed_teammate" = "-300"
L 04/08/2022 - 20:44:36: "cash_player_respawn_amount" = "0"
L 04/08/2022 - 20:44:36: "sv_maxspeed" = "320"
L 04/08/2022 - 20:44:36: "graphicrotator_version" = "0.3"
L 04/08/2022 - 20:44:36: "cash_team_winner_bonus_consecutive_rounds" = "0"
L 04/08/2022 - 20:44:36: "cash_team_rescued_hostage" = "600"
L 04/08/2022 - 20:44:36: "cash_team_win_by_defusing_bomb" = "3500"
L 04/08/2022 - 20:44:36: "sv_rollangle" = "0"
L 04/08/2022 - 20:44:36: "observe_version" = "1.2.4"
L 04/08/2022 - 20:44:36: "r_AirboatViewZHeight" = "0.0"
L 04/08/2022 - 20:44:36: "sv_cheats" = "0"
L 04/08/2022 - 20:44:36: "r_VehicleViewDampen" = "1"
L 04/08/2022 - 20:44:36: "metamod_version" = "1.11.0-dev+1145V"
L 04/08/2022 - 20:44:36: "sm_coinflip_waittime" = "120"
L 04/08/2022 - 20:44:36: "mp_allowNPCs" = "1"
L 04/08/2022 - 20:44:36: "mp_tournament" = "0"
L 04/08/2022 - 20:44:36: "sm_logo_version" = "2.2"
L 04/08/2022 - 20:44:36: "cointoss_enable" = "1"
L 04/08/2022 - 20:44:36: "sv_vote_issue_pause_match_spec_only" = "0"
L 04/08/2022 - 20:44:36: "SA3_version" = "3.1.3"
L 04/08/2022 - 20:44:36: "sm_coinflip_max" = "50"
L 04/08/2022 - 20:44:36: "sv_spec_hear" = "1"
L 04/08/2022 - 20:44:36: "cointoss_max" = "75000"
L 04/08/2022 - 20:44:36: "cash_player_interact_with_hostage" = "300"
L 04/08/2022 - 20:44:36: "mp_maxrounds" = "30"
L 04/08/2022 - 20:44:36: "mp_flashlight" = "0"
L 04/08/2022 - 20:44:36: "sv_tags" = "CODURI,CSGO,HVH"
L 04/08/2022 - 20:44:36: "sv_stepsize" = "18"
L 04/08/2022 - 20:44:36: "sv_alltalk" = "1"
L 04/08/2022 - 20:44:36: "mp_teamlist" = "hgrunt;scientist"
L 04/08/2022 - 20:44:36: "sm_weaponrestrict_version" = "3.1.8"
L 04/08/2022 - 20:44:36: "sm_coinflip_winratio" = "0.5"
L 04/08/2022 - 20:44:36: "mp_footsteps" = "1"
L 04/08/2022 - 20:44:36: "sv_noclipaccelerate" = "5"
L 04/08/2022 - 20:44:36: "sm_welcome_snd_version" = "1.0"
L 04/08/2022 - 20:44:36: "sv_accelerate_debug_speed" = "0"
L 04/08/2022 - 20:44:36: "sv_wateraccelerate" = "10"
L 04/08/2022 - 20:44:36: "mp_stalemate_enable" = "0"
L 04/08/2022 - 20:44:36: "mp_autocrosshair" = "1"
L 04/08/2022 - 20:44:36: "sourcemod_version" = "1.10.0.6528"
L 04/08/2022 - 20:44:36: "cash_team_elimination_bomb_map" = "3250"
L 04/08/2022 - 20:44:36: "cash_player_get_killed" = "0"
L 04/08/2022 - 20:44:36: "mp_roundtime_defuse" = "1.92"
L 04/08/2022 - 20:44:36: "sv_autobuyammo" = "0"
L 04/08/2022 - 20:44:36: "sv_rollspeed" = "200"
L 04/08/2022 - 20:44:36: "sv_airaccelerate" = "500"
L 04/08/2022 - 20:44:36: "sv_show_team_equipment_prohibit" = "0"
L 04/08/2022 - 20:44:36: "mp_teams_unbalance_limit" = "1"
L 04/08/2022 - 20:44:36: "mp_timelimit" = "0"
L 04/08/2022 - 20:44:36: "cash_team_loser_bonus" = "1400"
L 04/08/2022 - 20:44:36: "sv_deadtalk" = "1"
L 04/08/2022 - 20:44:36: "cash_player_rescued_hostage" = "1000"
L 04/08/2022 - 20:44:36: "sm_marquee_version" = "1.0"
L 04/08/2022 - 20:44:36: "sv_waterfriction" = "1"
L 04/08/2022 - 20:44:36: "sv_competitive_official_5v5" = "0"
L 04/08/2022 - 20:44:36: "sv_steamgroup" = ""
L 04/08/2022 - 20:44:36: "admin_allspec_version" = "1.0.2"
L 04/08/2022 - 20:44:36: "cash_player_killed_enemy_default" = "300"
L 04/08/2022 - 20:44:36: "coop" = "0"
L 04/08/2022 - 20:44:36: "mp_respawnwavetime" = "10.0"
L 04/08/2022 - 20:44:36: "sv_teamid_overhead" = "1"
L 04/08/2022 - 20:44:36: "tv_enable1" = "0"
L 04/08/2022 - 20:44:36: "mce_version" = "1.10.2"
L 04/08/2022 - 20:44:36: "nextlevel" = ""
L 04/08/2022 - 20:44:36: "sv_stopspeed" = "80"
L 04/08/2022 - 20:44:36: "sv_specaccelerate" = "5"
L 04/08/2022 - 20:44:36: "deathmatch" = "1"
L 04/08/2022 - 20:44:36: "tv_enable" = "1"
L 04/08/2022 - 20:44:36: "sm_downloader_version" = "1.4"
L 04/08/2022 - 20:44:36: "mvp_defaultvol" = "0.8"
L 04/08/2022 - 20:44:36: "mp_roundtime_hostage" = "1.92"
L 04/08/2022 - 20:44:36: "mp_freezetime" = "5"
L 04/08/2022 - 20:44:36: "mp_teammates_are_enemies" = "0"
L 04/08/2022 - 20:44:36: "mp_falldamage" = "0"
L 04/08/2022 - 20:44:36: "sv_accelerate_use_weapon_speed" = "1"
L 04/08/2022 - 20:44:36: "sv_voiceenable" = "1"
L 04/08/2022 - 20:44:36: "sv_teamid_overhead_always_prohibit" = "0"
L 04/08/2022 - 20:44:36: "sv_bounce" = "0"
L 04/08/2022 - 20:44:36: "mp_disable_respawn_times" = "0"
L 04/08/2022 - 20:44:36: "r_AirboatViewDampenFreq" = "7.0"
L 04/08/2022 - 20:44:36: "mp_weaponstay" = "0"
L 04/08/2022 - 20:44:36: "mp_hostagepenalty" = "10"
L 04/08/2022 - 20:44:36: "tv_advertise_watchable" = "1"
L 04/08/2022 - 20:44:36: "mp_friendlyfire" = "0"
L 04/08/2022 - 20:44:36: "cash_team_hostage_interaction" = "600"
L 04/08/2022 - 20:44:36: "sv_noclipspeed" = "5"
L 04/08/2022 - 20:44:36: "cash_team_win_by_time_running_out_bomb" = "3250"
L 04/08/2022 - 20:44:36: "sv_allchat" = "1"
L 04/08/2022 - 20:44:36: "mp_buy_during_immunity" = "0"
L 04/08/2022 - 20:44:36: "cash_player_killed_enemy_factor" = "1"
L 04/08/2022 - 20:44:36: "mp_c4timer" = "40"
L 04/08/2022 - 20:44:36: "r_JeepViewDampenDamp" = "1.0"
L 04/08/2022 - 20:44:36: "sv_competitive_minspec" = "1"
L 04/08/2022 - 20:44:36: "r_AirboatViewDampenDamp" = "1.0"
L 04/08/2022 - 20:44:36: "store_cointoss_version" = "2.2"
L 04/08/2022 - 20:44:36: "sm_vip_default_hp" = "100"
L 04/08/2022 - 20:44:36: "sm_nextmap" = "de_dust2"
L 04/08/2022 - 20:44:36: "sv_max_allowed_net_graph" = "1"
L 04/08/2022 - 20:44:36: "mp_stalemate_at_timelimit" = "0"
L 04/08/2022 - 20:44:36: "mp_limitteams" = "2"
L 04/08/2022 - 20:44:36: "sv_footsteps" = "1"
L 04/08/2022 - 20:44:36: "sv_vote_issue_kick_allowed" = "1"
L 04/08/2022 - 20:44:36: "cash_team_survive_guardian_wave" = "1000"
L 04/08/2022 - 20:44:36: "tv_relaypassword" = ""
L 04/08/2022 - 20:44:36: "mp_teamplay" = "0"
L 04/08/2022 - 20:44:36: "cash_team_terrorist_win_bomb" = "3500"
L 04/08/2022 - 20:44:36: "cash_team_elimination_hostage_map_t" = "3000"
L 04/08/2022 - 20:44:36: "r_JeepViewDampenFreq" = "7.0"
L 04/08/2022 - 20:44:36: "eop_version" = "2.9"
L 04/08/2022 - 20:44:36: "cash_team_win_by_time_running_out_hostage" = "3250"
L 04/08/2022 - 20:44:36: "sv_specnoclip" = "1"
L 04/08/2022 - 20:44:36: "sv_friction" = "5.2"
L 04/08/2022 - 20:44:36: "cash_player_bomb_planted" = "300"
L 04/08/2022 - 20:44:36: "mp_autoteambalance" = "1"
L 04/08/2022 - 20:44:36: "sv_contact" = ""
L 04/08/2022 - 20:44:36: "sv_vote_kick_ban_duration" = "15"
L 04/08/2022 - 20:44:36: "cash_player_bomb_defused" = "300"
L 04/08/2022 - 20:44:36: "mp_roundtime" = "1.55"
L 04/08/2022 - 20:44:36: "sv_kick_ban_duration" = "15"
L 04/08/2022 - 20:44:36: "cash_team_planted_bomb_but_defused" = "800"
L 04/08/2022 - 20:44:36: "sm_vip_core_version" = "3.0 R"
L 04/08/2022 - 20:44:36: "cash_player_killed_hostage" = "-1000"
L 04/08/2022 - 20:44:36: "sv_vote_issue_loadbackup_allowed" = "1"
L 04/08/2022 - 20:44:36: "scp_version" = "1.1.5"
L 04/08/2022 - 20:44:36: "nextmode" = ""
L 04/08/2022 - 20:44:36: "mp_fraglimit" = "0"
L 04/08/2022 - 20:44:36: "cash_team_bonus_shorthanded" = "0"
L 04/08/2022 - 20:44:36: "sm_coinflip_min" = "5"
L 04/08/2022 - 20:44:36: "mp_forcerespawn" = "1"
L 04/08/2022 - 20:44:36: "cointoss_min" = "75"
L 04/08/2022 - 20:44:36: "abner_resetscore_version" = "1.5fix"
L 04/08/2022 - 20:44:36: "mp_winlimit" = "0"
L 04/08/2022 - 20:44:36: "sv_accelerate" = "5.5"
L 04/08/2022 - 20:44:36: "mp_buy_anywhere" = "0"
L 04/08/2022 - 20:44:36: "sv_gravity" = "800"
L 04/08/2022 - 20:44:36: "sv_password" = ""
L 04/08/2022 - 20:44:36: "cash_team_elimination_hostage_map_ct" = "3000"
L 04/08/2022 - 20:44:36: "cash_team_win_by_hostage_rescue" = "2900"
L 04/08/2022 - 20:44:36: "sv_vote_issue_loadbackup_spec_only" = "0"
L 04/08/2022 - 20:44:36: "cash_team_loser_bonus_consecutive_rounds" = "500"
L 04/08/2022 - 20:44:36: "cash_player_damage_hostage" = "-30"
L 04/08/2022 - 20:44:36: "r_JeepViewZHeight" = "10.0"
L 04/08/2022 - 20:44:36: "cash_team_hostage_alive" = "0"
L 04/08/2022 - 20:44:36: "tv_password" = ""
L 04/08/2022 - 20:44:36: "sv_specspeed" = "3"
L 04/08/2022 - 20:44:36: server cvars end
L 04/08/2022 - 20:44:37: Started map "de_mirage" (CRC "-561972028")
L 04/08/2022 - 20:44:38: server_cvar: "cash_player_interact_with_hostage" "150"
L 04/08/2022 - 20:44:38: server_cvar: "cash_team_elimination_hostage_map_ct" "2000"
L 04/08/2022 - 20:44:38: server_cvar: "cash_team_elimination_hostage_map_t" "1000"
L 04/08/2022 - 20:44:38: server_cvar: "cash_team_hostage_interaction" "500"
L 04/08/2022 - 20:44:38: server_cvar: "cash_team_rescued_hostage" "0"
L 04/08/2022 - 20:44:38: server_cvar: "cash_team_win_by_defusing_bomb" "3250"
L 04/08/2022 - 20:44:38: server_cvar: "cash_team_win_by_hostage_rescue" "3500"
L 04/08/2022 - 20:44:38: server_cvar: "mp_freezetime" "6"
L 04/08/2022 - 20:44:38: server_cvar: "mp_maxrounds" "0"
L 04/08/2022 - 20:44:38: server_cvar: "mp_roundtime" "5"
L 04/08/2022 - 20:44:38: server_cvar: "mp_roundtime_defuse" "0"
L 04/08/2022 - 20:44:38: server_cvar: "mp_roundtime_hostage" "0"
L 04/08/2022 - 20:44:38: server_cvar: "mp_timelimit" "5"
L 04/08/2022 - 20:44:38: server_cvar: "sv_airaccelerate" "12"
L 04/08/2022 - 20:44:38: server_cvar: "sv_alltalk" "0"
L 04/08/2022 - 20:44:38: server_cvar: "sv_deadtalk" "0"
L 04/08/2022 - 20:44:38: server_cvar: "sv_tags" "CODURI,CSGO,HVH"
L 04/08/2022 - 20:44:38: Log file closed
