L 04/08/2022 - 19:44:02: Log file started (file "logs/L089_034_025_021_27015_202204081944_001.log") (game "/home/client4775/service5731/csgo/csgo") (version "8515")
L 04/08/2022 - 19:44:02: server_cvar: "sv_airaccelerate" "500"
L 04/08/2022 - 19:44:02: server_cvar: "cash_player_interact_with_hostage" "300"
L 04/08/2022 - 19:44:02: server_cvar: "cash_team_elimination_hostage_map_t" "3000"
L 04/08/2022 - 19:44:02: server_cvar: "cash_team_elimination_hostage_map_ct" "3000"
L 04/08/2022 - 19:44:02: server_cvar: "cash_team_hostage_interaction" "600"
L 04/08/2022 - 19:44:02: server_cvar: "cash_team_rescued_hostage" "600"
L 04/08/2022 - 19:44:02: server_cvar: "cash_team_win_by_defusing_bomb" "3500"
L 04/08/2022 - 19:44:02: server_cvar: "cash_team_win_by_hostage_rescue" "2900"
L 04/08/2022 - 19:44:02: server_cvar: "mp_freezetime" "5"
L 04/08/2022 - 19:44:02: server_cvar: "mp_maxrounds" "30"
L 04/08/2022 - 19:44:02: server_cvar: "mp_roundtime" "1.55"
L 04/08/2022 - 19:44:02: server_cvar: "mp_roundtime_hostage" "1.92"
L 04/08/2022 - 19:44:02: server_cvar: "mp_roundtime_defuse" "1.92"
L 04/08/2022 - 19:44:02: server_cvar: "mp_timelimit" "0"
L 04/08/2022 - 19:44:02: server_cvar: "sv_deadtalk" "1"
L 04/08/2022 - 19:44:05: "GOTV<2><BOT><>" entered the game
L 04/08/2022 - 19:44:05: World triggered "Round_Start"
L 04/08/2022 - 19:44:06: server_cvar: "sv_alltalk" "1"
L 04/08/2022 - 19:44:36: "MUIE LU MA TA<4><STEAM_1:1:231069809><>" entered the game
L 04/08/2022 - 19:44:50: "MUIE LU MA TA<4><STEAM_1:1:231069809>" switched from team <Unassigned> to <CT>
L 04/08/2022 - 19:44:50: World triggered "Game_Commencing"
L 04/08/2022 - 19:44:50: Starting Freeze period
L 04/08/2022 - 19:44:50: World triggered "Match_Start" on "de_mirage"
L 04/08/2022 - 19:44:50: MatchStatus: Team "CT" is unset.
L 04/08/2022 - 19:44:50: MatchStatus: Team "TERRORIST" is unset.
L 04/08/2022 - 19:44:50: MatchStatus: Score: 0:0 on map "de_mirage" RoundsPlayed: -1
L 04/08/2022 - 19:44:50: "MUIE LU MA TA<4><STEAM_1:1:231069809><CT>" purchased "unknown"
L 04/08/2022 - 19:44:50: "MUIE LU MA TA<4><STEAM_1:1:231069809><CT>" purchased "unknown"
L 04/08/2022 - 19:44:50: "MUIE LU MA TA<4><STEAM_1:1:231069809><CT>" purchased "unknown"
L 04/08/2022 - 19:44:50: "MUIE LU MA TA<4><STEAM_1:1:231069809><CT>" purchased "unknown"
L 04/08/2022 - 19:44:50: "MUIE LU MA TA<4><STEAM_1:1:231069809><CT>" purchased "unknown"
L 04/08/2022 - 19:44:50: "MUIE LU MA TA<4><STEAM_1:1:231069809><CT>" purchased "unknown"
L 04/08/2022 - 19:44:50: "MUIE LU MA TA<4><STEAM_1:1:231069809><CT>" purchased "unknown"
L 04/08/2022 - 19:44:50: "MUIE LU MA TA<4><STEAM_1:1:231069809><CT>" purchased "unknown"
L 04/08/2022 - 19:44:50: "MUIE LU MA TA<4><STEAM_1:1:231069809><CT>" purchased "unknown"
L 04/08/2022 - 19:44:52: World triggered "Round_Start"
L 04/08/2022 - 19:44:55: Starting Freeze period
L 04/08/2022 - 19:44:55: World triggered "Match_Start" on "de_mirage"
L 04/08/2022 - 19:44:55: MatchStatus: Team "CT" is unset.
L 04/08/2022 - 19:44:55: MatchStatus: Team "TERRORIST" is unset.
L 04/08/2022 - 19:44:55: MatchStatus: Score: 0:0 on map "de_mirage" RoundsPlayed: 0
L 04/08/2022 - 19:45:00: World triggered "Round_Start"
L 04/08/2022 - 19:46:24: "Serby-<5><STEAM_1:1:636507947><>" connected, address ""
L 04/08/2022 - 19:46:24: "Serby-<5><STEAM_1:1:636507947><>" STEAM USERID validated
L 04/08/2022 - 19:46:26: "MUIE LU MA TA<4><STEAM_1:1:231069809><CT>" say "!admin"
L 04/08/2022 - 19:46:39: "MUIE LU MA TA<4><STEAM_1:1:231069809><CT>" say "!owner"
L 04/08/2022 - 19:46:40: "Serby-<5><STEAM_1:1:636507947><>" entered the game
L 04/08/2022 - 19:46:42: "MUIE LU MA TA<4><STEAM_1:1:231069809><CT>" say "!"
L 04/08/2022 - 19:46:45: "MUIE LU MA TA<4><STEAM_1:1:231069809><CT>" say "!tag"
L 04/08/2022 - 19:46:46: "Serby-<5><STEAM_1:1:636507947>" switched from team <Unassigned> to <TERRORIST>
L 04/08/2022 - 19:46:46: Team "CT" triggered "SFUI_Notice_CTs_Win" (CT "1") (T "0")
L 04/08/2022 - 19:46:46: Team "CT" scored "1" with "1" players
L 04/08/2022 - 19:46:46: Team "TERRORIST" scored "0" with "1" players
L 04/08/2022 - 19:46:46: MatchStatus: Team "CT" is unset.
L 04/08/2022 - 19:46:46: MatchStatus: Team "TERRORIST" is unset.
L 04/08/2022 - 19:46:46: MatchStatus: Score: 1:0 on map "de_mirage" RoundsPlayed: 1
L 04/08/2022 - 19:46:46: World triggered "Round_End"
L 04/08/2022 - 19:46:49: "MUIE LU MA TA<4><STEAM_1:1:231069809><CT>" say "!shop"
L 04/08/2022 - 19:46:53: Starting Freeze period
L 04/08/2022 - 19:46:53: "Serby-<5><STEAM_1:1:636507947><TERRORIST>" triggered "Got_The_Bomb"
L 04/08/2022 - 19:46:53: MatchStatus: Team "CT" is unset.
L 04/08/2022 - 19:46:53: MatchStatus: Team "TERRORIST" is unset.
L 04/08/2022 - 19:46:53: MatchStatus: Score: 1:0 on map "de_mirage" RoundsPlayed: 1
L 04/08/2022 - 19:46:53: "Serby-<5><STEAM_1:1:636507947><TERRORIST>" purchased "ssg08"
L 04/08/2022 - 19:46:53: "Serby-<5><STEAM_1:1:636507947><TERRORIST>" purchased "hegrenade"
L 04/08/2022 - 19:46:53: "Serby-<5><STEAM_1:1:636507947><TERRORIST>" purchased "taser"
L 04/08/2022 - 19:46:58: "MUIE LU MA TA<4><STEAM_1:1:231069809><CT>" say "!mvp"
L 04/08/2022 - 19:46:58: World triggered "Round_Start"
L 04/08/2022 - 19:46:59: "Serby-<5><STEAM_1:1:636507947><TERRORIST>" disconnected (reason "Serby- timed out")
L 04/08/2022 - 19:46:59: "Serby-<5><STEAM_1:1:636507947><TERRORIST>" triggered "Dropped_The_Bomb"
L 04/08/2022 - 19:46:59: "Serby-<5><STEAM_1:1:636507947><TERRORIST>" [1376 -16 -104] committed suicide with "world"
L 04/08/2022 - 19:46:59: Team "CT" triggered "SFUI_Notice_CTs_Win" (CT "2") (T "0")
L 04/08/2022 - 19:46:59: Team "CT" scored "2" with "1" players
L 04/08/2022 - 19:46:59: Team "TERRORIST" scored "0" with "1" players
L 04/08/2022 - 19:46:59: MatchStatus: Team "CT" is unset.
L 04/08/2022 - 19:46:59: MatchStatus: Team "TERRORIST" is unset.
L 04/08/2022 - 19:46:59: MatchStatus: Score: 2:0 on map "de_mirage" RoundsPlayed: 2
L 04/08/2022 - 19:46:59: World triggered "Round_End"
L 04/08/2022 - 19:46:59: "Serby-<5><STEAM_1:1:636507947>" switched from team <TERRORIST> to <Unassigned>
L 04/08/2022 - 19:47:01: "MUIE LU MA TA<4><STEAM_1:1:231069809><CT>" say "ia baga"
L 04/08/2022 - 19:47:06: Starting Freeze period
L 04/08/2022 - 19:47:06: MatchStatus: Team "CT" is unset.
L 04/08/2022 - 19:47:06: MatchStatus: Team "TERRORIST" is unset.
L 04/08/2022 - 19:47:06: MatchStatus: Score: 2:0 on map "de_mirage" RoundsPlayed: 2
L 04/08/2022 - 19:47:06: "MUIE LU MA TA<4><STEAM_1:1:231069809><CT>" purchased "item_defuser"
L 04/08/2022 - 19:47:06: "MUIE LU MA TA<4><STEAM_1:1:231069809><CT>" purchased "taser"
L 04/08/2022 - 19:47:06: "MUIE LU MA TA<4><STEAM_1:1:231069809><CT>" purchased "smokegrenade"
L 04/08/2022 - 19:47:06: "MUIE LU MA TA<4><STEAM_1:1:231069809><CT>" purchased "hegrenade"
L 04/08/2022 - 19:47:06: "MUIE LU MA TA<4><STEAM_1:1:231069809><CT>" purchased "incgrenade"
L 04/08/2022 - 19:47:06: "MUIE LU MA TA<4><STEAM_1:1:231069809><CT>" purchased "ssg08"
L 04/08/2022 - 19:47:06: "MUIE LU MA TA<4><STEAM_1:1:231069809><CT>" purchased "deagle"
L 04/08/2022 - 19:47:11: World triggered "Round_Start"
L 04/08/2022 - 19:48:45: "Serby-<6><STEAM_1:1:636507947><>" connected, address ""
L 04/08/2022 - 19:48:45: "Serby-<6><STEAM_1:1:636507947><>" STEAM USERID validated
L 04/08/2022 - 19:49:00: "Serby-<6><STEAM_1:1:636507947><>" entered the game
L 04/08/2022 - 19:49:05: "Serby-<6><STEAM_1:1:636507947>" switched from team <Unassigned> to <TERRORIST>
L 04/08/2022 - 19:49:05: Team "CT" triggered "SFUI_Notice_CTs_Win" (CT "3") (T "0")
L 04/08/2022 - 19:49:05: Team "CT" scored "3" with "1" players
L 04/08/2022 - 19:49:05: Team "TERRORIST" scored "0" with "1" players
L 04/08/2022 - 19:49:05: MatchStatus: Team "CT" is unset.
L 04/08/2022 - 19:49:05: MatchStatus: Team "TERRORIST" is unset.
L 04/08/2022 - 19:49:05: MatchStatus: Score: 3:0 on map "de_mirage" RoundsPlayed: 3
L 04/08/2022 - 19:49:05: World triggered "Round_End"
L 04/08/2022 - 19:49:11: "MUIE LU MA TA<4><STEAM_1:1:231069809><CT>" say "ce zici mosule ?"
L 04/08/2022 - 19:49:12: Starting Freeze period
L 04/08/2022 - 19:49:13: "Serby-<6><STEAM_1:1:636507947><TERRORIST>" triggered "Got_The_Bomb"
L 04/08/2022 - 19:49:13: MatchStatus: Team "CT" is unset.
L 04/08/2022 - 19:49:13: MatchStatus: Team "TERRORIST" is unset.
L 04/08/2022 - 19:49:13: MatchStatus: Score: 3:0 on map "de_mirage" RoundsPlayed: 3
L 04/08/2022 - 19:49:13: "Serby-<6><STEAM_1:1:636507947><TERRORIST>" purchased "ssg08"
L 04/08/2022 - 19:49:13: "Serby-<6><STEAM_1:1:636507947><TERRORIST>" purchased "deagle"
L 04/08/2022 - 19:49:13: "Serby-<6><STEAM_1:1:636507947><TERRORIST>" purchased "item_kevlar"
L 04/08/2022 - 19:49:13: "Serby-<6><STEAM_1:1:636507947><TERRORIST>" purchased "taser"
L 04/08/2022 - 19:49:13: "MUIE LU MA TA<4><STEAM_1:1:231069809><CT>" say "!admin"
L 04/08/2022 - 19:49:16: "MUIE LU MA TA<4><STEAM_1:1:231069809><CT>" say "iti place"
L 04/08/2022 - 19:49:18: World triggered "Round_Start"
L 04/08/2022 - 19:49:24: "Serby-<6><STEAM_1:1:636507947><TERRORIST>" say "da mi owner"
L 04/08/2022 - 19:49:30: "MUIE LU MA TA<4><STEAM_1:1:231069809><CT>" say "!admin"
L 04/08/2022 - 19:49:31: "Serby-<6><STEAM_1:1:636507947><TERRORIST>" say "dc am bratva peek"
L 04/08/2022 - 19:49:32: "Serby-<6><STEAM_1:1:636507947><TERRORIST>" say "=))"
L 04/08/2022 - 19:49:35: "MUIE LU MA TA<4><STEAM_1:1:231069809><CT>" say "ca e copiat"
L 04/08/2022 - 19:49:37: "MUIE LU MA TA<4><STEAM_1:1:231069809><CT>" say "de pe sv ala lant"
L 04/08/2022 - 19:49:48: "Serby-<6><STEAM_1:1:636507947><TERRORIST>" [-213 -1692 -168] killed "MUIE LU MA TA<4><STEAM_1:1:231069809><CT>" [-373 -2188 -111] with "ssg08" (headshot penetrated)
L 04/08/2022 - 19:49:48: Team "TERRORIST" triggered "SFUI_Notice_Terrorists_Win" (CT "3") (T "1")
L 04/08/2022 - 19:49:48: Team "CT" scored "3" with "1" players
L 04/08/2022 - 19:49:48: Team "TERRORIST" scored "1" with "1" players
L 04/08/2022 - 19:49:48: MatchStatus: Team "CT" is unset.
L 04/08/2022 - 19:49:48: MatchStatus: Team "TERRORIST" is unset.
L 04/08/2022 - 19:49:48: MatchStatus: Score: 3:1 on map "de_mirage" RoundsPlayed: 4
L 04/08/2022 - 19:49:48: World triggered "Round_End"
L 04/08/2022 - 19:49:51: "MUIE LU MA TA<4><STEAM_1:1:231069809><CT>" say "ti am dat"
L 04/08/2022 - 19:49:52: "Serby-<6><STEAM_1:1:636507947><TERRORIST>" say "!admin"
L 04/08/2022 - 19:49:52: "MUIE LU MA TA<4><STEAM_1:1:231069809><CT>" say "st"
L 04/08/2022 - 19:49:54: "MUIE LU MA TA<4><STEAM_1:1:231069809><CT>" say "!mvp"
L 04/08/2022 - 19:49:55: Starting Freeze period
L 04/08/2022 - 19:49:55: "Serby-<6><STEAM_1:1:636507947><TERRORIST>" triggered "Got_The_Bomb"
L 04/08/2022 - 19:49:55: MatchStatus: Team "CT" is unset.
L 04/08/2022 - 19:49:55: MatchStatus: Team "TERRORIST" is unset.
L 04/08/2022 - 19:49:55: MatchStatus: Score: 3:1 on map "de_mirage" RoundsPlayed: 4
L 04/08/2022 - 19:49:55: "Serby-<6><STEAM_1:1:636507947><TERRORIST>" purchased "item_assaultsuit"
L 04/08/2022 - 19:49:55: "Serby-<6><STEAM_1:1:636507947><TERRORIST>" purchased "hegrenade"
L 04/08/2022 - 19:49:55: "Serby-<6><STEAM_1:1:636507947><TERRORIST>" purchased "molotov"
L 04/08/2022 - 19:49:55: "Serby-<6><STEAM_1:1:636507947><TERRORIST>" purchased "smokegrenade"
L 04/08/2022 - 19:49:55: "MUIE LU MA TA<4><STEAM_1:1:231069809><CT>" purchased "item_kevlar"
L 04/08/2022 - 19:49:55: "MUIE LU MA TA<4><STEAM_1:1:231069809><CT>" purchased "item_assaultsuit"
L 04/08/2022 - 19:49:55: "MUIE LU MA TA<4><STEAM_1:1:231069809><CT>" purchased "item_defuser"
L 04/08/2022 - 19:49:55: "MUIE LU MA TA<4><STEAM_1:1:231069809><CT>" purchased "taser"
L 04/08/2022 - 19:49:55: "MUIE LU MA TA<4><STEAM_1:1:231069809><CT>" purchased "smokegrenade"
L 04/08/2022 - 19:49:55: "MUIE LU MA TA<4><STEAM_1:1:231069809><CT>" purchased "hegrenade"
L 04/08/2022 - 19:49:55: "MUIE LU MA TA<4><STEAM_1:1:231069809><CT>" purchased "incgrenade"
L 04/08/2022 - 19:49:55: "MUIE LU MA TA<4><STEAM_1:1:231069809><CT>" purchased "ssg08"
L 04/08/2022 - 19:49:55: "MUIE LU MA TA<4><STEAM_1:1:231069809><CT>" purchased "deagle"
L 04/08/2022 - 19:49:55: "Serby-<6><STEAM_1:1:636507947><TERRORIST>" say "ok"
L 04/08/2022 - 19:49:56: "MUIE LU MA TA<4><STEAM_1:1:231069809><CT>" say "ia baga mvp"
L 04/08/2022 - 19:50:00: World triggered "Round_Start"
L 04/08/2022 - 19:50:00: "Serby-<6><STEAM_1:1:636507947><TERRORIST>" say "ba il bag pe unu nu"
L 04/08/2022 - 19:50:01: "Serby-<6><STEAM_1:1:636507947><TERRORIST>" say "ok?"
L 04/08/2022 - 19:50:01: "MUIE LU MA TA<4><STEAM_1:1:231069809><CT>" say "!shop"
L 04/08/2022 - 19:50:04: "MUIE LU MA TA<4><STEAM_1:1:231069809><CT>" say "ce?"
L 04/08/2022 - 19:50:07: "Serby-<6><STEAM_1:1:636507947><TERRORIST>" say "ala de e admin pe 1tap"
L 04/08/2022 - 19:50:11: "Serby-<6><STEAM_1:1:636507947><TERRORIST>" say "ala nu asa il cheama"
L 04/08/2022 - 19:50:14: "MUIE LU MA TA<4><STEAM_1:1:231069809><CT>" say "da"
L 04/08/2022 - 19:50:26: "Serby-<6><STEAM_1:1:636507947><TERRORIST>" triggered "Dropped_The_Bomb"
L 04/08/2022 - 19:50:26: "MUIE LU MA TA<4><STEAM_1:1:231069809><CT>" [771 -2071 -40] killed "Serby-<6><STEAM_1:1:636507947><TERRORIST>" [988 -1837 -8] with "ssg08" (headshot penetrated)
L 04/08/2022 - 19:50:27: Team "CT" triggered "SFUI_Notice_CTs_Win" (CT "4") (T "1")
L 04/08/2022 - 19:50:27: Team "CT" scored "4" with "1" players
L 04/08/2022 - 19:50:27: Team "TERRORIST" scored "1" with "1" players
L 04/08/2022 - 19:50:27: MatchStatus: Team "CT" is unset.
L 04/08/2022 - 19:50:27: MatchStatus: Team "TERRORIST" is unset.
L 04/08/2022 - 19:50:27: MatchStatus: Score: 4:1 on map "de_mirage" RoundsPlayed: 5
L 04/08/2022 - 19:50:27: World triggered "Round_End"
L 04/08/2022 - 19:50:28: "Serby-<6><STEAM_1:1:636507947><TERRORIST>" say "!mvp"
L 04/08/2022 - 19:50:31: "MUIE LU MA TA<4><STEAM_1:1:231069809><CT>" say "ok"
L 04/08/2022 - 19:50:33: Starting Freeze period
L 04/08/2022 - 19:50:33: "Serby-<6><STEAM_1:1:636507947><TERRORIST>" triggered "Got_The_Bomb"
L 04/08/2022 - 19:50:33: MatchStatus: Team "CT" is unset.
L 04/08/2022 - 19:50:33: MatchStatus: Team "TERRORIST" is unset.
L 04/08/2022 - 19:50:33: MatchStatus: Score: 4:1 on map "de_mirage" RoundsPlayed: 5
L 04/08/2022 - 19:50:33: "MUIE LU MA TA<4><STEAM_1:1:231069809><CT>" say "iti dau, acu iubire"
L 04/08/2022 - 19:50:33: "Serby-<6><STEAM_1:1:636507947><TERRORIST>" purchased "ssg08"
L 04/08/2022 - 19:50:33: "Serby-<6><STEAM_1:1:636507947><TERRORIST>" purchased "deagle"
L 04/08/2022 - 19:50:33: "Serby-<6><STEAM_1:1:636507947><TERRORIST>" purchased "item_assaultsuit"
L 04/08/2022 - 19:50:33: "Serby-<6><STEAM_1:1:636507947><TERRORIST>" purchased "hegrenade"
L 04/08/2022 - 19:50:33: "Serby-<6><STEAM_1:1:636507947><TERRORIST>" purchased "molotov"
L 04/08/2022 - 19:50:38: World triggered "Round_Start"
L 04/08/2022 - 19:50:40: "nu<7><STEAM_1:0:625971129><>" connected, address ""
L 04/08/2022 - 19:50:40: "nu<7><STEAM_1:0:625971129><>" STEAM USERID validated
L 04/08/2022 - 19:50:57: "Serby-<6><STEAM_1:1:636507947><TERRORIST>" say "ce imi dai acm"
L 04/08/2022 - 19:50:59: "Serby-<6><STEAM_1:1:636507947><TERRORIST>" [-1113 -2355 -168] killed "MUIE LU MA TA<4><STEAM_1:1:231069809><CT>" [-1971 -1932 -223] with "ssg08" (headshot)
L 04/08/2022 - 19:50:59: Team "TERRORIST" triggered "SFUI_Notice_Terrorists_Win" (CT "4") (T "2")
L 04/08/2022 - 19:50:59: Team "CT" scored "4" with "1" players
L 04/08/2022 - 19:50:59: Team "TERRORIST" scored "2" with "1" players
L 04/08/2022 - 19:50:59: MatchStatus: Team "CT" is unset.
L 04/08/2022 - 19:50:59: MatchStatus: Team "TERRORIST" is unset.
L 04/08/2022 - 19:50:59: MatchStatus: Score: 4:2 on map "de_mirage" RoundsPlayed: 6
L 04/08/2022 - 19:50:59: World triggered "Round_End"
L 04/08/2022 - 19:51:00: "MUIE LU MA TA<4><STEAM_1:1:231069809><CT>" say "owner"
L 04/08/2022 - 19:51:03: "MUIE LU MA TA<4><STEAM_1:1:231069809><CT>" say "ai ceva deasupra capului ?"
L 04/08/2022 - 19:51:05: "Serby-<6><STEAM_1:1:636507947><TERRORIST>" say "pai n am?"
L 04/08/2022 - 19:51:06: Starting Freeze period
L 04/08/2022 - 19:51:06: "Serby-<6><STEAM_1:1:636507947><TERRORIST>" triggered "Got_The_Bomb"
L 04/08/2022 - 19:51:06: MatchStatus: Team "CT" is unset.
L 04/08/2022 - 19:51:06: MatchStatus: Team "TERRORIST" is unset.
L 04/08/2022 - 19:51:06: MatchStatus: Score: 4:2 on map "de_mirage" RoundsPlayed: 6
L 04/08/2022 - 19:51:06: "MUIE LU MA TA<4><STEAM_1:1:231069809><CT>" purchased "item_kevlar"
L 04/08/2022 - 19:51:06: "MUIE LU MA TA<4><STEAM_1:1:231069809><CT>" purchased "item_assaultsuit"
L 04/08/2022 - 19:51:06: "MUIE LU MA TA<4><STEAM_1:1:231069809><CT>" purchased "item_defuser"
L 04/08/2022 - 19:51:06: "MUIE LU MA TA<4><STEAM_1:1:231069809><CT>" purchased "taser"
L 04/08/2022 - 19:51:06: "MUIE LU MA TA<4><STEAM_1:1:231069809><CT>" purchased "smokegrenade"
L 04/08/2022 - 19:51:06: "MUIE LU MA TA<4><STEAM_1:1:231069809><CT>" purchased "hegrenade"
L 04/08/2022 - 19:51:06: "MUIE LU MA TA<4><STEAM_1:1:231069809><CT>" purchased "incgrenade"
L 04/08/2022 - 19:51:06: "MUIE LU MA TA<4><STEAM_1:1:231069809><CT>" purchased "ssg08"
L 04/08/2022 - 19:51:06: "MUIE LU MA TA<4><STEAM_1:1:231069809><CT>" purchased "deagle"
L 04/08/2022 - 19:51:06: "Serby-<6><STEAM_1:1:636507947><TERRORIST>" purchased "smokegrenade"
L 04/08/2022 - 19:51:06: "Serby-<6><STEAM_1:1:636507947><TERRORIST>" purchased "taser"
L 04/08/2022 - 19:51:07: "Serby-<6><STEAM_1:1:636507947><TERRORIST>" say "da"
L 04/08/2022 - 19:51:07: "MUIE LU MA TA<4><STEAM_1:1:231069809><CT>" say "!admin"
L 04/08/2022 - 19:51:08: "Serby-<6><STEAM_1:1:636507947><TERRORIST>" say "am"
L 04/08/2022 - 19:51:08: "MUIE LU MA TA<4><STEAM_1:1:231069809><CT>" say "ce"
L 04/08/2022 - 19:51:10: "MUIE LU MA TA<4><STEAM_1:1:231069809><CT>" say "scrie"
L 04/08/2022 - 19:51:11: World triggered "Round_Start"
L 04/08/2022 - 19:51:12: "Serby-<6><STEAM_1:1:636507947><TERRORIST>" say "merge si admin"
L 04/08/2022 - 19:51:14: "Serby-<6><STEAM_1:1:636507947><TERRORIST>" say "!admin"
L 04/08/2022 - 19:51:19: "MUIE LU MA TA<4><STEAM_1:1:231069809><CT>" say "st ca bag acu"
L 04/08/2022 - 19:51:28: "nu<7><STEAM_1:0:625971129><>" entered the game
L 04/08/2022 - 19:51:32: "Serby-<6><STEAM_1:1:636507947><TERRORIST>" say "intra acm"
L 04/08/2022 - 19:51:34: "nu<7><STEAM_1:0:625971129><Unassigned>" disconnected (reason "nu timed out")
L 04/08/2022 - 19:51:43: "Serby-<6><STEAM_1:1:636507947><TERRORIST>" say "crash"
L 04/08/2022 - 19:51:44: "Serby-<6><STEAM_1:1:636507947><TERRORIST>" say "xdf"
L 04/08/2022 - 19:51:49: "Serby-<6><STEAM_1:1:636507947><TERRORIST>" say "t"
L 04/08/2022 - 19:51:52: "Serby-<6><STEAM_1:1:636507947><TERRORIST>" say "!shop"
L 04/08/2022 - 19:51:56: "MUIE LU MA TA<4><STEAM_1:1:231069809><CT>" say "ie fain ma"
L 04/08/2022 - 19:51:59: "Serby-<6><STEAM_1:1:636507947><TERRORIST>" [-811 -2230 -179] killed "MUIE LU MA TA<4><STEAM_1:1:231069809><CT>" [-933 -2356 -121] with "ssg08" (headshot)
L 04/08/2022 - 19:51:59: Team "TERRORIST" triggered "SFUI_Notice_Terrorists_Win" (CT "4") (T "3")
L 04/08/2022 - 19:51:59: Team "CT" scored "4" with "1" players
L 04/08/2022 - 19:51:59: Team "TERRORIST" scored "3" with "1" players
L 04/08/2022 - 19:51:59: MatchStatus: Team "CT" is unset.
L 04/08/2022 - 19:51:59: MatchStatus: Team "TERRORIST" is unset.
L 04/08/2022 - 19:51:59: MatchStatus: Score: 4:3 on map "de_mirage" RoundsPlayed: 7
L 04/08/2022 - 19:51:59: World triggered "Round_End"
L 04/08/2022 - 19:52:04: "Serby-<6><STEAM_1:1:636507947><TERRORIST>" say "t"
L 04/08/2022 - 19:52:06: Starting Freeze period
L 04/08/2022 - 19:52:06: "Serby-<6><STEAM_1:1:636507947><TERRORIST>" triggered "Got_The_Bomb"
L 04/08/2022 - 19:52:06: MatchStatus: Team "CT" is unset.
L 04/08/2022 - 19:52:06: MatchStatus: Team "TERRORIST" is unset.
L 04/08/2022 - 19:52:06: MatchStatus: Score: 4:3 on map "de_mirage" RoundsPlayed: 7
L 04/08/2022 - 19:52:09: "Serby-<6><STEAM_1:1:636507947><TERRORIST>" say "!vip"
L 04/08/2022 - 19:52:11: World triggered "Round_Start"
L 04/08/2022 - 19:52:13: "MUIE LU MA TA<4><STEAM_1:1:231069809><CT>" say "!vip"
L 04/08/2022 - 19:52:23: "Serby-<6><STEAM_1:1:636507947><TERRORIST>" say "ba da nu pot sa mi pun tagu de owner"
L 04/08/2022 - 19:52:25: "Serby-<6><STEAM_1:1:636507947><TERRORIST>" say "din vip"
L 04/08/2022 - 19:52:27: "Serby-<6><STEAM_1:1:636507947><TERRORIST>" say "n am acc cica"
L 04/08/2022 - 19:52:27: "MUIE LU MA TA<4><STEAM_1:1:231069809><CT>" say "st ma"
L 04/08/2022 - 19:52:31: "MUIE LU MA TA<4><STEAM_1:1:231069809><CT>" say "ca bn ai acces"
L 04/08/2022 - 19:52:32: "MUIE LU MA TA<4><STEAM_1:1:231069809><CT>" say "wait"
L 04/08/2022 - 19:52:37: "Serby-<6><STEAM_1:1:636507947><TERRORIST>" [102 -2282 -40] killed "MUIE LU MA TA<4><STEAM_1:1:231069809><CT>" [47 -1749 -48] with "ssg08" (headshot penetrated)
L 04/08/2022 - 19:52:37: Team "TERRORIST" triggered "SFUI_Notice_Terrorists_Win" (CT "4") (T "4")
L 04/08/2022 - 19:52:37: Team "CT" scored "4" with "1" players
L 04/08/2022 - 19:52:37: Team "TERRORIST" scored "4" with "1" players
L 04/08/2022 - 19:52:37: MatchStatus: Team "CT" is unset.
L 04/08/2022 - 19:52:37: MatchStatus: Team "TERRORIST" is unset.
L 04/08/2022 - 19:52:37: MatchStatus: Score: 4:4 on map "de_mirage" RoundsPlayed: 8
L 04/08/2022 - 19:52:37: World triggered "Round_End"
L 04/08/2022 - 19:52:44: Starting Freeze period
L 04/08/2022 - 19:52:44: "Serby-<6><STEAM_1:1:636507947><TERRORIST>" triggered "Got_The_Bomb"
L 04/08/2022 - 19:52:44: MatchStatus: Team "CT" is unset.
L 04/08/2022 - 19:52:44: MatchStatus: Team "TERRORIST" is unset.
L 04/08/2022 - 19:52:44: MatchStatus: Score: 4:4 on map "de_mirage" RoundsPlayed: 8
L 04/08/2022 - 19:52:44: "MUIE LU MA TA<4><STEAM_1:1:231069809><CT>" purchased "item_kevlar"
L 04/08/2022 - 19:52:44: "MUIE LU MA TA<4><STEAM_1:1:231069809><CT>" purchased "item_assaultsuit"
L 04/08/2022 - 19:52:44: "MUIE LU MA TA<4><STEAM_1:1:231069809><CT>" purchased "item_defuser"
L 04/08/2022 - 19:52:44: "MUIE LU MA TA<4><STEAM_1:1:231069809><CT>" purchased "taser"
L 04/08/2022 - 19:52:44: "MUIE LU MA TA<4><STEAM_1:1:231069809><CT>" purchased "smokegrenade"
L 04/08/2022 - 19:52:44: "MUIE LU MA TA<4><STEAM_1:1:231069809><CT>" purchased "hegrenade"
L 04/08/2022 - 19:52:44: "MUIE LU MA TA<4><STEAM_1:1:231069809><CT>" purchased "incgrenade"
L 04/08/2022 - 19:52:44: "MUIE LU MA TA<4><STEAM_1:1:231069809><CT>" purchased "ssg08"
L 04/08/2022 - 19:52:44: "MUIE LU MA TA<4><STEAM_1:1:231069809><CT>" purchased "deagle"
L 04/08/2022 - 19:52:49: World triggered "Round_Start"
L 04/08/2022 - 19:52:54: "Serby-<6><STEAM_1:1:636507947><TERRORIST>" say "!admin"
L 04/08/2022 - 19:53:03: "nu<8><STEAM_1:0:625971129><>" connected, address ""
L 04/08/2022 - 19:53:03: "nu<8><STEAM_1:0:625971129><>" STEAM USERID validated
L 04/08/2022 - 19:53:19: "Serby-<6><STEAM_1:1:636507947><TERRORIST>" say "t"
L 04/08/2022 - 19:53:21: "Serby-<6><STEAM_1:1:636507947><TERRORIST>" say "t"
L 04/08/2022 - 19:53:30: "nu<8><STEAM_1:0:625971129><>" entered the game
L 04/08/2022 - 19:53:33: "Serby-<6><STEAM_1:1:636507947><TERRORIST>" say "t"
L 04/08/2022 - 19:53:38: "nu<8><STEAM_1:0:625971129>" switched from team <Unassigned> to <TERRORIST>
L 04/08/2022 - 19:53:42: "Serby-<6><STEAM_1:1:636507947><TERRORIST>" say "t"
L 04/08/2022 - 19:53:47: "Serby-<6><STEAM_1:1:636507947><TERRORIST>" say_team "sunt"
L 04/08/2022 - 19:53:50: "Serby-<6><STEAM_1:1:636507947><TERRORIST>" say_team "nu ma vezi"
L 04/08/2022 - 19:53:53: "Serby-<6><STEAM_1:1:636507947><TERRORIST>" say_team "am owner ez"
L 04/08/2022 - 19:54:00: "nu<8><STEAM_1:0:625971129><TERRORIST>" say_team "da vtm"
L 04/08/2022 - 19:54:06: "Serby-<6><STEAM_1:1:636507947><TERRORIST>" triggered "Dropped_The_Bomb"
L 04/08/2022 - 19:54:06: "MUIE LU MA TA<4><STEAM_1:1:231069809><CT>" [-1881 -1993 -272] killed "Serby-<6><STEAM_1:1:636507947><TERRORIST>" [-1270 -2272 -139] with "ssg08" (headshot penetrated)
L 04/08/2022 - 19:54:06: Team "CT" triggered "SFUI_Notice_CTs_Win" (CT "5") (T "4")
L 04/08/2022 - 19:54:06: Team "CT" scored "5" with "1" players
L 04/08/2022 - 19:54:06: Team "TERRORIST" scored "4" with "2" players
L 04/08/2022 - 19:54:06: MatchStatus: Team "CT" is unset.
L 04/08/2022 - 19:54:06: MatchStatus: Team "TERRORIST" is unset.
L 04/08/2022 - 19:54:06: MatchStatus: Score: 5:4 on map "de_mirage" RoundsPlayed: 9
L 04/08/2022 - 19:54:06: World triggered "Round_End"
L 04/08/2022 - 19:54:07: "nu<8><STEAM_1:0:625971129><TERRORIST>" say_team "da si mie"
L 04/08/2022 - 19:54:07: "MUIE LU MA TA<4><STEAM_1:1:231069809><CT>" say "ba"
L 04/08/2022 - 19:54:12: "Serby-<6><STEAM_1:1:636507947><TERRORIST>" say_team "sugi"
L 04/08/2022 - 19:54:13: Starting Freeze period
L 04/08/2022 - 19:54:13: "Serby-<6><STEAM_1:1:636507947><TERRORIST>" triggered "Got_The_Bomb"
L 04/08/2022 - 19:54:13: MatchStatus: Team "CT" is unset.
L 04/08/2022 - 19:54:13: MatchStatus: Team "TERRORIST" is unset.
L 04/08/2022 - 19:54:13: MatchStatus: Score: 5:4 on map "de_mirage" RoundsPlayed: 9
L 04/08/2022 - 19:54:13: "Serby-<6><STEAM_1:1:636507947><TERRORIST>" purchased "ssg08"
L 04/08/2022 - 19:54:13: "Serby-<6><STEAM_1:1:636507947><TERRORIST>" purchased "deagle"
L 04/08/2022 - 19:54:13: "Serby-<6><STEAM_1:1:636507947><TERRORIST>" purchased "item_assaultsuit"
L 04/08/2022 - 19:54:13: "Serby-<6><STEAM_1:1:636507947><TERRORIST>" purchased "hegrenade"
L 04/08/2022 - 19:54:13: "Serby-<6><STEAM_1:1:636507947><TERRORIST>" purchased "molotov"
L 04/08/2022 - 19:54:13: "Serby-<6><STEAM_1:1:636507947><TERRORIST>" purchased "smokegrenade"
L 04/08/2022 - 19:54:13: "Serby-<6><STEAM_1:1:636507947><TERRORIST>" purchased "taser"
L 04/08/2022 - 19:54:16: "Serby-<6><STEAM_1:1:636507947><TERRORIST>" say "!admin"
L 04/08/2022 - 19:54:18: World triggered "Round_Start"
L 04/08/2022 - 19:54:19: "MUIE LU MA TA<4><STEAM_1:1:231069809><CT>" say "e ca bratva"
L 04/08/2022 - 19:54:20: "MUIE LU MA TA<4><STEAM_1:1:231069809><CT>" say "stai asa"
L 04/08/2022 - 19:54:22: "MUIE LU MA TA<4><STEAM_1:1:231069809><CT>" say "!shop"
L 04/08/2022 - 19:54:25: "nu<8><STEAM_1:0:625971129><TERRORIST>" purchased "ssg08"
L 04/08/2022 - 19:54:43: "MUIE LU MA TA<4><STEAM_1:1:231069809><CT>" [875 -1968 -72] killed "nu<8><STEAM_1:0:625971129><TERRORIST>" [952 -1933 -26] with "ssg08"
L 04/08/2022 - 19:54:44: "Serby-<6><STEAM_1:1:636507947><TERRORIST>" triggered "Dropped_The_Bomb"
L 04/08/2022 - 19:54:44: "MUIE LU MA TA<4><STEAM_1:1:231069809><CT>" [856 -1967 -56] killed "Serby-<6><STEAM_1:1:636507947><TERRORIST>" [934 -1931 -8] with "ssg08" (headshot)
L 04/08/2022 - 19:54:44: Team "CT" triggered "SFUI_Notice_CTs_Win" (CT "6") (T "4")
L 04/08/2022 - 19:54:44: Team "CT" scored "6" with "1" players
L 04/08/2022 - 19:54:44: Team "TERRORIST" scored "4" with "2" players
L 04/08/2022 - 19:54:44: MatchStatus: Team "CT" is unset.
L 04/08/2022 - 19:54:44: MatchStatus: Team "TERRORIST" is unset.
L 04/08/2022 - 19:54:44: MatchStatus: Score: 6:4 on map "de_mirage" RoundsPlayed: 10
L 04/08/2022 - 19:54:44: World triggered "Round_End"
L 04/08/2022 - 19:54:49: "MUIE LU MA TA<4><STEAM_1:1:231069809><CT>" say "acu bag"
L 04/08/2022 - 19:54:50: "nu<8><STEAM_1:0:625971129><TERRORIST>" say_team "."
L 04/08/2022 - 19:54:51: Starting Freeze period
L 04/08/2022 - 19:54:51: "nu<8><STEAM_1:0:625971129><TERRORIST>" triggered "Got_The_Bomb"
L 04/08/2022 - 19:54:51: MatchStatus: Team "CT" is unset.
L 04/08/2022 - 19:54:51: MatchStatus: Team "TERRORIST" is unset.
L 04/08/2022 - 19:54:51: MatchStatus: Score: 6:4 on map "de_mirage" RoundsPlayed: 10
L 04/08/2022 - 19:54:51: "Serby-<6><STEAM_1:1:636507947><TERRORIST>" purchased "ssg08"
L 04/08/2022 - 19:54:51: "Serby-<6><STEAM_1:1:636507947><TERRORIST>" purchased "deagle"
L 04/08/2022 - 19:54:51: "Serby-<6><STEAM_1:1:636507947><TERRORIST>" purchased "item_assaultsuit"
L 04/08/2022 - 19:54:51: "Serby-<6><STEAM_1:1:636507947><TERRORIST>" purchased "hegrenade"
L 04/08/2022 - 19:54:51: "Serby-<6><STEAM_1:1:636507947><TERRORIST>" purchased "molotov"
L 04/08/2022 - 19:54:51: "Serby-<6><STEAM_1:1:636507947><TERRORIST>" purchased "smokegrenade"
L 04/08/2022 - 19:54:51: "Serby-<6><STEAM_1:1:636507947><TERRORIST>" purchased "taser"
L 04/08/2022 - 19:54:55: "Serby-<6><STEAM_1:1:636507947><TERRORIST>" say "ban @all 0"
L 04/08/2022 - 19:54:56: World triggered "Round_Start"
L 04/08/2022 - 19:54:57: "Serby-<6><STEAM_1:1:636507947><TERRORIST>" say "x"
L 04/08/2022 - 19:54:58: "Serby-<6><STEAM_1:1:636507947><TERRORIST>" say "d"
L 04/08/2022 - 19:55:13: "Serby-<6><STEAM_1:1:636507947><TERRORIST>" [-1306 -2309 -208] killed "MUIE LU MA TA<4><STEAM_1:1:231069809><CT>" [-1626 -1915 -161] with "ssg08" (headshot penetrated)
L 04/08/2022 - 19:55:13: Team "TERRORIST" triggered "SFUI_Notice_Terrorists_Win" (CT "6") (T "5")
L 04/08/2022 - 19:55:13: Team "CT" scored "6" with "1" players
L 04/08/2022 - 19:55:13: Team "TERRORIST" scored "5" with "2" players
L 04/08/2022 - 19:55:13: MatchStatus: Team "CT" is unset.
L 04/08/2022 - 19:55:13: MatchStatus: Team "TERRORIST" is unset.
L 04/08/2022 - 19:55:13: MatchStatus: Score: 6:5 on map "de_mirage" RoundsPlayed: 11
L 04/08/2022 - 19:55:13: World triggered "Round_End"
L 04/08/2022 - 19:55:17: "Serby-<6><STEAM_1:1:636507947><TERRORIST>" say "!ban"
L 04/08/2022 - 19:55:18: "MUIE LU MA TA<4><STEAM_1:1:231069809><CT>" say "ce ban all"
L 04/08/2022 - 19:55:20: Starting Freeze period
L 04/08/2022 - 19:55:20: "Serby-<6><STEAM_1:1:636507947><TERRORIST>" triggered "Got_The_Bomb"
L 04/08/2022 - 19:55:20: MatchStatus: Team "CT" is unset.
L 04/08/2022 - 19:55:20: MatchStatus: Team "TERRORIST" is unset.
L 04/08/2022 - 19:55:20: MatchStatus: Score: 6:5 on map "de_mirage" RoundsPlayed: 11
L 04/08/2022 - 19:55:20: "MUIE LU MA TA<4><STEAM_1:1:231069809><CT>" purchased "item_defuser"
L 04/08/2022 - 19:55:20: "MUIE LU MA TA<4><STEAM_1:1:231069809><CT>" purchased "taser"
L 04/08/2022 - 19:55:20: "MUIE LU MA TA<4><STEAM_1:1:231069809><CT>" purchased "smokegrenade"
L 04/08/2022 - 19:55:20: "MUIE LU MA TA<4><STEAM_1:1:231069809><CT>" purchased "hegrenade"
L 04/08/2022 - 19:55:20: "MUIE LU MA TA<4><STEAM_1:1:231069809><CT>" purchased "incgrenade"
L 04/08/2022 - 19:55:20: "MUIE LU MA TA<4><STEAM_1:1:231069809><CT>" purchased "ssg08"
L 04/08/2022 - 19:55:20: "MUIE LU MA TA<4><STEAM_1:1:231069809><CT>" purchased "deagle"
L 04/08/2022 - 19:55:23: "nu<8><STEAM_1:0:625971129><TERRORIST>" purchased "item_assaultsuit"
L 04/08/2022 - 19:55:24: "Serby-<6><STEAM_1:1:636507947><TERRORIST>" say "nmk =)0"
L 04/08/2022 - 19:55:25: World triggered "Round_Start"
L 04/08/2022 - 19:55:25: "nu<8><STEAM_1:0:625971129><TERRORIST>" purchased "smokegrenade"
L 04/08/2022 - 19:55:25: "nu<8><STEAM_1:0:625971129><TERRORIST>" purchased "hegrenade"
L 04/08/2022 - 19:55:26: "nu<8><STEAM_1:0:625971129><TERRORIST>" purchased "flashbang"
L 04/08/2022 - 19:55:27: "MUIE LU MA TA<4><STEAM_1:1:231069809><CT>" say "ca daca dai banuri aiurea"
L 04/08/2022 - 19:55:28: "MUIE LU MA TA<4><STEAM_1:1:231069809><CT>" say "ai rmw"
L 04/08/2022 - 19:55:29: "MUIE LU MA TA<4><STEAM_1:1:231069809><CT>" say "!ban"
L 04/08/2022 - 19:55:32: "Serby-<6><STEAM_1:1:636507947><TERRORIST>" say "deadea"
L 04/08/2022 - 19:55:36: "MUIE LU MA TA<4><STEAM_1:1:231069809><CT>" [-553 -2131 -180] killed "nu<8><STEAM_1:0:625971129><TERRORIST>" [265 -1534 -129] with "ssg08" (headshot)
L 04/08/2022 - 19:55:40: "Serby-<6><STEAM_1:1:636507947><TERRORIST>" triggered "Dropped_The_Bomb"
L 04/08/2022 - 19:55:40: "MUIE LU MA TA<4><STEAM_1:1:231069809><CT>" [-326 -1817 -168] killed "Serby-<6><STEAM_1:1:636507947><TERRORIST>" [16 -2230 24] with "ssg08" (headshot penetrated)
L 04/08/2022 - 19:55:40: Team "CT" triggered "SFUI_Notice_CTs_Win" (CT "7") (T "5")
L 04/08/2022 - 19:55:40: Team "CT" scored "7" with "1" players
L 04/08/2022 - 19:55:40: Team "TERRORIST" scored "5" with "2" players
L 04/08/2022 - 19:55:40: MatchStatus: Team "CT" is unset.
L 04/08/2022 - 19:55:40: MatchStatus: Team "TERRORIST" is unset.
L 04/08/2022 - 19:55:40: MatchStatus: Score: 7:5 on map "de_mirage" RoundsPlayed: 12
L 04/08/2022 - 19:55:40: World triggered "Round_End"
L 04/08/2022 - 19:55:41: "MUIE LU MA TA<4><STEAM_1:1:231069809><CT>" say "ba?"
L 04/08/2022 - 19:55:43: "nu<8><STEAM_1:0:625971129><TERRORIST>" say_team "wrong config"
L 04/08/2022 - 19:55:44: "Serby-<6><STEAM_1:1:636507947><TERRORIST>" say "!shop"
L 04/08/2022 - 19:55:45: "MUIE LU MA TA<4><STEAM_1:1:231069809><CT>" say "!vip"
L 04/08/2022 - 19:55:46: "Serby-<6><STEAM_1:1:636507947><TERRORIST>" say "ce"
L 04/08/2022 - 19:55:46: Starting Freeze period
L 04/08/2022 - 19:55:47: "nu<8><STEAM_1:0:625971129><TERRORIST>" triggered "Got_The_Bomb"
L 04/08/2022 - 19:55:47: MatchStatus: Team "CT" is unset.
L 04/08/2022 - 19:55:47: MatchStatus: Team "TERRORIST" is unset.
L 04/08/2022 - 19:55:47: MatchStatus: Score: 7:5 on map "de_mirage" RoundsPlayed: 12
L 04/08/2022 - 19:55:47: "Serby-<6><STEAM_1:1:636507947><TERRORIST>" purchased "ssg08"
L 04/08/2022 - 19:55:47: "Serby-<6><STEAM_1:1:636507947><TERRORIST>" purchased "deagle"
L 04/08/2022 - 19:55:47: "Serby-<6><STEAM_1:1:636507947><TERRORIST>" purchased "item_assaultsuit"
L 04/08/2022 - 19:55:47: "Serby-<6><STEAM_1:1:636507947><TERRORIST>" purchased "hegrenade"
L 04/08/2022 - 19:55:47: "Serby-<6><STEAM_1:1:636507947><TERRORIST>" purchased "molotov"
L 04/08/2022 - 19:55:47: "Serby-<6><STEAM_1:1:636507947><TERRORIST>" purchased "smokegrenade"
L 04/08/2022 - 19:55:47: "Serby-<6><STEAM_1:1:636507947><TERRORIST>" purchased "taser"
L 04/08/2022 - 19:55:51: "nu<8><STEAM_1:0:625971129><TERRORIST>" purchased "deagle"
L 04/08/2022 - 19:55:51: "nu<8><STEAM_1:0:625971129><TERRORIST>" purchased "item_assaultsuit"
L 04/08/2022 - 19:55:51: "nu<8><STEAM_1:0:625971129><TERRORIST>" purchased "hegrenade"
L 04/08/2022 - 19:55:51: "nu<8><STEAM_1:0:625971129><TERRORIST>" purchased "molotov"
L 04/08/2022 - 19:55:51: "nu<8><STEAM_1:0:625971129><TERRORIST>" purchased "smokegrenade"
L 04/08/2022 - 19:55:51: "nu<8><STEAM_1:0:625971129><TERRORIST>" purchased "taser"
L 04/08/2022 - 19:55:51: World triggered "Round_Start"
L 04/08/2022 - 19:55:53: "nu<8><STEAM_1:0:625971129><TERRORIST>" purchased "ssg08"
L 04/08/2022 - 19:55:55: "Serby-<6><STEAM_1:1:636507947><TERRORIST>" say "t"
L 04/08/2022 - 19:56:03: "Serby-<6><STEAM_1:1:636507947><TERRORIST>" say "dea"
L 04/08/2022 - 19:56:06: "nu<8><STEAM_1:0:625971129><TERRORIST>" threw hegrenade [730 -1169 -239]
L 04/08/2022 - 19:56:07: "Serby-<6><STEAM_1:1:636507947><TERRORIST>" say "ce"
L 04/08/2022 - 19:56:12: "nu<8><STEAM_1:0:625971129><TERRORIST>" [1292 -1392 -168] killed "MUIE LU MA TA<4><STEAM_1:1:231069809><CT>" [1182 -707 -170] with "ssg08" (headshot)
L 04/08/2022 - 19:56:12: Team "TERRORIST" triggered "SFUI_Notice_Terrorists_Win" (CT "7") (T "6")
L 04/08/2022 - 19:56:12: Team "CT" scored "7" with "1" players
L 04/08/2022 - 19:56:12: Team "TERRORIST" scored "6" with "2" players
L 04/08/2022 - 19:56:12: MatchStatus: Team "CT" is unset.
L 04/08/2022 - 19:56:12: MatchStatus: Team "TERRORIST" is unset.
L 04/08/2022 - 19:56:12: MatchStatus: Score: 7:6 on map "de_mirage" RoundsPlayed: 13
L 04/08/2022 - 19:56:12: World triggered "Round_End"
L 04/08/2022 - 19:56:19: Starting Freeze period
L 04/08/2022 - 19:56:19: "Serby-<6><STEAM_1:1:636507947><TERRORIST>" triggered "Got_The_Bomb"
L 04/08/2022 - 19:56:19: MatchStatus: Team "CT" is unset.
L 04/08/2022 - 19:56:19: MatchStatus: Team "TERRORIST" is unset.
L 04/08/2022 - 19:56:19: MatchStatus: Score: 7:6 on map "de_mirage" RoundsPlayed: 13
L 04/08/2022 - 19:56:19: "MUIE LU MA TA<4><STEAM_1:1:231069809><CT>" purchased "item_kevlar"
L 04/08/2022 - 19:56:19: "MUIE LU MA TA<4><STEAM_1:1:231069809><CT>" purchased "item_assaultsuit"
L 04/08/2022 - 19:56:19: "MUIE LU MA TA<4><STEAM_1:1:231069809><CT>" purchased "item_defuser"
L 04/08/2022 - 19:56:19: "MUIE LU MA TA<4><STEAM_1:1:231069809><CT>" purchased "taser"
L 04/08/2022 - 19:56:19: "MUIE LU MA TA<4><STEAM_1:1:231069809><CT>" purchased "smokegrenade"
L 04/08/2022 - 19:56:19: "MUIE LU MA TA<4><STEAM_1:1:231069809><CT>" purchased "hegrenade"
L 04/08/2022 - 19:56:19: "MUIE LU MA TA<4><STEAM_1:1:231069809><CT>" purchased "incgrenade"
L 04/08/2022 - 19:56:19: "MUIE LU MA TA<4><STEAM_1:1:231069809><CT>" purchased "ssg08"
L 04/08/2022 - 19:56:19: "MUIE LU MA TA<4><STEAM_1:1:231069809><CT>" purchased "deagle"
L 04/08/2022 - 19:56:19: "nu<8><STEAM_1:0:625971129><TERRORIST>" purchased "hegrenade"
L 04/08/2022 - 19:56:21: "Serby-<6><STEAM_1:1:636507947><TERRORIST>" say "ba ai wbagat roll"
L 04/08/2022 - 19:56:23: "Serby-<6><STEAM_1:1:636507947><TERRORIST>" say "?"
L 04/08/2022 - 19:56:24: World triggered "Round_Start"
L 04/08/2022 - 19:56:27: "Serby-<6><STEAM_1:1:636507947><TERRORIST>" say "!admin"
L 04/08/2022 - 19:56:52: "Serby-<6><STEAM_1:1:636507947><TERRORIST>" say "=))"
L 04/08/2022 - 19:56:55: "nu<8><STEAM_1:0:625971129><TERRORIST>" [-759 -2254 -61] committed suicide with "world"
L 04/08/2022 - 19:57:00: "Serby-<6><STEAM_1:1:636507947><TERRORIST>" say "xd"
L 04/08/2022 - 19:57:04: "nu<8><STEAM_1:0:625971129><TERRORIST>" say "lmao"
L 04/08/2022 - 19:57:04: "Serby-<6><STEAM_1:1:636507947><TERRORIST>" say "hai ca merg comenzile"
L 04/08/2022 - 19:57:09: "Serby-<6><STEAM_1:1:636507947><TERRORIST>" say_team "/fly"
L 04/08/2022 - 19:57:17: "Serby-<6><STEAM_1:1:636507947><TERRORIST>" say "!admin"
L 04/08/2022 - 19:57:27: "Serby-<6><STEAM_1:1:636507947><TERRORIST>" triggered "Dropped_The_Bomb"
L 04/08/2022 - 19:57:27: "MUIE LU MA TA<4><STEAM_1:1:231069809><CT>" [-1552 -1968 -265] killed "Serby-<6><STEAM_1:1:636507947><TERRORIST>" [-1351 -2277 -155] with "ssg08" (headshot penetrated)
L 04/08/2022 - 19:57:27: Team "CT" triggered "SFUI_Notice_CTs_Win" (CT "8") (T "6")
L 04/08/2022 - 19:57:27: Team "CT" scored "8" with "1" players
L 04/08/2022 - 19:57:27: Team "TERRORIST" scored "6" with "2" players
L 04/08/2022 - 19:57:27: MatchStatus: Team "CT" is unset.
L 04/08/2022 - 19:57:27: MatchStatus: Team "TERRORIST" is unset.
L 04/08/2022 - 19:57:27: MatchStatus: Score: 8:6 on map "de_mirage" RoundsPlayed: 14
L 04/08/2022 - 19:57:27: World triggered "Round_End"
L 04/08/2022 - 19:57:30: "Serby-<6><STEAM_1:1:636507947><TERRORIST>" say "ahahhahxhahxahxha"
L 04/08/2022 - 19:57:34: Starting Freeze period
L 04/08/2022 - 19:57:34: "nu<8><STEAM_1:0:625971129><TERRORIST>" triggered "Got_The_Bomb"
L 04/08/2022 - 19:57:34: MatchStatus: Team "CT" is unset.
L 04/08/2022 - 19:57:34: MatchStatus: Team "TERRORIST" is unset.
L 04/08/2022 - 19:57:34: MatchStatus: Score: 8:6 on map "de_mirage" RoundsPlayed: 14
L 04/08/2022 - 19:57:34: "Serby-<6><STEAM_1:1:636507947><TERRORIST>" purchased "ssg08"
L 04/08/2022 - 19:57:34: "Serby-<6><STEAM_1:1:636507947><TERRORIST>" purchased "deagle"
L 04/08/2022 - 19:57:34: "Serby-<6><STEAM_1:1:636507947><TERRORIST>" purchased "item_assaultsuit"
L 04/08/2022 - 19:57:34: "Serby-<6><STEAM_1:1:636507947><TERRORIST>" purchased "hegrenade"
L 04/08/2022 - 19:57:34: "Serby-<6><STEAM_1:1:636507947><TERRORIST>" purchased "molotov"
L 04/08/2022 - 19:57:34: "Serby-<6><STEAM_1:1:636507947><TERRORIST>" purchased "smokegrenade"
L 04/08/2022 - 19:57:34: "Serby-<6><STEAM_1:1:636507947><TERRORIST>" purchased "taser"
L 04/08/2022 - 19:57:38: "nu<8><STEAM_1:0:625971129><TERRORIST>" purchased "ssg08"
L 04/08/2022 - 19:57:39: "nu<8><STEAM_1:0:625971129><TERRORIST>" purchased "item_assaultsuit"
L 04/08/2022 - 19:57:39: World triggered "Round_Start"
L 04/08/2022 - 19:57:39: "nu<8><STEAM_1:0:625971129><TERRORIST>" purchased "taser"
L 04/08/2022 - 19:57:40: "nu<8><STEAM_1:0:625971129><TERRORIST>" purchased "molotov"
L 04/08/2022 - 19:57:41: "nu<8><STEAM_1:0:625971129><TERRORIST>" purchased "smokegrenade"
L 04/08/2022 - 19:57:41: "nu<8><STEAM_1:0:625971129><TERRORIST>" purchased "hegrenade"
L 04/08/2022 - 19:57:55: "Serby-<6><STEAM_1:1:636507947><TERRORIST>" [-1379 -2245 -227] killed "MUIE LU MA TA<4><STEAM_1:1:231069809><CT>" [-1552 -1808 -220] with "ssg08" (penetrated)
L 04/08/2022 - 19:57:55: Team "TERRORIST" triggered "SFUI_Notice_Terrorists_Win" (CT "8") (T "7")
L 04/08/2022 - 19:57:55: Team "CT" scored "8" with "1" players
L 04/08/2022 - 19:57:55: Team "TERRORIST" scored "7" with "2" players
L 04/08/2022 - 19:57:55: MatchStatus: Team "CT" is unset.
L 04/08/2022 - 19:57:55: MatchStatus: Team "TERRORIST" is unset.
L 04/08/2022 - 19:57:55: MatchStatus: Score: 8:7 on map "de_mirage" RoundsPlayed: 15
L 04/08/2022 - 19:57:55: World triggered "Round_End"
L 04/08/2022 - 19:57:59: "nu<8><STEAM_1:0:625971129><TERRORIST>" triggered "Dropped_The_Bomb"
L 04/08/2022 - 19:58:01: "MUIE LU MA TA<4><STEAM_1:1:231069809>" switched from team <CT> to <TERRORIST>
L 04/08/2022 - 19:58:01: "Serby-<6><STEAM_1:1:636507947>" switched from team <TERRORIST> to <CT>
L 04/08/2022 - 19:58:01: "nu<8><STEAM_1:0:625971129>" switched from team <TERRORIST> to <CT>
L 04/08/2022 - 19:58:01: Starting Freeze period
L 04/08/2022 - 19:58:01: "MUIE LU MA TA<4><STEAM_1:1:231069809><TERRORIST>" triggered "Got_The_Bomb"
L 04/08/2022 - 19:58:01: MatchStatus: Team "CT" is unset.
L 04/08/2022 - 19:58:01: MatchStatus: Team "TERRORIST" is unset.
L 04/08/2022 - 19:58:01: MatchStatus: Score: 7:8 on map "de_mirage" RoundsPlayed: 15
L 04/08/2022 - 19:58:01: "Serby-<6><STEAM_1:1:636507947><CT>" purchased "deagle"
L 04/08/2022 - 19:58:01: "nu<8><STEAM_1:0:625971129><CT>" purchased "deagle"
L 04/08/2022 - 19:58:06: World triggered "Round_Start"
L 04/08/2022 - 19:58:10: "nu<8><STEAM_1:0:625971129><CT>" [-1346 -978 -168] killed other "func_breakable<164>" [-1330 -972 -131] with "knife"
L 04/08/2022 - 19:58:26: "MUIE LU MA TA<4><STEAM_1:1:231069809><TERRORIST>" triggered "Dropped_The_Bomb"
L 04/08/2022 - 19:58:26: "nu<8><STEAM_1:0:625971129><CT>" [1359 15 -142] killed "MUIE LU MA TA<4><STEAM_1:1:231069809><TERRORIST>" [1376 -17 -120] with "knife"
L 04/08/2022 - 19:58:26: Team "CT" triggered "SFUI_Notice_CTs_Win" (CT "8") (T "8")
L 04/08/2022 - 19:58:26: Team "CT" scored "8" with "2" players
L 04/08/2022 - 19:58:26: Team "TERRORIST" scored "8" with "1" players
L 04/08/2022 - 19:58:26: MatchStatus: Team "CT" is unset.
L 04/08/2022 - 19:58:26: MatchStatus: Team "TERRORIST" is unset.
L 04/08/2022 - 19:58:26: MatchStatus: Score: 8:8 on map "de_mirage" RoundsPlayed: 16
L 04/08/2022 - 19:58:26: World triggered "Round_End"
L 04/08/2022 - 19:58:33: Starting Freeze period
L 04/08/2022 - 19:58:34: "MUIE LU MA TA<4><STEAM_1:1:231069809><TERRORIST>" triggered "Got_The_Bomb"
L 04/08/2022 - 19:58:34: MatchStatus: Team "CT" is unset.
L 04/08/2022 - 19:58:34: MatchStatus: Team "TERRORIST" is unset.
L 04/08/2022 - 19:58:34: MatchStatus: Score: 8:8 on map "de_mirage" RoundsPlayed: 16
L 04/08/2022 - 19:58:34: "Serby-<6><STEAM_1:1:636507947><CT>" purchased "ssg08"
L 04/08/2022 - 19:58:34: "Serby-<6><STEAM_1:1:636507947><CT>" purchased "hegrenade"
L 04/08/2022 - 19:58:34: "Serby-<6><STEAM_1:1:636507947><CT>" purchased "incgrenade"
L 04/08/2022 - 19:58:34: "Serby-<6><STEAM_1:1:636507947><CT>" purchased "smokegrenade"
L 04/08/2022 - 19:58:34: "Serby-<6><STEAM_1:1:636507947><CT>" purchased "taser"
L 04/08/2022 - 19:58:34: "nu<8><STEAM_1:0:625971129><CT>" purchased "item_assaultsuit"
L 04/08/2022 - 19:58:34: "nu<8><STEAM_1:0:625971129><CT>" purchased "hegrenade"
L 04/08/2022 - 19:58:34: "nu<8><STEAM_1:0:625971129><CT>" purchased "incgrenade"
L 04/08/2022 - 19:58:34: "nu<8><STEAM_1:0:625971129><CT>" purchased "smokegrenade"
L 04/08/2022 - 19:58:34: "nu<8><STEAM_1:0:625971129><CT>" purchased "taser"
L 04/08/2022 - 19:58:34: "nu<8><STEAM_1:0:625971129><CT>" purchased "item_defuser"
L 04/08/2022 - 19:58:36: "nu<8><STEAM_1:0:625971129><CT>" purchased "ssg08"
L 04/08/2022 - 19:58:38: World triggered "Round_Start"
L 04/08/2022 - 19:58:44: "nu<8><STEAM_1:0:625971129><CT>" [-1358 -985 -168] killed other "func_breakable<234>" [-1330 -972 -131] with "knife"
L 04/08/2022 - 19:59:04: "MUIE LU MA TA<4><STEAM_1:1:231069809><TERRORIST>" triggered "Dropped_The_Bomb"
L 04/08/2022 - 19:59:04: "nu<8><STEAM_1:0:625971129><CT>" [1253 110 -127] killed "MUIE LU MA TA<4><STEAM_1:1:231069809><TERRORIST>" [1216 -17 -117] with "taser"
L 04/08/2022 - 19:59:04: Team "CT" triggered "SFUI_Notice_CTs_Win" (CT "9") (T "8")
L 04/08/2022 - 19:59:04: Team "CT" scored "9" with "2" players
L 04/08/2022 - 19:59:04: Team "TERRORIST" scored "8" with "1" players
L 04/08/2022 - 19:59:04: MatchStatus: Team "CT" is unset.
L 04/08/2022 - 19:59:04: MatchStatus: Team "TERRORIST" is unset.
L 04/08/2022 - 19:59:04: MatchStatus: Score: 9:8 on map "de_mirage" RoundsPlayed: 17
L 04/08/2022 - 19:59:04: World triggered "Round_End"
L 04/08/2022 - 19:59:11: Starting Freeze period
L 04/08/2022 - 19:59:12: "MUIE LU MA TA<4><STEAM_1:1:231069809><TERRORIST>" triggered "Got_The_Bomb"
L 04/08/2022 - 19:59:12: MatchStatus: Team "CT" is unset.
L 04/08/2022 - 19:59:12: MatchStatus: Team "TERRORIST" is unset.
L 04/08/2022 - 19:59:12: MatchStatus: Score: 9:8 on map "de_mirage" RoundsPlayed: 17
L 04/08/2022 - 19:59:12: "Serby-<6><STEAM_1:1:636507947><CT>" purchased "item_defuser"
L 04/08/2022 - 19:59:12: "nu<8><STEAM_1:0:625971129><CT>" purchased "taser"
L 04/08/2022 - 19:59:17: World triggered "Round_Start"
L 04/08/2022 - 19:59:18: "Serby-<6><STEAM_1:1:636507947><CT>" say "!admin"
L 04/08/2022 - 19:59:23: "nu<8><STEAM_1:0:625971129><CT>" [-1925 -314 -123] killed other "prop_dynamic<417>" [-1888 -276 -72] with "knife"
L 04/08/2022 - 19:59:39: "MUIE LU MA TA<4><STEAM_1:1:231069809><TERRORIST>" triggered "Dropped_The_Bomb"
L 04/08/2022 - 19:59:39: "nu<8><STEAM_1:0:625971129><CT>" [1240 106 -118] killed "MUIE LU MA TA<4><STEAM_1:1:231069809><TERRORIST>" [1197 -2 -100] with "taser"
L 04/08/2022 - 19:59:39: Team "CT" triggered "SFUI_Notice_CTs_Win" (CT "10") (T "8")
L 04/08/2022 - 19:59:39: Team "CT" scored "10" with "2" players
L 04/08/2022 - 19:59:39: Team "TERRORIST" scored "8" with "1" players
L 04/08/2022 - 19:59:39: MatchStatus: Team "CT" is unset.
L 04/08/2022 - 19:59:39: MatchStatus: Team "TERRORIST" is unset.
L 04/08/2022 - 19:59:39: MatchStatus: Score: 10:8 on map "de_mirage" RoundsPlayed: 18
L 04/08/2022 - 19:59:39: World triggered "Round_End"
L 04/08/2022 - 19:59:46: Starting Freeze period
L 04/08/2022 - 19:59:46: "MUIE LU MA TA<4><STEAM_1:1:231069809><TERRORIST>" triggered "Got_The_Bomb"
L 04/08/2022 - 19:59:46: MatchStatus: Team "CT" is unset.
L 04/08/2022 - 19:59:46: MatchStatus: Team "TERRORIST" is unset.
L 04/08/2022 - 19:59:46: MatchStatus: Score: 10:8 on map "de_mirage" RoundsPlayed: 18
L 04/08/2022 - 19:59:46: "MUIE LU MA TA<4><STEAM_1:1:231069809><TERRORIST>" purchased "item_kevlar"
L 04/08/2022 - 19:59:46: "MUIE LU MA TA<4><STEAM_1:1:231069809><TERRORIST>" purchased "item_assaultsuit"
L 04/08/2022 - 19:59:46: "MUIE LU MA TA<4><STEAM_1:1:231069809><TERRORIST>" purchased "taser"
L 04/08/2022 - 19:59:46: "MUIE LU MA TA<4><STEAM_1:1:231069809><TERRORIST>" purchased "smokegrenade"
L 04/08/2022 - 19:59:46: "MUIE LU MA TA<4><STEAM_1:1:231069809><TERRORIST>" purchased "hegrenade"
L 04/08/2022 - 19:59:46: "MUIE LU MA TA<4><STEAM_1:1:231069809><TERRORIST>" purchased "molotov"
L 04/08/2022 - 19:59:46: "MUIE LU MA TA<4><STEAM_1:1:231069809><TERRORIST>" purchased "ssg08"
L 04/08/2022 - 19:59:46: "MUIE LU MA TA<4><STEAM_1:1:231069809><TERRORIST>" purchased "deagle"
L 04/08/2022 - 19:59:46: "nu<8><STEAM_1:0:625971129><CT>" purchased "taser"
L 04/08/2022 - 19:59:51: World triggered "Round_Start"
L 04/08/2022 - 19:59:55: "nu<8><STEAM_1:0:625971129><CT>" [-1366 -998 -164] killed other "func_breakable<164>" [-1330 -972 -131] with "knife"
L 04/08/2022 - 20:00:11: "MUIE LU MA TA<4><STEAM_1:1:231069809><TERRORIST>" triggered "Dropped_The_Bomb"
L 04/08/2022 - 20:00:11: "nu<8><STEAM_1:0:625971129><CT>" [957 468 -256] killed "MUIE LU MA TA<4><STEAM_1:1:231069809><TERRORIST>" [1292 -152 -104] with "ssg08" (headshot penetrated)
L 04/08/2022 - 20:00:11: Team "CT" triggered "SFUI_Notice_CTs_Win" (CT "11") (T "8")
L 04/08/2022 - 20:00:11: Team "CT" scored "11" with "2" players
L 04/08/2022 - 20:00:11: Team "TERRORIST" scored "8" with "1" players
L 04/08/2022 - 20:00:11: MatchStatus: Team "CT" is unset.
L 04/08/2022 - 20:00:11: MatchStatus: Team "TERRORIST" is unset.
L 04/08/2022 - 20:00:11: MatchStatus: Score: 11:8 on map "de_mirage" RoundsPlayed: 19
L 04/08/2022 - 20:00:11: World triggered "Round_End"
L 04/08/2022 - 20:00:13: "Serby-<6><STEAM_1:1:636507947><CT>" say "coaie"
L 04/08/2022 - 20:00:14: "Serby-<6><STEAM_1:1:636507947><CT>" say "=("
L 04/08/2022 - 20:00:17: "MUIE LU MA TA<4><STEAM_1:1:231069809><TERRORIST>" say "gata"
L 04/08/2022 - 20:00:17: "nu<8><STEAM_1:0:625971129><CT>" say "=)"
L 04/08/2022 - 20:00:18: Starting Freeze period
L 04/08/2022 - 20:00:18: "MUIE LU MA TA<4><STEAM_1:1:231069809><TERRORIST>" triggered "Got_The_Bomb"
L 04/08/2022 - 20:00:18: MatchStatus: Team "CT" is unset.
L 04/08/2022 - 20:00:18: MatchStatus: Team "TERRORIST" is unset.
L 04/08/2022 - 20:00:18: MatchStatus: Score: 11:8 on map "de_mirage" RoundsPlayed: 19
L 04/08/2022 - 20:00:21: "MUIE LU MA TA<4><STEAM_1:1:231069809><TERRORIST>" say "ia vezi, ai ?"
L 04/08/2022 - 20:00:23: World triggered "Round_Start"
L 04/08/2022 - 20:00:27: "Serby-<6><STEAM_1:1:636507947><CT>" say "ke sa am"
L 04/08/2022 - 20:00:28: "nu<8><STEAM_1:0:625971129><CT>" [-1927 -307 -122] killed other "prop_dynamic<508>" [-1888 -276 -72] with "knife"
L 04/08/2022 - 20:00:31: "Serby-<6><STEAM_1:1:636507947><CT>" say "!admin"
L 04/08/2022 - 20:00:35: "MUIE LU MA TA<4><STEAM_1:1:231069809><TERRORIST>" say "!asdmin"
L 04/08/2022 - 20:00:36: "MUIE LU MA TA<4><STEAM_1:1:231069809><TERRORIST>" say "!admin"
L 04/08/2022 - 20:00:40: "MUIE LU MA TA<4><STEAM_1:1:231069809><TERRORIST>" say "!admin"
L 04/08/2022 - 20:00:46: "MUIE LU MA TA<4><STEAM_1:1:231069809><TERRORIST>" say "!admin"
L 04/08/2022 - 20:00:56: "Serby-<6><STEAM_1:1:636507947><CT>" say "da"
L 04/08/2022 - 20:00:58: "Serby-<6><STEAM_1:1:636507947><CT>" say "st"
L 04/08/2022 - 20:01:04: "MUIE LU MA TA<4><STEAM_1:1:231069809><TERRORIST>" [-1486 -1591 -259] killed "nu<8><STEAM_1:0:625971129><CT>" [-1519 -1610 -198] with "knife_t"
L 04/08/2022 - 20:01:05: "MUIE LU MA TA<4><STEAM_1:1:231069809><TERRORIST>" triggered "Dropped_The_Bomb"
L 04/08/2022 - 20:01:05: "Serby-<6><STEAM_1:1:636507947><CT>" [-1404 -1631 -244] killed "MUIE LU MA TA<4><STEAM_1:1:231069809><TERRORIST>" [-1488 -1593 -213] with "ssg08"
L 04/08/2022 - 20:01:05: Team "CT" triggered "SFUI_Notice_CTs_Win" (CT "12") (T "8")
L 04/08/2022 - 20:01:05: Team "CT" scored "12" with "2" players
L 04/08/2022 - 20:01:05: Team "TERRORIST" scored "8" with "1" players
L 04/08/2022 - 20:01:05: MatchStatus: Team "CT" is unset.
L 04/08/2022 - 20:01:05: MatchStatus: Team "TERRORIST" is unset.
L 04/08/2022 - 20:01:05: MatchStatus: Score: 12:8 on map "de_mirage" RoundsPlayed: 20
L 04/08/2022 - 20:01:05: World triggered "Round_End"
L 04/08/2022 - 20:01:07: "nu<8><STEAM_1:0:625971129><CT>" say "lol"
L 04/08/2022 - 20:01:12: Starting Freeze period
L 04/08/2022 - 20:01:12: "MUIE LU MA TA<4><STEAM_1:1:231069809><TERRORIST>" triggered "Got_The_Bomb"
L 04/08/2022 - 20:01:12: MatchStatus: Team "CT" is unset.
L 04/08/2022 - 20:01:12: MatchStatus: Team "TERRORIST" is unset.
L 04/08/2022 - 20:01:12: MatchStatus: Score: 12:8 on map "de_mirage" RoundsPlayed: 20
L 04/08/2022 - 20:01:12: "MUIE LU MA TA<4><STEAM_1:1:231069809><TERRORIST>" purchased "item_kevlar"
L 04/08/2022 - 20:01:12: "MUIE LU MA TA<4><STEAM_1:1:231069809><TERRORIST>" purchased "item_assaultsuit"
L 04/08/2022 - 20:01:12: "MUIE LU MA TA<4><STEAM_1:1:231069809><TERRORIST>" purchased "taser"
L 04/08/2022 - 20:01:12: "MUIE LU MA TA<4><STEAM_1:1:231069809><TERRORIST>" purchased "smokegrenade"
L 04/08/2022 - 20:01:12: "MUIE LU MA TA<4><STEAM_1:1:231069809><TERRORIST>" purchased "hegrenade"
L 04/08/2022 - 20:01:12: "MUIE LU MA TA<4><STEAM_1:1:231069809><TERRORIST>" purchased "molotov"
L 04/08/2022 - 20:01:12: "MUIE LU MA TA<4><STEAM_1:1:231069809><TERRORIST>" purchased "ssg08"
L 04/08/2022 - 20:01:12: "MUIE LU MA TA<4><STEAM_1:1:231069809><TERRORIST>" purchased "deagle"
L 04/08/2022 - 20:01:12: "nu<8><STEAM_1:0:625971129><CT>" purchased "deagle"
L 04/08/2022 - 20:01:12: "nu<8><STEAM_1:0:625971129><CT>" purchased "item_assaultsuit"
L 04/08/2022 - 20:01:12: "nu<8><STEAM_1:0:625971129><CT>" purchased "hegrenade"
L 04/08/2022 - 20:01:12: "nu<8><STEAM_1:0:625971129><CT>" purchased "incgrenade"
L 04/08/2022 - 20:01:12: "nu<8><STEAM_1:0:625971129><CT>" purchased "smokegrenade"
L 04/08/2022 - 20:01:12: "nu<8><STEAM_1:0:625971129><CT>" purchased "taser"
L 04/08/2022 - 20:01:12: "nu<8><STEAM_1:0:625971129><CT>" purchased "item_defuser"
L 04/08/2022 - 20:01:13: "nu<8><STEAM_1:0:625971129><CT>" changed name to "un"
L 04/08/2022 - 20:01:16: "un<8><STEAM_1:0:625971129><CT>" purchased "ssg08"
L 04/08/2022 - 20:01:17: World triggered "Round_Start"
L 04/08/2022 - 20:01:18: "MUIE LU MA TA<4><STEAM_1:1:231069809><TERRORIST>" changed name to "M TLE LAMU ME"
L 04/08/2022 - 20:01:20: "Serby-<6><STEAM_1:1:636507947><CT>" say "asa"
L 04/08/2022 - 20:01:21: "Serby-<6><STEAM_1:1:636507947><CT>" say "=))"
L 04/08/2022 - 20:01:23: "un<8><STEAM_1:0:625971129><CT>" [-1913 -291 -82] killed other "prop_dynamic<508>" [-1888 -276 -72] with "knife"
L 04/08/2022 - 20:01:29: "Serby-<6><STEAM_1:1:636507947><CT>" say "ce nume ai ba"
L 04/08/2022 - 20:01:30: "Serby-<6><STEAM_1:1:636507947><CT>" say "lel"
L 04/08/2022 - 20:01:37: "M TLE LAMU ME<4><STEAM_1:1:231069809><TERRORIST>" triggered "Dropped_The_Bomb"
L 04/08/2022 - 20:01:37: "Serby-<6><STEAM_1:1:636507947><CT>" [170 -1596 -172] killed "M TLE LAMU ME<4><STEAM_1:1:231069809><TERRORIST>" [482 -1596 -175] with "ssg08" (headshot)
L 04/08/2022 - 20:01:37: Team "CT" triggered "SFUI_Notice_CTs_Win" (CT "13") (T "8")
L 04/08/2022 - 20:01:37: Team "CT" scored "13" with "2" players
L 04/08/2022 - 20:01:37: Team "TERRORIST" scored "8" with "1" players
L 04/08/2022 - 20:01:37: MatchStatus: Team "CT" is unset.
L 04/08/2022 - 20:01:37: MatchStatus: Team "TERRORIST" is unset.
L 04/08/2022 - 20:01:37: MatchStatus: Score: 13:8 on map "de_mirage" RoundsPlayed: 21
L 04/08/2022 - 20:01:37: World triggered "Round_End"
L 04/08/2022 - 20:01:44: Starting Freeze period
L 04/08/2022 - 20:01:44: "M TLE LAMU ME<4><STEAM_1:1:231069809><TERRORIST>" triggered "Got_The_Bomb"
L 04/08/2022 - 20:01:44: MatchStatus: Team "CT" is unset.
L 04/08/2022 - 20:01:44: MatchStatus: Team "TERRORIST" is unset.
L 04/08/2022 - 20:01:44: MatchStatus: Score: 13:8 on map "de_mirage" RoundsPlayed: 21
L 04/08/2022 - 20:01:44: "M TLE LAMU ME<4><STEAM_1:1:231069809><TERRORIST>" purchased "item_kevlar"
L 04/08/2022 - 20:01:44: "M TLE LAMU ME<4><STEAM_1:1:231069809><TERRORIST>" purchased "item_assaultsuit"
L 04/08/2022 - 20:01:44: "M TLE LAMU ME<4><STEAM_1:1:231069809><TERRORIST>" purchased "taser"
L 04/08/2022 - 20:01:44: "M TLE LAMU ME<4><STEAM_1:1:231069809><TERRORIST>" purchased "smokegrenade"
L 04/08/2022 - 20:01:44: "M TLE LAMU ME<4><STEAM_1:1:231069809><TERRORIST>" purchased "hegrenade"
L 04/08/2022 - 20:01:44: "M TLE LAMU ME<4><STEAM_1:1:231069809><TERRORIST>" purchased "molotov"
L 04/08/2022 - 20:01:44: "M TLE LAMU ME<4><STEAM_1:1:231069809><TERRORIST>" purchased "ssg08"
L 04/08/2022 - 20:01:44: "M TLE LAMU ME<4><STEAM_1:1:231069809><TERRORIST>" purchased "deagle"
L 04/08/2022 - 20:01:46: "Serby-<6><STEAM_1:1:636507947><CT>" say "!vip"
L 04/08/2022 - 20:01:49: World triggered "Round_Start"
L 04/08/2022 - 20:01:55: "un<8><STEAM_1:0:625971129><CT>" [-1927 -341 -150] killed other "prop_dynamic<509>" [-1888 -276 -72] with "knife"
L 04/08/2022 - 20:01:59: "Serby-<6><STEAM_1:1:636507947><CT>" say "da n am acc la tag din vip"
L 04/08/2022 - 20:02:00: "M TLE LAMU ME<4><STEAM_1:1:231069809><TERRORIST>" [-534 -1706 -176] killed "un<8><STEAM_1:0:625971129><CT>" [-850 85 -102] with "ssg08" (headshot)
L 04/08/2022 - 20:02:01: "Serby-<6><STEAM_1:1:636507947><CT>" say "coaie"
L 04/08/2022 - 20:02:03: "Serby-<6><STEAM_1:1:636507947><CT>" say "si nj dc"
L 04/08/2022 - 20:02:05: "M TLE LAMU ME<4><STEAM_1:1:231069809><TERRORIST>" say "!vip"
L 04/08/2022 - 20:02:07: "Serby-<6><STEAM_1:1:636507947><CT>" [-1346 -978 -168] killed other "func_breakable<164>" [-1330 -972 -131] with "ssg08" (noscope)
L 04/08/2022 - 20:02:07: "Serby-<6><STEAM_1:1:636507947><CT>" [-1346 -978 -168] killed other "prop_dynamic<450>" [-1336 -974 -132] with "ssg08" (penetrated noscope)
L 04/08/2022 - 20:02:08: "M TLE LAMU ME<4><STEAM_1:1:231069809><TERRORIST>" say "!tag"
L 04/08/2022 - 20:02:14: "Serby-<6><STEAM_1:1:636507947><CT>" say "dai 8 pana la sfarsit"
L 04/08/2022 - 20:02:16: "Serby-<6><STEAM_1:1:636507947><CT>" say "!tag"
L 04/08/2022 - 20:02:17: "M TLE LAMU ME<4><STEAM_1:1:231069809><TERRORIST>" say "!vip"
L 04/08/2022 - 20:02:20: "un<8><STEAM_1:0:625971129><CT>" say "!tag"
L 04/08/2022 - 20:02:21: "Serby-<6><STEAM_1:1:636507947><CT>" say "t"
L 04/08/2022 - 20:02:24: "Serby-<6><STEAM_1:1:636507947><CT>" say "gata"
L 04/08/2022 - 20:02:25: "Serby-<6><STEAM_1:1:636507947><CT>" say "am gasit"
L 04/08/2022 - 20:02:27: "Serby-<6><STEAM_1:1:636507947><CT>" say "cum"
L 04/08/2022 - 20:02:31: "Serby-<6><STEAM_1:1:636507947><CT>" say "merge de la !tag"
L 04/08/2022 - 20:02:34: "M TLE LAMU ME<4><STEAM_1:1:231069809><TERRORIST>" say "!tag"
L 04/08/2022 - 20:02:35: "Serby-<6><STEAM_1:1:636507947><CT>" say "e buguit ala dins tore"
L 04/08/2022 - 20:02:38: "Serby-<6><STEAM_1:1:636507947><CT>" say "store"
L 04/08/2022 - 20:02:40: "M TLE LAMU ME<4><STEAM_1:1:231069809><TERRORIST>" say "!vip"
L 04/08/2022 - 20:02:44: "M TLE LAMU ME<4><STEAM_1:1:231069809><TERRORIST>" triggered "Dropped_The_Bomb"
L 04/08/2022 - 20:02:44: "Serby-<6><STEAM_1:1:636507947><CT>" [-732 -2377 -174] killed "M TLE LAMU ME<4><STEAM_1:1:231069809><TERRORIST>" [-1198 -2239 -127] with "ssg08" (headshot)
L 04/08/2022 - 20:02:44: Team "CT" triggered "SFUI_Notice_CTs_Win" (CT "14") (T "8")
L 04/08/2022 - 20:02:44: Team "CT" scored "14" with "2" players
L 04/08/2022 - 20:02:44: Team "TERRORIST" scored "8" with "1" players
L 04/08/2022 - 20:02:44: MatchStatus: Team "CT" is unset.
L 04/08/2022 - 20:02:44: MatchStatus: Team "TERRORIST" is unset.
L 04/08/2022 - 20:02:44: MatchStatus: Score: 14:8 on map "de_mirage" RoundsPlayed: 22
L 04/08/2022 - 20:02:44: World triggered "Round_End"
L 04/08/2022 - 20:02:48: "Serby-<6><STEAM_1:1:636507947><CT>" say "tag si apesi pe 1"
L 04/08/2022 - 20:02:51: Starting Freeze period
L 04/08/2022 - 20:02:51: "M TLE LAMU ME<4><STEAM_1:1:231069809><TERRORIST>" triggered "Got_The_Bomb"
L 04/08/2022 - 20:02:51: MatchStatus: Team "CT" is unset.
L 04/08/2022 - 20:02:51: MatchStatus: Team "TERRORIST" is unset.
L 04/08/2022 - 20:02:51: MatchStatus: Score: 14:8 on map "de_mirage" RoundsPlayed: 22
L 04/08/2022 - 20:02:51: "M TLE LAMU ME<4><STEAM_1:1:231069809><TERRORIST>" purchased "item_kevlar"
L 04/08/2022 - 20:02:51: "M TLE LAMU ME<4><STEAM_1:1:231069809><TERRORIST>" purchased "item_assaultsuit"
L 04/08/2022 - 20:02:51: "M TLE LAMU ME<4><STEAM_1:1:231069809><TERRORIST>" purchased "taser"
L 04/08/2022 - 20:02:51: "M TLE LAMU ME<4><STEAM_1:1:231069809><TERRORIST>" purchased "smokegrenade"
L 04/08/2022 - 20:02:51: "M TLE LAMU ME<4><STEAM_1:1:231069809><TERRORIST>" purchased "hegrenade"
L 04/08/2022 - 20:02:51: "M TLE LAMU ME<4><STEAM_1:1:231069809><TERRORIST>" purchased "molotov"
L 04/08/2022 - 20:02:51: "M TLE LAMU ME<4><STEAM_1:1:231069809><TERRORIST>" purchased "ssg08"
L 04/08/2022 - 20:02:51: "M TLE LAMU ME<4><STEAM_1:1:231069809><TERRORIST>" purchased "deagle"
L 04/08/2022 - 20:02:52: "un<8><STEAM_1:0:625971129><CT>" purchased "deagle"
L 04/08/2022 - 20:02:52: "un<8><STEAM_1:0:625971129><CT>" purchased "item_assaultsuit"
L 04/08/2022 - 20:02:52: "un<8><STEAM_1:0:625971129><CT>" purchased "hegrenade"
L 04/08/2022 - 20:02:52: "un<8><STEAM_1:0:625971129><CT>" purchased "incgrenade"
L 04/08/2022 - 20:02:52: "un<8><STEAM_1:0:625971129><CT>" purchased "smokegrenade"
L 04/08/2022 - 20:02:52: "un<8><STEAM_1:0:625971129><CT>" purchased "taser"
L 04/08/2022 - 20:02:52: "un<8><STEAM_1:0:625971129><CT>" purchased "item_defuser"
L 04/08/2022 - 20:02:53: "M TLE LAMU ME<4><STEAM_1:1:231069809><TERRORIST>" say "!tag"
L 04/08/2022 - 20:02:53: "Serby-<6><STEAM_1:1:636507947><CT>" say "t"
L 04/08/2022 - 20:02:56: "M TLE LAMU ME<4><STEAM_1:1:231069809><TERRORIST>" say "!shop"
L 04/08/2022 - 20:02:56: server_cvar: "sm_nextmap" "cs_office"
L 04/08/2022 - 20:02:56: World triggered "Round_Start"
L 04/08/2022 - 20:02:59: "M TLE LAMU ME<4><STEAM_1:1:231069809><TERRORIST>" say "!vip"
L 04/08/2022 - 20:03:05: "Serby-<6><STEAM_1:1:636507947><CT>" say "cand dai !tag?"
L 04/08/2022 - 20:03:09: "un<8><STEAM_1:0:625971129><CT>" purchased "ssg08"
L 04/08/2022 - 20:03:11: "Serby-<6><STEAM_1:1:636507947><CT>" say "si apesi 1 ar trb sa mearga"
L 04/08/2022 - 20:03:13: "M TLE LAMU ME<4><STEAM_1:1:231069809><TERRORIST>" [-1330 -2259 -216] killed "un<8><STEAM_1:0:625971129><CT>" [-1422 -2186 -175] with "ssg08" (headshot penetrated)
L 04/08/2022 - 20:03:29: "M TLE LAMU ME<4><STEAM_1:1:231069809><TERRORIST>" [-749 -2300 -180] killed "Serby-<6><STEAM_1:1:636507947><CT>" [-1162 -2405 -109] with "ssg08" (headshot)
L 04/08/2022 - 20:03:29: Team "TERRORIST" triggered "SFUI_Notice_Terrorists_Win" (CT "14") (T "9")
L 04/08/2022 - 20:03:29: Team "CT" scored "14" with "2" players
L 04/08/2022 - 20:03:29: Team "TERRORIST" scored "9" with "1" players
L 04/08/2022 - 20:03:29: MatchStatus: Team "CT" is unset.
L 04/08/2022 - 20:03:29: MatchStatus: Team "TERRORIST" is unset.
L 04/08/2022 - 20:03:29: MatchStatus: Score: 14:9 on map "de_mirage" RoundsPlayed: 23
L 04/08/2022 - 20:03:29: World triggered "Round_End"
L 04/08/2022 - 20:03:31: "M TLE LAMU ME<4><STEAM_1:1:231069809><TERRORIST>" say "!mvp"
L 04/08/2022 - 20:03:35: "Serby-<6><STEAM_1:1:636507947><CT>" say "a da?"
L 04/08/2022 - 20:03:36: Starting Freeze period
L 04/08/2022 - 20:03:36: "M TLE LAMU ME<4><STEAM_1:1:231069809><TERRORIST>" triggered "Got_The_Bomb"
L 04/08/2022 - 20:03:36: MatchStatus: Team "CT" is unset.
L 04/08/2022 - 20:03:36: MatchStatus: Team "TERRORIST" is unset.
L 04/08/2022 - 20:03:36: MatchStatus: Score: 14:9 on map "de_mirage" RoundsPlayed: 23
L 04/08/2022 - 20:03:36: "Serby-<6><STEAM_1:1:636507947><CT>" purchased "ssg08"
L 04/08/2022 - 20:03:36: "Serby-<6><STEAM_1:1:636507947><CT>" purchased "deagle"
L 04/08/2022 - 20:03:36: "Serby-<6><STEAM_1:1:636507947><CT>" purchased "item_assaultsuit"
L 04/08/2022 - 20:03:36: "Serby-<6><STEAM_1:1:636507947><CT>" purchased "hegrenade"
L 04/08/2022 - 20:03:36: "Serby-<6><STEAM_1:1:636507947><CT>" purchased "incgrenade"
L 04/08/2022 - 20:03:36: "Serby-<6><STEAM_1:1:636507947><CT>" purchased "smokegrenade"
L 04/08/2022 - 20:03:36: "Serby-<6><STEAM_1:1:636507947><CT>" purchased "taser"
L 04/08/2022 - 20:03:36: "Serby-<6><STEAM_1:1:636507947><CT>" purchased "item_defuser"
L 04/08/2022 - 20:03:38: "un<8><STEAM_1:0:625971129><CT>" purchased "ssg08"
L 04/08/2022 - 20:03:38: "un<8><STEAM_1:0:625971129><CT>" purchased "item_assaultsuit"
L 04/08/2022 - 20:03:39: "un<8><STEAM_1:0:625971129><CT>" purchased "taser"
L 04/08/2022 - 20:03:40: "un<8><STEAM_1:0:625971129><CT>" purchased "item_defuser"
L 04/08/2022 - 20:03:41: World triggered "Round_Start"
L 04/08/2022 - 20:03:41: "un<8><STEAM_1:0:625971129><CT>" purchased "incgrenade"
L 04/08/2022 - 20:03:41: "un<8><STEAM_1:0:625971129><CT>" purchased "smokegrenade"
L 04/08/2022 - 20:03:41: "un<8><STEAM_1:0:625971129><CT>" purchased "hegrenade"
L 04/08/2022 - 20:03:42: "un<8><STEAM_1:0:625971129><CT>" purchased "deagle"
L 04/08/2022 - 20:03:48: "un<8><STEAM_1:0:625971129><CT>" [-1927 -323 -116] killed other "prop_dynamic<417>" [-1888 -276 -72] with "knife"
L 04/08/2022 - 20:03:51: "M TLE LAMU ME<4><STEAM_1:1:231069809><TERRORIST>" triggered "Dropped_The_Bomb"
L 04/08/2022 - 20:03:51: "Serby-<6><STEAM_1:1:636507947><CT>" [-578 -1980 -180] killed "M TLE LAMU ME<4><STEAM_1:1:231069809><TERRORIST>" [-307 -1814 -78] with "deagle"
L 04/08/2022 - 20:03:51: Team "CT" triggered "SFUI_Notice_CTs_Win" (CT "15") (T "9")
L 04/08/2022 - 20:03:51: Team "CT" scored "15" with "2" players
L 04/08/2022 - 20:03:51: Team "TERRORIST" scored "9" with "1" players
L 04/08/2022 - 20:03:51: MatchStatus: Team "CT" is unset.
L 04/08/2022 - 20:03:51: MatchStatus: Team "TERRORIST" is unset.
L 04/08/2022 - 20:03:51: MatchStatus: Score: 15:9 on map "de_mirage" RoundsPlayed: 24
L 04/08/2022 - 20:03:51: World triggered "Round_End"
L 04/08/2022 - 20:03:53: "M TLE LAMU ME<4><STEAM_1:1:231069809><TERRORIST>" say "hh"
L 04/08/2022 - 20:03:58: Starting Freeze period
L 04/08/2022 - 20:03:58: "M TLE LAMU ME<4><STEAM_1:1:231069809><TERRORIST>" triggered "Got_The_Bomb"
L 04/08/2022 - 20:03:58: MatchStatus: Team "CT" is unset.
L 04/08/2022 - 20:03:58: MatchStatus: Team "TERRORIST" is unset.
L 04/08/2022 - 20:03:58: MatchStatus: Score: 15:9 on map "de_mirage" RoundsPlayed: 24
L 04/08/2022 - 20:03:58: "M TLE LAMU ME<4><STEAM_1:1:231069809><TERRORIST>" purchased "taser"
L 04/08/2022 - 20:03:58: "M TLE LAMU ME<4><STEAM_1:1:231069809><TERRORIST>" purchased "smokegrenade"
L 04/08/2022 - 20:03:58: "M TLE LAMU ME<4><STEAM_1:1:231069809><TERRORIST>" purchased "hegrenade"
L 04/08/2022 - 20:03:58: "M TLE LAMU ME<4><STEAM_1:1:231069809><TERRORIST>" purchased "molotov"
L 04/08/2022 - 20:03:58: "M TLE LAMU ME<4><STEAM_1:1:231069809><TERRORIST>" purchased "ssg08"
L 04/08/2022 - 20:03:58: "M TLE LAMU ME<4><STEAM_1:1:231069809><TERRORIST>" purchased "deagle"
L 04/08/2022 - 20:03:59: "Serby-<6><STEAM_1:1:636507947><CT>" say "ba da cum imi dadeam rank din admin"
L 04/08/2022 - 20:04:01: "Serby-<6><STEAM_1:1:636507947><CT>" say "era cv comanda"
L 04/08/2022 - 20:04:03: World triggered "Round_Start"
L 04/08/2022 - 20:04:04: "Serby-<6><STEAM_1:1:636507947><CT>" say "da am uitat"
L 04/08/2022 - 20:04:10: "un<8><STEAM_1:0:625971129><CT>" [-1916 -331 -122] killed other "prop_dynamic<417>" [-1888 -276 -72] with "knife"
L 04/08/2022 - 20:04:10: "Serby-<6><STEAM_1:1:636507947><CT>" [-1366 -967 -168] killed other "func_breakable<164>" [-1330 -972 -131] with "ssg08" (noscope)
L 04/08/2022 - 20:04:10: "Serby-<6><STEAM_1:1:636507947><CT>" [-1366 -967 -168] killed other "prop_dynamic<536>" [-1336 -974 -132] with "ssg08" (penetrated noscope)
L 04/08/2022 - 20:04:25: "M TLE LAMU ME<4><STEAM_1:1:231069809><TERRORIST>" triggered "Dropped_The_Bomb"
L 04/08/2022 - 20:04:25: "Serby-<6><STEAM_1:1:636507947><CT>" [972 499 -259] killed "M TLE LAMU ME<4><STEAM_1:1:231069809><TERRORIST>" [1378 -7 -104] with "ssg08" (headshot)
L 04/08/2022 - 20:04:25: Team "CT" triggered "SFUI_Notice_CTs_Win" (CT "16") (T "9")
L 04/08/2022 - 20:04:25: Team "CT" scored "16" with "2" players
L 04/08/2022 - 20:04:25: Team "TERRORIST" scored "9" with "1" players
L 04/08/2022 - 20:04:25: MatchStatus: Team "CT" is unset.
L 04/08/2022 - 20:04:25: MatchStatus: Team "TERRORIST" is unset.
L 04/08/2022 - 20:04:25: MatchStatus: Score: 16:9 on map "de_mirage" RoundsPlayed: 25
L 04/08/2022 - 20:04:25: World triggered "Round_End"
L 04/08/2022 - 20:04:25: ACCOLADE, FINAL: {hsp},	Serby-<3>,	VALUE: 72.727272,	POS: 1,	SCORE: 48.787880
L 04/08/2022 - 20:04:25: ACCOLADE, FINAL: {quietest},	un<4>,	VALUE: 869.000000,	POS: 2,	SCORE: 15.240002
L 04/08/2022 - 20:04:25: ACCOLADE, FINAL: {hsp},	M TLE LAMU ME<2>,	VALUE: 81.818184,	POS: 1,	SCORE: 55.858589
L 04/08/2022 - 20:04:25: MatchStatus: Team "CT" is unset.
L 04/08/2022 - 20:04:25: MatchStatus: Team "TERRORIST" is unset.
L 04/08/2022 - 20:04:25: MatchStatus: Score: 16:9 on map "de_mirage" RoundsPlayed: 25
L 04/08/2022 - 20:04:25: Game Over: competitive mg_active de_mirage score 16:9 after 20 min
L 04/08/2022 - 20:04:25: World triggered "Round_Start"
L 04/08/2022 - 20:04:29: "Serby-<6><STEAM_1:1:636507947><CT>" say "!admin"
L 04/08/2022 - 20:04:47: "Serby-<6><STEAM_1:1:636507947><CT>" say "!sm_nextmap de_mirage"
L 04/08/2022 - 20:04:50: [META] Loaded 0 plugins (1 already loaded)
L 04/08/2022 - 20:04:50: [META] Loaded 0 plugins (1 already loaded)
L 04/08/2022 - 20:04:50: Log file closed
