L 04/08/2022 - 20:16:53: Log file started (file "logs/L089_034_025_021_27015_202204082016_001.log") (game "/home/client4775/service5731/csgo/csgo") (version "8515")
L 04/08/2022 - 20:16:53: server_cvar: "sv_airaccelerate" "500"
L 04/08/2022 - 20:16:53: server_cvar: "cash_player_interact_with_hostage" "300"
L 04/08/2022 - 20:16:53: server_cvar: "cash_team_elimination_hostage_map_t" "3000"
L 04/08/2022 - 20:16:53: server_cvar: "cash_team_elimination_hostage_map_ct" "3000"
L 04/08/2022 - 20:16:53: server_cvar: "cash_team_hostage_interaction" "600"
L 04/08/2022 - 20:16:53: server_cvar: "cash_team_rescued_hostage" "600"
L 04/08/2022 - 20:16:53: server_cvar: "cash_team_win_by_defusing_bomb" "3500"
L 04/08/2022 - 20:16:53: server_cvar: "cash_team_win_by_hostage_rescue" "2900"
L 04/08/2022 - 20:16:53: server_cvar: "mp_freezetime" "5"
L 04/08/2022 - 20:16:53: server_cvar: "mp_maxrounds" "30"
L 04/08/2022 - 20:16:53: server_cvar: "mp_roundtime" "1.55"
L 04/08/2022 - 20:16:53: server_cvar: "mp_roundtime_hostage" "1.92"
L 04/08/2022 - 20:16:53: server_cvar: "mp_roundtime_defuse" "1.92"
L 04/08/2022 - 20:16:53: server_cvar: "mp_timelimit" "0"
L 04/08/2022 - 20:16:53: server_cvar: "sv_deadtalk" "1"
L 04/08/2022 - 20:16:57: "GOTV<2><BOT><>" entered the game
L 04/08/2022 - 20:16:57: World triggered "Round_Start"
L 04/08/2022 - 20:16:57: server_cvar: "sv_alltalk" "1"
L 04/08/2022 - 20:17:23: "Serby-<6><STEAM_1:1:636507947><>" entered the game
L 04/08/2022 - 20:17:26: "MUIE LU MA TA<11><STEAM_1:1:231069809><>" entered the game
L 04/08/2022 - 20:17:33: "nu<10><STEAM_1:0:625971129><>" entered the game
L 04/08/2022 - 20:17:37: "MUIE LU MA TA<11><STEAM_1:1:231069809>" switched from team <Unassigned> to <CT>
L 04/08/2022 - 20:17:37: World triggered "Game_Commencing"
L 04/08/2022 - 20:17:37: Starting Freeze period
L 04/08/2022 - 20:17:37: World triggered "Match_Start" on "de_dust2"
L 04/08/2022 - 20:17:37: MatchStatus: Team "CT" is unset.
L 04/08/2022 - 20:17:37: MatchStatus: Team "TERRORIST" is unset.
L 04/08/2022 - 20:17:37: MatchStatus: Score: 0:0 on map "de_dust2" RoundsPlayed: -1
L 04/08/2022 - 20:17:37: "MUIE LU MA TA<11><STEAM_1:1:231069809><CT>" purchased "unknown"
L 04/08/2022 - 20:17:37: "MUIE LU MA TA<11><STEAM_1:1:231069809><CT>" purchased "unknown"
L 04/08/2022 - 20:17:37: "MUIE LU MA TA<11><STEAM_1:1:231069809><CT>" purchased "unknown"
L 04/08/2022 - 20:17:37: "MUIE LU MA TA<11><STEAM_1:1:231069809><CT>" purchased "unknown"
L 04/08/2022 - 20:17:37: "MUIE LU MA TA<11><STEAM_1:1:231069809><CT>" purchased "unknown"
L 04/08/2022 - 20:17:37: "MUIE LU MA TA<11><STEAM_1:1:231069809><CT>" purchased "unknown"
L 04/08/2022 - 20:17:37: "MUIE LU MA TA<11><STEAM_1:1:231069809><CT>" purchased "unknown"
L 04/08/2022 - 20:17:37: "MUIE LU MA TA<11><STEAM_1:1:231069809><CT>" purchased "unknown"
L 04/08/2022 - 20:17:37: "MUIE LU MA TA<11><STEAM_1:1:231069809><CT>" purchased "unknown"
L 04/08/2022 - 20:17:39: "Serby-<6><STEAM_1:1:636507947>" switched from team <Unassigned> to <TERRORIST>
L 04/08/2022 - 20:17:39: World triggered "Round_Start"
L 04/08/2022 - 20:17:40: "nu<10><STEAM_1:0:625971129>" switched from team <Unassigned> to <TERRORIST>
L 04/08/2022 - 20:17:42: "MUIE LU MA TA<11><STEAM_1:1:231069809><CT>" say "!admin"
L 04/08/2022 - 20:17:46: Starting Freeze period
L 04/08/2022 - 20:17:46: World triggered "Match_Start" on "de_dust2"
L 04/08/2022 - 20:17:46: "nu<10><STEAM_1:0:625971129><TERRORIST>" triggered "Got_The_Bomb"
L 04/08/2022 - 20:17:46: MatchStatus: Team "CT" is unset.
L 04/08/2022 - 20:17:46: MatchStatus: Team "TERRORIST" is unset.
L 04/08/2022 - 20:17:46: MatchStatus: Score: 0:0 on map "de_dust2" RoundsPlayed: 0
L 04/08/2022 - 20:17:46: "Serby-<6><STEAM_1:1:636507947><TERRORIST>" purchased "deagle"
L 04/08/2022 - 20:17:47: "nu<10><STEAM_1:0:625971129><TERRORIST>" purchased "deagle"
L 04/08/2022 - 20:17:47: "Serby-<6><STEAM_1:1:636507947><TERRORIST>" say "du te ct nu"
L 04/08/2022 - 20:17:51: World triggered "Round_Start"
L 04/08/2022 - 20:17:57: "Serby-<6><STEAM_1:1:636507947><TERRORIST>" say "ttt"
L 04/08/2022 - 20:17:57: "Serby-<6><STEAM_1:1:636507947><TERRORIST>" say "t"
L 04/08/2022 - 20:17:58: "Serby-<6><STEAM_1:1:636507947><TERRORIST>" say "t"
L 04/08/2022 - 20:18:04: "MUIE LU MA TA<11><STEAM_1:1:231069809><CT>" [584 254 1] killed "Serby-<6><STEAM_1:1:636507947><TERRORIST>" [446 246 65] with "hkp2000" (headshot)
L 04/08/2022 - 20:18:06: "nu<10><STEAM_1:0:625971129><TERRORIST>" triggered "Bomb_Begin_Plant" at bombsite B
L 04/08/2022 - 20:18:09: "nu<10><STEAM_1:0:625971129><TERRORIST>" triggered "Planted_The_Bomb" at bombsite B
L 04/08/2022 - 20:18:12: "Serby-<6><STEAM_1:1:636507947><TERRORIST>" say "tasdtatdfaw"
L 04/08/2022 - 20:18:14: "nu<10><STEAM_1:0:625971129><TERRORIST>" say "a scris de 3 ori"
L 04/08/2022 - 20:18:15: "nu<10><STEAM_1:0:625971129><TERRORIST>" say "4"
L 04/08/2022 - 20:18:19: "nu<10><STEAM_1:0:625971129><TERRORIST>" [-1374 2634 125] killed "MUIE LU MA TA<11><STEAM_1:1:231069809><CT>" [-1412 2174 64] with "deagle" (headshot)
L 04/08/2022 - 20:18:19: Team "TERRORIST" triggered "SFUI_Notice_Terrorists_Win" (CT "0") (T "1")
L 04/08/2022 - 20:18:19: Team "CT" scored "0" with "1" players
L 04/08/2022 - 20:18:19: Team "TERRORIST" scored "1" with "2" players
L 04/08/2022 - 20:18:19: MatchStatus: Team "CT" is unset.
L 04/08/2022 - 20:18:19: MatchStatus: Team "TERRORIST" is unset.
L 04/08/2022 - 20:18:19: MatchStatus: Score: 0:1 on map "de_dust2" RoundsPlayed: 1
L 04/08/2022 - 20:18:19: World triggered "Round_End"
L 04/08/2022 - 20:18:21: "Serby-<6><STEAM_1:1:636507947><TERRORIST>" say "!admin"
L 04/08/2022 - 20:18:26: Starting Freeze period
L 04/08/2022 - 20:18:26: "nu<10><STEAM_1:0:625971129><TERRORIST>" triggered "Got_The_Bomb"
L 04/08/2022 - 20:18:26: MatchStatus: Team "CT" is unset.
L 04/08/2022 - 20:18:26: MatchStatus: Team "TERRORIST" is unset.
L 04/08/2022 - 20:18:26: MatchStatus: Score: 0:1 on map "de_dust2" RoundsPlayed: 1
L 04/08/2022 - 20:18:26: "Serby-<6><STEAM_1:1:636507947><TERRORIST>" purchased "ssg08"
L 04/08/2022 - 20:18:26: "Serby-<6><STEAM_1:1:636507947><TERRORIST>" purchased "deagle"
L 04/08/2022 - 20:18:26: "Serby-<6><STEAM_1:1:636507947><TERRORIST>" purchased "item_assaultsuit"
L 04/08/2022 - 20:18:26: "nu<10><STEAM_1:0:625971129><TERRORIST>" purchased "item_assaultsuit"
L 04/08/2022 - 20:18:26: "nu<10><STEAM_1:0:625971129><TERRORIST>" purchased "hegrenade"
L 04/08/2022 - 20:18:26: "nu<10><STEAM_1:0:625971129><TERRORIST>" purchased "molotov"
L 04/08/2022 - 20:18:26: "nu<10><STEAM_1:0:625971129><TERRORIST>" purchased "smokegrenade"
L 04/08/2022 - 20:18:26: "nu<10><STEAM_1:0:625971129><TERRORIST>" purchased "taser"
L 04/08/2022 - 20:18:27: "nu<10><STEAM_1:0:625971129><TERRORIST>" say "ba"
L 04/08/2022 - 20:18:31: World triggered "Round_Start"
L 04/08/2022 - 20:18:36: "nu<10><STEAM_1:0:625971129><TERRORIST>" say "dai click dreapta pe numele lui"
L 04/08/2022 - 20:18:45: "nu<10><STEAM_1:0:625971129><TERRORIST>" say "si vezi ca poate il ai la mute"
L 04/08/2022 - 20:18:47: "nu<10><STEAM_1:0:625971129><TERRORIST>" purchased "ssg08"
L 04/08/2022 - 20:19:01: "Serby-<6><STEAM_1:1:636507947><TERRORIST>" say "tt"
L 04/08/2022 - 20:19:04: "Serby-<6><STEAM_1:1:636507947><TERRORIST>" say "nu"
L 04/08/2022 - 20:19:06: "MUIE LU MA TA<11><STEAM_1:1:231069809><CT>" say "!"
L 04/08/2022 - 20:19:07: "Serby-<6><STEAM_1:1:636507947><TERRORIST>" say "tu vezi ce scriu"
L 04/08/2022 - 20:19:07: "nu<10><STEAM_1:0:625971129><TERRORIST>" [173 2303 -88] killed "MUIE LU MA TA<11><STEAM_1:1:231069809><CT>" [205 2438 -57] with "taser"
L 04/08/2022 - 20:19:07: Team "TERRORIST" triggered "SFUI_Notice_Terrorists_Win" (CT "0") (T "2")
L 04/08/2022 - 20:19:07: Team "CT" scored "0" with "1" players
L 04/08/2022 - 20:19:07: Team "TERRORIST" scored "2" with "2" players
L 04/08/2022 - 20:19:07: MatchStatus: Team "CT" is unset.
L 04/08/2022 - 20:19:07: MatchStatus: Team "TERRORIST" is unset.
L 04/08/2022 - 20:19:07: MatchStatus: Score: 0:2 on map "de_dust2" RoundsPlayed: 2
L 04/08/2022 - 20:19:07: World triggered "Round_End"
L 04/08/2022 - 20:19:08: "MUIE LU MA TA<11><STEAM_1:1:231069809><CT>" say "nu l am"
L 04/08/2022 - 20:19:09: "MUIE LU MA TA<11><STEAM_1:1:231069809><CT>" say "!mute"
L 04/08/2022 - 20:19:10: "Serby-<6><STEAM_1:1:636507947><TERRORIST>" say "?"
L 04/08/2022 - 20:19:13: "MUIE LU MA TA<11><STEAM_1:1:231069809><CT>" say "!sm_voice"
L 04/08/2022 - 20:19:14: Starting Freeze period
L 04/08/2022 - 20:19:14: "Serby-<6><STEAM_1:1:636507947><TERRORIST>" triggered "Got_The_Bomb"
L 04/08/2022 - 20:19:14: MatchStatus: Team "CT" is unset.
L 04/08/2022 - 20:19:14: MatchStatus: Team "TERRORIST" is unset.
L 04/08/2022 - 20:19:14: MatchStatus: Score: 0:2 on map "de_dust2" RoundsPlayed: 2
L 04/08/2022 - 20:19:14: "Serby-<6><STEAM_1:1:636507947><TERRORIST>" purchased "hegrenade"
L 04/08/2022 - 20:19:14: "Serby-<6><STEAM_1:1:636507947><TERRORIST>" purchased "molotov"
L 04/08/2022 - 20:19:14: "Serby-<6><STEAM_1:1:636507947><TERRORIST>" purchased "smokegrenade"
L 04/08/2022 - 20:19:14: "Serby-<6><STEAM_1:1:636507947><TERRORIST>" purchased "taser"
L 04/08/2022 - 20:19:15: "nu<10><STEAM_1:0:625971129><TERRORIST>" purchased "item_kevlar"
L 04/08/2022 - 20:19:15: "nu<10><STEAM_1:0:625971129><TERRORIST>" purchased "taser"
L 04/08/2022 - 20:19:15: "Serby-<6><STEAM_1:1:636507947><TERRORIST>" say "nu"
L 04/08/2022 - 20:19:15: "MUIE LU MA TA<11><STEAM_1:1:231069809><CT>" say "!sm_gag"
L 04/08/2022 - 20:19:18: "Serby-<6><STEAM_1:1:636507947><TERRORIST>" say "tu vezi ce scriu"
L 04/08/2022 - 20:19:19: World triggered "Round_Start"
L 04/08/2022 - 20:19:20: "Serby-<6><STEAM_1:1:636507947><TERRORIST>" say "?"
L 04/08/2022 - 20:19:22: "nu<10><STEAM_1:0:625971129><TERRORIST>" say "da "
L 04/08/2022 - 20:19:24: "Serby-<6><STEAM_1:1:636507947><TERRORIST>" say "cplm"
L 04/08/2022 - 20:19:32: "nu<10><STEAM_1:0:625971129><TERRORIST>" say "tine apasat tab"
L 04/08/2022 - 20:19:43: "nu<10><STEAM_1:0:625971129><TERRORIST>" say "il pune automat sv"
L 04/08/2022 - 20:19:45: "Serby-<6><STEAM_1:1:636507947><TERRORIST>" [-372 1940 -126] killed "MUIE LU MA TA<11><STEAM_1:1:231069809><CT>" [221 2300 -55] with "ssg08" (penetrated)
L 04/08/2022 - 20:19:45: Team "TERRORIST" triggered "SFUI_Notice_Terrorists_Win" (CT "0") (T "3")
L 04/08/2022 - 20:19:45: Team "CT" scored "0" with "1" players
L 04/08/2022 - 20:19:45: Team "TERRORIST" scored "3" with "2" players
L 04/08/2022 - 20:19:45: MatchStatus: Team "CT" is unset.
L 04/08/2022 - 20:19:45: MatchStatus: Team "TERRORIST" is unset.
L 04/08/2022 - 20:19:45: MatchStatus: Score: 0:3 on map "de_dust2" RoundsPlayed: 3
L 04/08/2022 - 20:19:45: World triggered "Round_End"
L 04/08/2022 - 20:19:47: "Serby-<6><STEAM_1:1:636507947><TERRORIST>" say "1"
L 04/08/2022 - 20:19:48: "Serby-<6><STEAM_1:1:636507947><TERRORIST>" say "ez"
L 04/08/2022 - 20:19:49: "Serby-<6><STEAM_1:1:636507947><TERRORIST>" say "sit"
L 04/08/2022 - 20:19:51: "Serby-<6><STEAM_1:1:636507947><TERRORIST>" say "hhh"
L 04/08/2022 - 20:19:51: Starting Freeze period
L 04/08/2022 - 20:19:52: "nu<10><STEAM_1:0:625971129><TERRORIST>" triggered "Got_The_Bomb"
L 04/08/2022 - 20:19:52: MatchStatus: Team "CT" is unset.
L 04/08/2022 - 20:19:52: MatchStatus: Team "TERRORIST" is unset.
L 04/08/2022 - 20:19:52: MatchStatus: Score: 0:3 on map "de_dust2" RoundsPlayed: 3
L 04/08/2022 - 20:19:52: "MUIE LU MA TA<11><STEAM_1:1:231069809><CT>" purchased "item_kevlar"
L 04/08/2022 - 20:19:52: "MUIE LU MA TA<11><STEAM_1:1:231069809><CT>" purchased "item_assaultsuit"
L 04/08/2022 - 20:19:52: "MUIE LU MA TA<11><STEAM_1:1:231069809><CT>" purchased "item_defuser"
L 04/08/2022 - 20:19:52: "MUIE LU MA TA<11><STEAM_1:1:231069809><CT>" purchased "taser"
L 04/08/2022 - 20:19:52: "MUIE LU MA TA<11><STEAM_1:1:231069809><CT>" purchased "smokegrenade"
L 04/08/2022 - 20:19:52: "MUIE LU MA TA<11><STEAM_1:1:231069809><CT>" purchased "hegrenade"
L 04/08/2022 - 20:19:52: "MUIE LU MA TA<11><STEAM_1:1:231069809><CT>" purchased "incgrenade"
L 04/08/2022 - 20:19:52: "MUIE LU MA TA<11><STEAM_1:1:231069809><CT>" purchased "ssg08"
L 04/08/2022 - 20:19:52: "MUIE LU MA TA<11><STEAM_1:1:231069809><CT>" purchased "deagle"
L 04/08/2022 - 20:19:57: World triggered "Round_Start"
L 04/08/2022 - 20:19:58: "Serby-<6><STEAM_1:1:636507947><TERRORIST>" say "!unmute Serby-"
L 04/08/2022 - 20:20:03: "Serby-<6><STEAM_1:1:636507947><TERRORIST>" say "acm vezi"
L 04/08/2022 - 20:20:06: "Serby-<6><STEAM_1:1:636507947><TERRORIST>" say "/"
L 04/08/2022 - 20:20:18: "nu<10><STEAM_1:0:625971129><TERRORIST>" [-157 2168 -126] killed "MUIE LU MA TA<11><STEAM_1:1:231069809><CT>" [411 2213 -67] with "ssg08"
L 04/08/2022 - 20:20:18: Team "TERRORIST" triggered "SFUI_Notice_Terrorists_Win" (CT "0") (T "4")
L 04/08/2022 - 20:20:18: Team "CT" scored "0" with "1" players
L 04/08/2022 - 20:20:18: Team "TERRORIST" scored "4" with "2" players
L 04/08/2022 - 20:20:18: MatchStatus: Team "CT" is unset.
L 04/08/2022 - 20:20:18: MatchStatus: Team "TERRORIST" is unset.
L 04/08/2022 - 20:20:18: MatchStatus: Score: 0:4 on map "de_dust2" RoundsPlayed: 4
L 04/08/2022 - 20:20:18: World triggered "Round_End"
L 04/08/2022 - 20:20:25: Starting Freeze period
L 04/08/2022 - 20:20:25: "Serby-<6><STEAM_1:1:636507947><TERRORIST>" triggered "Got_The_Bomb"
L 04/08/2022 - 20:20:25: MatchStatus: Team "CT" is unset.
L 04/08/2022 - 20:20:25: MatchStatus: Team "TERRORIST" is unset.
L 04/08/2022 - 20:20:25: MatchStatus: Score: 0:4 on map "de_dust2" RoundsPlayed: 4
L 04/08/2022 - 20:20:26: "Serby-<6><STEAM_1:1:636507947><TERRORIST>" say "!mute Serby- 1"
L 04/08/2022 - 20:20:29: "MUIE LU MA TA<11><STEAM_1:1:231069809><CT>" purchased "deagle"
L 04/08/2022 - 20:20:30: World triggered "Round_Start"
L 04/08/2022 - 20:20:31: "MUIE LU MA TA<11><STEAM_1:1:231069809><CT>" say "!vip"
L 04/08/2022 - 20:20:39: "Serby-<6><STEAM_1:1:636507947><TERRORIST>" say "!unmute Serby-"
L 04/08/2022 - 20:20:42: "Serby-<6><STEAM_1:1:636507947><TERRORIST>" say "acm vezi"
L 04/08/2022 - 20:20:47: "Serby-<6><STEAM_1:1:636507947><TERRORIST>" [-84 -481 9] killed "MUIE LU MA TA<11><STEAM_1:1:231069809><CT>" [123 -571 75] with "deagle"
L 04/08/2022 - 20:20:47: Team "TERRORIST" triggered "SFUI_Notice_Terrorists_Win" (CT "0") (T "5")
L 04/08/2022 - 20:20:47: Team "CT" scored "0" with "1" players
L 04/08/2022 - 20:20:47: Team "TERRORIST" scored "5" with "2" players
L 04/08/2022 - 20:20:47: MatchStatus: Team "CT" is unset.
L 04/08/2022 - 20:20:47: MatchStatus: Team "TERRORIST" is unset.
L 04/08/2022 - 20:20:47: MatchStatus: Score: 0:5 on map "de_dust2" RoundsPlayed: 5
L 04/08/2022 - 20:20:47: World triggered "Round_End"
L 04/08/2022 - 20:20:54: Starting Freeze period
L 04/08/2022 - 20:20:54: "nu<10><STEAM_1:0:625971129><TERRORIST>" triggered "Got_The_Bomb"
L 04/08/2022 - 20:20:54: MatchStatus: Team "CT" is unset.
L 04/08/2022 - 20:20:54: MatchStatus: Team "TERRORIST" is unset.
L 04/08/2022 - 20:20:54: MatchStatus: Score: 0:5 on map "de_dust2" RoundsPlayed: 5
L 04/08/2022 - 20:20:54: "MUIE LU MA TA<11><STEAM_1:1:231069809><CT>" purchased "item_kevlar"
L 04/08/2022 - 20:20:54: "MUIE LU MA TA<11><STEAM_1:1:231069809><CT>" purchased "item_assaultsuit"
L 04/08/2022 - 20:20:54: "MUIE LU MA TA<11><STEAM_1:1:231069809><CT>" purchased "item_defuser"
L 04/08/2022 - 20:20:54: "MUIE LU MA TA<11><STEAM_1:1:231069809><CT>" purchased "taser"
L 04/08/2022 - 20:20:54: "MUIE LU MA TA<11><STEAM_1:1:231069809><CT>" purchased "smokegrenade"
L 04/08/2022 - 20:20:54: "MUIE LU MA TA<11><STEAM_1:1:231069809><CT>" purchased "hegrenade"
L 04/08/2022 - 20:20:54: "MUIE LU MA TA<11><STEAM_1:1:231069809><CT>" purchased "incgrenade"
L 04/08/2022 - 20:20:54: "MUIE LU MA TA<11><STEAM_1:1:231069809><CT>" purchased "ssg08"
L 04/08/2022 - 20:20:54: "MUIE LU MA TA<11><STEAM_1:1:231069809><CT>" purchased "deagle"
L 04/08/2022 - 20:20:55: "Serby-<6><STEAM_1:1:636507947><TERRORIST>" say "!vip"
L 04/08/2022 - 20:20:59: "nu<10><STEAM_1:0:625971129><TERRORIST>" say "!vip"
L 04/08/2022 - 20:20:59: World triggered "Round_Start"
L 04/08/2022 - 20:21:22: "nu<10><STEAM_1:0:625971129><TERRORIST>" triggered "Dropped_The_Bomb"
L 04/08/2022 - 20:21:22: "MUIE LU MA TA<11><STEAM_1:1:231069809><CT>" [349 2340 -120] killed "nu<10><STEAM_1:0:625971129><TERRORIST>" [-236 2167 -62] with "ssg08" (headshot penetrated)
L 04/08/2022 - 20:21:24: "nu<10><STEAM_1:0:625971129><TERRORIST>" say "lol"
L 04/08/2022 - 20:21:31: "Serby-<6><STEAM_1:1:636507947><TERRORIST>" [-376 1950 -126] killed "MUIE LU MA TA<11><STEAM_1:1:231069809><CT>" [349 2344 -56] with "ssg08" (penetrated)
L 04/08/2022 - 20:21:31: Team "TERRORIST" triggered "SFUI_Notice_Terrorists_Win" (CT "0") (T "6")
L 04/08/2022 - 20:21:31: Team "CT" scored "0" with "1" players
L 04/08/2022 - 20:21:31: Team "TERRORIST" scored "6" with "2" players
L 04/08/2022 - 20:21:31: MatchStatus: Team "CT" is unset.
L 04/08/2022 - 20:21:31: MatchStatus: Team "TERRORIST" is unset.
L 04/08/2022 - 20:21:31: MatchStatus: Score: 0:6 on map "de_dust2" RoundsPlayed: 6
L 04/08/2022 - 20:21:31: World triggered "Round_End"
L 04/08/2022 - 20:21:33: "Serby-<6><STEAM_1:1:636507947><TERRORIST>" triggered "Got_The_Bomb"
L 04/08/2022 - 20:21:36: "nu<10><STEAM_1:0:625971129><TERRORIST>" say "serby give cfg "
L 04/08/2022 - 20:21:37: Starting Freeze period
L 04/08/2022 - 20:21:37: "Serby-<6><STEAM_1:1:636507947><TERRORIST>" triggered "Got_The_Bomb"
L 04/08/2022 - 20:21:38: MatchStatus: Team "CT" is unset.
L 04/08/2022 - 20:21:38: MatchStatus: Team "TERRORIST" is unset.
L 04/08/2022 - 20:21:38: MatchStatus: Score: 0:6 on map "de_dust2" RoundsPlayed: 6
L 04/08/2022 - 20:21:38: "nu<10><STEAM_1:0:625971129><TERRORIST>" purchased "deagle"
L 04/08/2022 - 20:21:38: "nu<10><STEAM_1:0:625971129><TERRORIST>" purchased "item_assaultsuit"
L 04/08/2022 - 20:21:38: "nu<10><STEAM_1:0:625971129><TERRORIST>" purchased "hegrenade"
L 04/08/2022 - 20:21:38: "nu<10><STEAM_1:0:625971129><TERRORIST>" purchased "molotov"
L 04/08/2022 - 20:21:38: "nu<10><STEAM_1:0:625971129><TERRORIST>" purchased "smokegrenade"
L 04/08/2022 - 20:21:38: "nu<10><STEAM_1:0:625971129><TERRORIST>" purchased "taser"
L 04/08/2022 - 20:21:40: "nu<10><STEAM_1:0:625971129><TERRORIST>" purchased "ssg08"
L 04/08/2022 - 20:21:41: "Serby-<6><STEAM_1:1:636507947><TERRORIST>" say "e a meu ma"
L 04/08/2022 - 20:21:42: World triggered "Round_Start"
L 04/08/2022 - 20:21:47: "Serby-<6><STEAM_1:1:636507947><TERRORIST>" say "e get good weave ala"
L 04/08/2022 - 20:21:50: "Serby-<6><STEAM_1:1:636507947><TERRORIST>" say "schimbat putin"
L 04/08/2022 - 20:21:57: "nu<10><STEAM_1:0:625971129><TERRORIST>" say "trimite mi-l"
L 04/08/2022 - 20:22:03: "Serby-<6><STEAM_1:1:636507947><TERRORIST>" say "82 hc si min dmg am 101"
L 04/08/2022 - 20:22:10: "Serby-<6><STEAM_1:1:636507947><TERRORIST>" say "pai e acelasi schimba min dmg si hc"
L 04/08/2022 - 20:22:25: "Serby-<6><STEAM_1:1:636507947><TERRORIST>" triggered "Dropped_The_Bomb"
L 04/08/2022 - 20:22:25: "MUIE LU MA TA<11><STEAM_1:1:231069809><CT>" [356 2373 -120] killed "Serby-<6><STEAM_1:1:636507947><TERRORIST>" [-5 2196 -65] with "hkp2000" (headshot)
L 04/08/2022 - 20:22:33: "nu<10><STEAM_1:0:625971129><TERRORIST>" [-359 1962 -126] killed "MUIE LU MA TA<11><STEAM_1:1:231069809><CT>" [333 2339 -56] with "ssg08" (headshot)
L 04/08/2022 - 20:22:33: Team "TERRORIST" triggered "SFUI_Notice_Terrorists_Win" (CT "0") (T "7")
L 04/08/2022 - 20:22:33: Team "CT" scored "0" with "1" players
L 04/08/2022 - 20:22:33: Team "TERRORIST" scored "7" with "2" players
L 04/08/2022 - 20:22:33: MatchStatus: Team "CT" is unset.
L 04/08/2022 - 20:22:33: MatchStatus: Team "TERRORIST" is unset.
L 04/08/2022 - 20:22:33: MatchStatus: Score: 0:7 on map "de_dust2" RoundsPlayed: 7
L 04/08/2022 - 20:22:33: World triggered "Round_End"
L 04/08/2022 - 20:22:33: "Serby-<6><STEAM_1:1:636507947><TERRORIST>" say "!admin"
L 04/08/2022 - 20:22:40: Starting Freeze period
L 04/08/2022 - 20:22:40: "nu<10><STEAM_1:0:625971129><TERRORIST>" triggered "Got_The_Bomb"
L 04/08/2022 - 20:22:40: MatchStatus: Team "CT" is unset.
L 04/08/2022 - 20:22:40: MatchStatus: Team "TERRORIST" is unset.
L 04/08/2022 - 20:22:40: MatchStatus: Score: 0:7 on map "de_dust2" RoundsPlayed: 7
L 04/08/2022 - 20:22:40: "Serby-<6><STEAM_1:1:636507947><TERRORIST>" purchased "ssg08"
L 04/08/2022 - 20:22:40: "Serby-<6><STEAM_1:1:636507947><TERRORIST>" purchased "deagle"
L 04/08/2022 - 20:22:40: "Serby-<6><STEAM_1:1:636507947><TERRORIST>" purchased "item_assaultsuit"
L 04/08/2022 - 20:22:40: "Serby-<6><STEAM_1:1:636507947><TERRORIST>" purchased "hegrenade"
L 04/08/2022 - 20:22:40: "Serby-<6><STEAM_1:1:636507947><TERRORIST>" purchased "molotov"
L 04/08/2022 - 20:22:40: "Serby-<6><STEAM_1:1:636507947><TERRORIST>" purchased "smokegrenade"
L 04/08/2022 - 20:22:40: "Serby-<6><STEAM_1:1:636507947><TERRORIST>" purchased "taser"
L 04/08/2022 - 20:22:40: "MUIE LU MA TA<11><STEAM_1:1:231069809><CT>" purchased "item_defuser"
L 04/08/2022 - 20:22:40: "MUIE LU MA TA<11><STEAM_1:1:231069809><CT>" purchased "taser"
L 04/08/2022 - 20:22:40: "MUIE LU MA TA<11><STEAM_1:1:231069809><CT>" purchased "smokegrenade"
L 04/08/2022 - 20:22:40: "MUIE LU MA TA<11><STEAM_1:1:231069809><CT>" purchased "hegrenade"
L 04/08/2022 - 20:22:40: "MUIE LU MA TA<11><STEAM_1:1:231069809><CT>" purchased "incgrenade"
L 04/08/2022 - 20:22:40: "MUIE LU MA TA<11><STEAM_1:1:231069809><CT>" purchased "ssg08"
L 04/08/2022 - 20:22:40: "MUIE LU MA TA<11><STEAM_1:1:231069809><CT>" purchased "deagle"
L 04/08/2022 - 20:22:45: World triggered "Round_Start"
L 04/08/2022 - 20:22:50: "Serby-<6><STEAM_1:1:636507947><TERRORIST>" say "te am"
L 04/08/2022 - 20:22:51: "Serby-<6><STEAM_1:1:636507947><TERRORIST>" say "ma"
L 04/08/2022 - 20:22:58: "nu<10><STEAM_1:0:625971129><TERRORIST>" say "cui?"
L 04/08/2022 - 20:23:01: "Serby-<6><STEAM_1:1:636507947><TERRORIST>" say "ttt"
L 04/08/2022 - 20:23:03: "Serby-<6><STEAM_1:1:636507947><TERRORIST>" say "da ma scriu"
L 04/08/2022 - 20:23:08: "nu<10><STEAM_1:0:625971129><TERRORIST>" say "el scrie"
L 04/08/2022 - 20:23:14: "Serby-<6><STEAM_1:1:636507947><TERRORIST>" [-1740 1074 33] killed "MUIE LU MA TA<11><STEAM_1:1:231069809><CT>" [-1441 196 48] with "ssg08" (penetrated)
L 04/08/2022 - 20:23:14: Team "TERRORIST" triggered "SFUI_Notice_Terrorists_Win" (CT "0") (T "8")
L 04/08/2022 - 20:23:14: Team "CT" scored "0" with "1" players
L 04/08/2022 - 20:23:14: Team "TERRORIST" scored "8" with "2" players
L 04/08/2022 - 20:23:14: MatchStatus: Team "CT" is unset.
L 04/08/2022 - 20:23:14: MatchStatus: Team "TERRORIST" is unset.
L 04/08/2022 - 20:23:14: MatchStatus: Score: 0:8 on map "de_dust2" RoundsPlayed: 8
L 04/08/2022 - 20:23:14: World triggered "Round_End"
L 04/08/2022 - 20:23:21: Starting Freeze period
L 04/08/2022 - 20:23:21: "Serby-<6><STEAM_1:1:636507947><TERRORIST>" triggered "Got_The_Bomb"
L 04/08/2022 - 20:23:21: MatchStatus: Team "CT" is unset.
L 04/08/2022 - 20:23:21: MatchStatus: Team "TERRORIST" is unset.
L 04/08/2022 - 20:23:21: MatchStatus: Score: 0:8 on map "de_dust2" RoundsPlayed: 8
L 04/08/2022 - 20:23:21: "MUIE LU MA TA<11><STEAM_1:1:231069809><CT>" purchased "item_kevlar"
L 04/08/2022 - 20:23:21: "MUIE LU MA TA<11><STEAM_1:1:231069809><CT>" purchased "item_assaultsuit"
L 04/08/2022 - 20:23:21: "MUIE LU MA TA<11><STEAM_1:1:231069809><CT>" purchased "item_defuser"
L 04/08/2022 - 20:23:21: "MUIE LU MA TA<11><STEAM_1:1:231069809><CT>" purchased "taser"
L 04/08/2022 - 20:23:21: "MUIE LU MA TA<11><STEAM_1:1:231069809><CT>" purchased "smokegrenade"
L 04/08/2022 - 20:23:21: "MUIE LU MA TA<11><STEAM_1:1:231069809><CT>" purchased "hegrenade"
L 04/08/2022 - 20:23:21: "MUIE LU MA TA<11><STEAM_1:1:231069809><CT>" purchased "incgrenade"
L 04/08/2022 - 20:23:21: "MUIE LU MA TA<11><STEAM_1:1:231069809><CT>" purchased "ssg08"
L 04/08/2022 - 20:23:21: "MUIE LU MA TA<11><STEAM_1:1:231069809><CT>" purchased "deagle"
L 04/08/2022 - 20:23:21: "Serby-<6><STEAM_1:1:636507947><TERRORIST>" say "ce"
L 04/08/2022 - 20:23:24: "nu<10><STEAM_1:0:625971129><TERRORIST>" say "?"
L 04/08/2022 - 20:23:26: World triggered "Round_Start"
L 04/08/2022 - 20:23:44: "nu<10><STEAM_1:0:625971129><TERRORIST>" [254 2368 -115] killed "MUIE LU MA TA<11><STEAM_1:1:231069809><CT>" [258 2481 -57] with "taser"
L 04/08/2022 - 20:23:44: Team "TERRORIST" triggered "SFUI_Notice_Terrorists_Win" (CT "0") (T "9")
L 04/08/2022 - 20:23:44: Team "CT" scored "0" with "1" players
L 04/08/2022 - 20:23:44: Team "TERRORIST" scored "9" with "2" players
L 04/08/2022 - 20:23:44: MatchStatus: Team "CT" is unset.
L 04/08/2022 - 20:23:44: MatchStatus: Team "TERRORIST" is unset.
L 04/08/2022 - 20:23:44: MatchStatus: Score: 0:9 on map "de_dust2" RoundsPlayed: 9
L 04/08/2022 - 20:23:44: World triggered "Round_End"
L 04/08/2022 - 20:23:51: Starting Freeze period
L 04/08/2022 - 20:23:51: "nu<10><STEAM_1:0:625971129><TERRORIST>" triggered "Got_The_Bomb"
L 04/08/2022 - 20:23:51: MatchStatus: Team "CT" is unset.
L 04/08/2022 - 20:23:51: MatchStatus: Team "TERRORIST" is unset.
L 04/08/2022 - 20:23:51: MatchStatus: Score: 0:9 on map "de_dust2" RoundsPlayed: 9
L 04/08/2022 - 20:23:51: "MUIE LU MA TA<11><STEAM_1:1:231069809><CT>" purchased "item_kevlar"
L 04/08/2022 - 20:23:51: "MUIE LU MA TA<11><STEAM_1:1:231069809><CT>" purchased "item_assaultsuit"
L 04/08/2022 - 20:23:51: "MUIE LU MA TA<11><STEAM_1:1:231069809><CT>" purchased "item_defuser"
L 04/08/2022 - 20:23:51: "MUIE LU MA TA<11><STEAM_1:1:231069809><CT>" purchased "taser"
L 04/08/2022 - 20:23:51: "MUIE LU MA TA<11><STEAM_1:1:231069809><CT>" purchased "smokegrenade"
L 04/08/2022 - 20:23:51: "MUIE LU MA TA<11><STEAM_1:1:231069809><CT>" purchased "hegrenade"
L 04/08/2022 - 20:23:51: "MUIE LU MA TA<11><STEAM_1:1:231069809><CT>" purchased "incgrenade"
L 04/08/2022 - 20:23:51: "MUIE LU MA TA<11><STEAM_1:1:231069809><CT>" purchased "ssg08"
L 04/08/2022 - 20:23:51: "MUIE LU MA TA<11><STEAM_1:1:231069809><CT>" purchased "deagle"
L 04/08/2022 - 20:23:56: World triggered "Round_Start"
L 04/08/2022 - 20:24:13: "nu<10><STEAM_1:0:625971129><TERRORIST>" triggered "Dropped_The_Bomb"
L 04/08/2022 - 20:24:13: "MUIE LU MA TA<11><STEAM_1:1:231069809><CT>" [159 2369 -120] killed "nu<10><STEAM_1:0:625971129><TERRORIST>" [34 2164 -39] with "ssg08" (headshot)
L 04/08/2022 - 20:24:15: "nu<10><STEAM_1:0:625971129><TERRORIST>" say "xd"
L 04/08/2022 - 20:24:17: "MUIE LU MA TA<11><STEAM_1:1:231069809><CT>" [159 2369 -120] killed "Serby-<6><STEAM_1:1:636507947><TERRORIST>" [27 2199 -66] with "ssg08" (headshot penetrated)
L 04/08/2022 - 20:24:17: Team "CT" triggered "SFUI_Notice_CTs_Win" (CT "1") (T "9")
L 04/08/2022 - 20:24:17: Team "CT" scored "1" with "1" players
L 04/08/2022 - 20:24:17: Team "TERRORIST" scored "9" with "2" players
L 04/08/2022 - 20:24:17: MatchStatus: Team "CT" is unset.
L 04/08/2022 - 20:24:17: MatchStatus: Team "TERRORIST" is unset.
L 04/08/2022 - 20:24:17: MatchStatus: Score: 1:9 on map "de_dust2" RoundsPlayed: 10
L 04/08/2022 - 20:24:17: World triggered "Round_End"
L 04/08/2022 - 20:24:20: "nu<10><STEAM_1:0:625971129><TERRORIST>" say "merge predictu"
L 04/08/2022 - 20:24:24: Starting Freeze period
L 04/08/2022 - 20:24:24: "Serby-<6><STEAM_1:1:636507947><TERRORIST>" triggered "Got_The_Bomb"
L 04/08/2022 - 20:24:24: MatchStatus: Team "CT" is unset.
L 04/08/2022 - 20:24:24: MatchStatus: Team "TERRORIST" is unset.
L 04/08/2022 - 20:24:24: MatchStatus: Score: 1:9 on map "de_dust2" RoundsPlayed: 10
L 04/08/2022 - 20:24:24: "Serby-<6><STEAM_1:1:636507947><TERRORIST>" purchased "ssg08"
L 04/08/2022 - 20:24:24: "Serby-<6><STEAM_1:1:636507947><TERRORIST>" purchased "deagle"
L 04/08/2022 - 20:24:24: "Serby-<6><STEAM_1:1:636507947><TERRORIST>" purchased "item_assaultsuit"
L 04/08/2022 - 20:24:24: "Serby-<6><STEAM_1:1:636507947><TERRORIST>" purchased "hegrenade"
L 04/08/2022 - 20:24:24: "Serby-<6><STEAM_1:1:636507947><TERRORIST>" purchased "molotov"
L 04/08/2022 - 20:24:24: "Serby-<6><STEAM_1:1:636507947><TERRORIST>" purchased "smokegrenade"
L 04/08/2022 - 20:24:24: "Serby-<6><STEAM_1:1:636507947><TERRORIST>" purchased "taser"
L 04/08/2022 - 20:24:24: "MUIE LU MA TA<11><STEAM_1:1:231069809><CT>" say "ce cod ai nu"
L 04/08/2022 - 20:24:25: "nu<10><STEAM_1:0:625971129><TERRORIST>" purchased "deagle"
L 04/08/2022 - 20:24:25: "nu<10><STEAM_1:0:625971129><TERRORIST>" purchased "item_assaultsuit"
L 04/08/2022 - 20:24:25: "nu<10><STEAM_1:0:625971129><TERRORIST>" purchased "hegrenade"
L 04/08/2022 - 20:24:25: "nu<10><STEAM_1:0:625971129><TERRORIST>" purchased "molotov"
L 04/08/2022 - 20:24:25: "nu<10><STEAM_1:0:625971129><TERRORIST>" purchased "smokegrenade"
L 04/08/2022 - 20:24:25: "nu<10><STEAM_1:0:625971129><TERRORIST>" purchased "taser"
L 04/08/2022 - 20:24:26: "MUIE LU MA TA<11><STEAM_1:1:231069809><CT>" say "!shop"
L 04/08/2022 - 20:24:26: "nu<10><STEAM_1:0:625971129><TERRORIST>" purchased "ssg08"
L 04/08/2022 - 20:24:29: World triggered "Round_Start"
L 04/08/2022 - 20:24:30: "MUIE LU MA TA<11><STEAM_1:1:231069809><CT>" say "!shop"
L 04/08/2022 - 20:24:35: "MUIE LU MA TA<11><STEAM_1:1:231069809><CT>" say "!shop"
L 04/08/2022 - 20:24:41: "MUIE LU MA TA<11><STEAM_1:1:231069809><CT>" say "!shop"
L 04/08/2022 - 20:24:51: "MUIE LU MA TA<11><STEAM_1:1:231069809><CT>" say "x"
L 04/08/2022 - 20:24:54: "Serby-<6><STEAM_1:1:636507947><TERRORIST>" triggered "Bomb_Begin_Plant" at bombsite B
L 04/08/2022 - 20:24:57: "Serby-<6><STEAM_1:1:636507947><TERRORIST>" triggered "Planted_The_Bomb" at bombsite B
L 04/08/2022 - 20:24:58: "nu<10><STEAM_1:0:625971129><TERRORIST>" [1222 2100 1] killed "MUIE LU MA TA<11><STEAM_1:1:231069809><CT>" [1301 1873 79] with "ssg08" (headshot)
L 04/08/2022 - 20:24:58: Team "TERRORIST" triggered "SFUI_Notice_Terrorists_Win" (CT "1") (T "10")
L 04/08/2022 - 20:24:58: Team "CT" scored "1" with "1" players
L 04/08/2022 - 20:24:58: Team "TERRORIST" scored "10" with "2" players
L 04/08/2022 - 20:24:58: MatchStatus: Team "CT" is unset.
L 04/08/2022 - 20:24:58: MatchStatus: Team "TERRORIST" is unset.
L 04/08/2022 - 20:24:58: MatchStatus: Score: 1:10 on map "de_dust2" RoundsPlayed: 11
L 04/08/2022 - 20:24:58: World triggered "Round_End"
L 04/08/2022 - 20:25:00: "MUIE LU MA TA<11><STEAM_1:1:231069809><CT>" say "brb"
L 04/08/2022 - 20:25:01: "MUIE LU MA TA<11><STEAM_1:1:231069809><CT>" say "revin"
L 04/08/2022 - 20:25:02: "MUIE LU MA TA<11><STEAM_1:1:231069809><CT>" disconnected (reason "Disconnect")
L 04/08/2022 - 20:25:02: "MUIE LU MA TA<11><STEAM_1:1:231069809>" switched from team <CT> to <Unassigned>
L 04/08/2022 - 20:25:02: "nu<10><STEAM_1:0:625971129><TERRORIST>" say "k"
L 04/08/2022 - 20:25:05: Starting Freeze period
L 04/08/2022 - 20:25:06: "nu<10><STEAM_1:0:625971129><TERRORIST>" triggered "Got_The_Bomb"
L 04/08/2022 - 20:25:06: MatchStatus: Team "CT" is unset.
L 04/08/2022 - 20:25:06: MatchStatus: Team "TERRORIST" is unset.
L 04/08/2022 - 20:25:06: MatchStatus: Score: 1:10 on map "de_dust2" RoundsPlayed: 11
L 04/08/2022 - 20:25:06: "nu<10><STEAM_1:0:625971129><TERRORIST>" triggered "Dropped_The_Bomb"
L 04/08/2022 - 20:25:06: "nu<10><STEAM_1:0:625971129>" switched from team <TERRORIST> to <CT>
L 04/08/2022 - 20:25:06: "nu<10><STEAM_1:0:625971129><CT>" [-697 -807 163] committed suicide with "world"
L 04/08/2022 - 20:25:06: Team "TERRORIST" triggered "SFUI_Notice_Terrorists_Win" (CT "1") (T "11")
L 04/08/2022 - 20:25:06: Team "CT" scored "1" with "1" players
L 04/08/2022 - 20:25:06: Team "TERRORIST" scored "11" with "1" players
L 04/08/2022 - 20:25:06: MatchStatus: Team "CT" is unset.
L 04/08/2022 - 20:25:06: MatchStatus: Team "TERRORIST" is unset.
L 04/08/2022 - 20:25:06: MatchStatus: Score: 1:11 on map "de_dust2" RoundsPlayed: 12
L 04/08/2022 - 20:25:06: World triggered "Round_End"
L 04/08/2022 - 20:25:10: World triggered "Round_Start"
L 04/08/2022 - 20:25:13: Starting Freeze period
L 04/08/2022 - 20:25:13: "Serby-<6><STEAM_1:1:636507947><TERRORIST>" triggered "Got_The_Bomb"
L 04/08/2022 - 20:25:13: MatchStatus: Team "CT" is unset.
L 04/08/2022 - 20:25:13: MatchStatus: Team "TERRORIST" is unset.
L 04/08/2022 - 20:25:13: MatchStatus: Score: 1:11 on map "de_dust2" RoundsPlayed: 12
L 04/08/2022 - 20:25:13: "nu<10><STEAM_1:0:625971129><CT>" purchased "deagle"
L 04/08/2022 - 20:25:13: "nu<10><STEAM_1:0:625971129><CT>" purchased "item_assaultsuit"
L 04/08/2022 - 20:25:13: "nu<10><STEAM_1:0:625971129><CT>" purchased "hegrenade"
L 04/08/2022 - 20:25:13: "nu<10><STEAM_1:0:625971129><CT>" purchased "incgrenade"
L 04/08/2022 - 20:25:13: "nu<10><STEAM_1:0:625971129><CT>" purchased "smokegrenade"
L 04/08/2022 - 20:25:13: "nu<10><STEAM_1:0:625971129><CT>" purchased "taser"
L 04/08/2022 - 20:25:13: "nu<10><STEAM_1:0:625971129><CT>" purchased "item_defuser"
L 04/08/2022 - 20:25:16: "nu<10><STEAM_1:0:625971129><CT>" purchased "ssg08"
L 04/08/2022 - 20:25:18: World triggered "Round_Start"
L 04/08/2022 - 20:25:22: "nu<10><STEAM_1:0:625971129><CT>" say "hai zeus"
L 04/08/2022 - 20:25:30: "nu<10><STEAM_1:0:625971129><CT>" say "zeus"
L 04/08/2022 - 20:25:37: "nu<10><STEAM_1:0:625971129><CT>" say "zeus"
L 04/08/2022 - 20:25:41: "Serby-<6><STEAM_1:1:636507947><TERRORIST>" [7 -556 2] killed "nu<10><STEAM_1:0:625971129><CT>" [131 -377 65] with "deagle"
L 04/08/2022 - 20:25:41: Team "TERRORIST" triggered "SFUI_Notice_Terrorists_Win" (CT "1") (T "12")
L 04/08/2022 - 20:25:41: Team "CT" scored "1" with "1" players
L 04/08/2022 - 20:25:41: Team "TERRORIST" scored "12" with "1" players
L 04/08/2022 - 20:25:41: MatchStatus: Team "CT" is unset.
L 04/08/2022 - 20:25:41: MatchStatus: Team "TERRORIST" is unset.
L 04/08/2022 - 20:25:41: MatchStatus: Score: 1:12 on map "de_dust2" RoundsPlayed: 13
L 04/08/2022 - 20:25:41: World triggered "Round_End"
L 04/08/2022 - 20:25:44: "nu<10><STEAM_1:0:625971129><CT>" say "du-te drq"
L 04/08/2022 - 20:25:48: Starting Freeze period
L 04/08/2022 - 20:25:48: "Serby-<6><STEAM_1:1:636507947><TERRORIST>" triggered "Got_The_Bomb"
L 04/08/2022 - 20:25:48: MatchStatus: Team "CT" is unset.
L 04/08/2022 - 20:25:48: MatchStatus: Team "TERRORIST" is unset.
L 04/08/2022 - 20:25:48: MatchStatus: Score: 1:12 on map "de_dust2" RoundsPlayed: 13
L 04/08/2022 - 20:25:48: "nu<10><STEAM_1:0:625971129><CT>" purchased "deagle"
L 04/08/2022 - 20:25:48: "nu<10><STEAM_1:0:625971129><CT>" purchased "item_assaultsuit"
L 04/08/2022 - 20:25:48: "nu<10><STEAM_1:0:625971129><CT>" purchased "hegrenade"
L 04/08/2022 - 20:25:48: "nu<10><STEAM_1:0:625971129><CT>" purchased "incgrenade"
L 04/08/2022 - 20:25:48: "nu<10><STEAM_1:0:625971129><CT>" purchased "smokegrenade"
L 04/08/2022 - 20:25:48: "nu<10><STEAM_1:0:625971129><CT>" purchased "taser"
L 04/08/2022 - 20:25:48: "nu<10><STEAM_1:0:625971129><CT>" purchased "item_defuser"
L 04/08/2022 - 20:25:50: "nu<10><STEAM_1:0:625971129><CT>" purchased "ssg08"
L 04/08/2022 - 20:25:53: World triggered "Round_Start"
L 04/08/2022 - 20:25:54: "nu<10><STEAM_1:0:625971129><CT>" say "!lvl"
L 04/08/2022 - 20:26:10: "Serby-<6><STEAM_1:1:636507947><TERRORIST>" [-343 724 0] killed "nu<10><STEAM_1:0:625971129><CT>" [-14 438 63] with "ssg08" (headshot)
L 04/08/2022 - 20:26:10: Team "TERRORIST" triggered "SFUI_Notice_Terrorists_Win" (CT "1") (T "13")
L 04/08/2022 - 20:26:10: Team "CT" scored "1" with "1" players
L 04/08/2022 - 20:26:10: Team "TERRORIST" scored "13" with "1" players
L 04/08/2022 - 20:26:10: MatchStatus: Team "CT" is unset.
L 04/08/2022 - 20:26:10: MatchStatus: Team "TERRORIST" is unset.
L 04/08/2022 - 20:26:10: MatchStatus: Score: 1:13 on map "de_dust2" RoundsPlayed: 14
L 04/08/2022 - 20:26:10: World triggered "Round_End"
L 04/08/2022 - 20:26:17: Starting Freeze period
L 04/08/2022 - 20:26:17: "Serby-<6><STEAM_1:1:636507947><TERRORIST>" triggered "Got_The_Bomb"
L 04/08/2022 - 20:26:17: MatchStatus: Team "CT" is unset.
L 04/08/2022 - 20:26:17: MatchStatus: Team "TERRORIST" is unset.
L 04/08/2022 - 20:26:17: MatchStatus: Score: 1:13 on map "de_dust2" RoundsPlayed: 14
L 04/08/2022 - 20:26:17: "nu<10><STEAM_1:0:625971129><CT>" purchased "deagle"
L 04/08/2022 - 20:26:17: "nu<10><STEAM_1:0:625971129><CT>" purchased "item_assaultsuit"
L 04/08/2022 - 20:26:17: "nu<10><STEAM_1:0:625971129><CT>" purchased "hegrenade"
L 04/08/2022 - 20:26:17: "nu<10><STEAM_1:0:625971129><CT>" purchased "incgrenade"
L 04/08/2022 - 20:26:17: "nu<10><STEAM_1:0:625971129><CT>" purchased "smokegrenade"
L 04/08/2022 - 20:26:17: "nu<10><STEAM_1:0:625971129><CT>" purchased "taser"
L 04/08/2022 - 20:26:17: "nu<10><STEAM_1:0:625971129><CT>" purchased "item_defuser"
L 04/08/2022 - 20:26:20: "nu<10><STEAM_1:0:625971129><CT>" purchased "ssg08"
L 04/08/2022 - 20:26:22: World triggered "Round_Start"
L 04/08/2022 - 20:26:32: "nu<10><STEAM_1:0:625971129><CT>" say "zeus"
L 04/08/2022 - 20:26:46: "Serby-<6><STEAM_1:1:636507947><TERRORIST>" triggered "Dropped_The_Bomb"
L 04/08/2022 - 20:26:46: "nu<10><STEAM_1:0:625971129><CT>" [-1234 -628 153] killed "Serby-<6><STEAM_1:1:636507947><TERRORIST>" [-1141 -675 226] with "taser"
L 04/08/2022 - 20:26:46: Team "CT" triggered "SFUI_Notice_CTs_Win" (CT "2") (T "13")
L 04/08/2022 - 20:26:46: Team "CT" scored "2" with "1" players
L 04/08/2022 - 20:26:46: Team "TERRORIST" scored "13" with "1" players
L 04/08/2022 - 20:26:46: MatchStatus: Team "CT" is unset.
L 04/08/2022 - 20:26:46: MatchStatus: Team "TERRORIST" is unset.
L 04/08/2022 - 20:26:46: MatchStatus: Score: 2:13 on map "de_dust2" RoundsPlayed: 15
L 04/08/2022 - 20:26:46: World triggered "Round_End"
L 04/08/2022 - 20:26:48: "Serby-<6><STEAM_1:1:636507947><TERRORIST>" say "gay"
L 04/08/2022 - 20:26:50: "nu<10><STEAM_1:0:625971129><CT>" say "ahaha"
L 04/08/2022 - 20:26:52: "Serby-<6><STEAM_1:1:636507947>" switched from team <TERRORIST> to <CT>
L 04/08/2022 - 20:26:52: "nu<10><STEAM_1:0:625971129>" switched from team <CT> to <TERRORIST>
L 04/08/2022 - 20:26:52: Starting Freeze period
L 04/08/2022 - 20:26:52: "nu<10><STEAM_1:0:625971129><TERRORIST>" triggered "Got_The_Bomb"
L 04/08/2022 - 20:26:52: MatchStatus: Team "CT" is unset.
L 04/08/2022 - 20:26:52: MatchStatus: Team "TERRORIST" is unset.
L 04/08/2022 - 20:26:52: MatchStatus: Score: 13:2 on map "de_dust2" RoundsPlayed: 15
L 04/08/2022 - 20:26:52: "Serby-<6><STEAM_1:1:636507947><CT>" purchased "deagle"
L 04/08/2022 - 20:26:52: "nu<10><STEAM_1:0:625971129><TERRORIST>" purchased "deagle"
L 04/08/2022 - 20:26:57: World triggered "Round_Start"
L 04/08/2022 - 20:27:13: "nu<10><STEAM_1:0:625971129><TERRORIST>" [-1596 2153 -6] killed "Serby-<6><STEAM_1:1:636507947><CT>" [-571 2347 -45] with "deagle" (headshot)
L 04/08/2022 - 20:27:13: Team "TERRORIST" triggered "SFUI_Notice_Terrorists_Win" (CT "13") (T "3")
L 04/08/2022 - 20:27:13: Team "CT" scored "13" with "1" players
L 04/08/2022 - 20:27:13: Team "TERRORIST" scored "3" with "1" players
L 04/08/2022 - 20:27:13: MatchStatus: Team "CT" is unset.
L 04/08/2022 - 20:27:13: MatchStatus: Team "TERRORIST" is unset.
L 04/08/2022 - 20:27:13: MatchStatus: Score: 13:3 on map "de_dust2" RoundsPlayed: 16
L 04/08/2022 - 20:27:13: World triggered "Round_End"
L 04/08/2022 - 20:27:19: "MUIE LU MA TA<12><STEAM_1:1:231069809><>" connected, address ""
L 04/08/2022 - 20:27:19: "MUIE LU MA TA<12><STEAM_1:1:231069809><>" STEAM USERID validated
L 04/08/2022 - 20:27:20: Starting Freeze period
L 04/08/2022 - 20:27:20: "nu<10><STEAM_1:0:625971129><TERRORIST>" triggered "Got_The_Bomb"
L 04/08/2022 - 20:27:20: MatchStatus: Team "CT" is unset.
L 04/08/2022 - 20:27:20: MatchStatus: Team "TERRORIST" is unset.
L 04/08/2022 - 20:27:20: MatchStatus: Score: 13:3 on map "de_dust2" RoundsPlayed: 16
L 04/08/2022 - 20:27:20: "Serby-<6><STEAM_1:1:636507947><CT>" purchased "deagle"
L 04/08/2022 - 20:27:20: "Serby-<6><STEAM_1:1:636507947><CT>" purchased "item_kevlar"
L 04/08/2022 - 20:27:20: "Serby-<6><STEAM_1:1:636507947><CT>" purchased "taser"
L 04/08/2022 - 20:27:20: "nu<10><STEAM_1:0:625971129><TERRORIST>" purchased "item_assaultsuit"
L 04/08/2022 - 20:27:20: "nu<10><STEAM_1:0:625971129><TERRORIST>" purchased "hegrenade"
L 04/08/2022 - 20:27:20: "nu<10><STEAM_1:0:625971129><TERRORIST>" purchased "molotov"
L 04/08/2022 - 20:27:20: "nu<10><STEAM_1:0:625971129><TERRORIST>" purchased "smokegrenade"
L 04/08/2022 - 20:27:20: "nu<10><STEAM_1:0:625971129><TERRORIST>" purchased "taser"
L 04/08/2022 - 20:27:25: World triggered "Round_Start"
L 04/08/2022 - 20:27:26: "nu<10><STEAM_1:0:625971129><TERRORIST>" purchased "nova"
L 04/08/2022 - 20:27:39: "nu<10><STEAM_1:0:625971129><TERRORIST>" say "peek daca esti smek"
L 04/08/2022 - 20:27:40: "nu<10><STEAM_1:0:625971129><TERRORIST>" [-1893 1384 36] killed "Serby-<6><STEAM_1:1:636507947><CT>" [-1944 1393 104] with "nova"
L 04/08/2022 - 20:27:40: Team "TERRORIST" triggered "SFUI_Notice_Terrorists_Win" (CT "13") (T "4")
L 04/08/2022 - 20:27:40: Team "CT" scored "13" with "1" players
L 04/08/2022 - 20:27:40: Team "TERRORIST" scored "4" with "1" players
L 04/08/2022 - 20:27:40: MatchStatus: Team "CT" is unset.
L 04/08/2022 - 20:27:40: MatchStatus: Team "TERRORIST" is unset.
L 04/08/2022 - 20:27:40: MatchStatus: Score: 13:4 on map "de_dust2" RoundsPlayed: 17
L 04/08/2022 - 20:27:40: World triggered "Round_End"
L 04/08/2022 - 20:27:47: Starting Freeze period
L 04/08/2022 - 20:27:47: "nu<10><STEAM_1:0:625971129><TERRORIST>" triggered "Got_The_Bomb"
L 04/08/2022 - 20:27:47: MatchStatus: Team "CT" is unset.
L 04/08/2022 - 20:27:47: MatchStatus: Team "TERRORIST" is unset.
L 04/08/2022 - 20:27:47: MatchStatus: Score: 13:4 on map "de_dust2" RoundsPlayed: 17
L 04/08/2022 - 20:27:47: "Serby-<6><STEAM_1:1:636507947><CT>" purchased "ssg08"
L 04/08/2022 - 20:27:47: "Serby-<6><STEAM_1:1:636507947><CT>" purchased "taser"
L 04/08/2022 - 20:27:47: "nu<10><STEAM_1:0:625971129><TERRORIST>" purchased "item_kevlar"
L 04/08/2022 - 20:27:49: "nu<10><STEAM_1:0:625971129><TERRORIST>" purchased "ssg08"
L 04/08/2022 - 20:27:52: World triggered "Round_Start"
L 04/08/2022 - 20:27:56: "Serby-<6><STEAM_1:1:636507947><CT>" say "!admin"
L 04/08/2022 - 20:28:13: "MUIE LU MA TA<12><STEAM_1:1:231069809><>" entered the game
L 04/08/2022 - 20:28:15: "nu<10><STEAM_1:0:625971129><TERRORIST>" say "ms"
L 04/08/2022 - 20:28:27: "nu<10><STEAM_1:0:625971129><TERRORIST>" triggered "Dropped_The_Bomb"
L 04/08/2022 - 20:28:27: "Serby-<6><STEAM_1:1:636507947><CT>" [1481 1715 -8] killed "nu<10><STEAM_1:0:625971129><TERRORIST>" [1284 2063 47] with "ssg08"
L 04/08/2022 - 20:28:27: Team "CT" triggered "SFUI_Notice_CTs_Win" (CT "14") (T "4")
L 04/08/2022 - 20:28:27: Team "CT" scored "14" with "1" players
L 04/08/2022 - 20:28:27: Team "TERRORIST" scored "4" with "1" players
L 04/08/2022 - 20:28:27: MatchStatus: Team "CT" is unset.
L 04/08/2022 - 20:28:27: MatchStatus: Team "TERRORIST" is unset.
L 04/08/2022 - 20:28:27: MatchStatus: Score: 14:4 on map "de_dust2" RoundsPlayed: 18
L 04/08/2022 - 20:28:27: World triggered "Round_End"
L 04/08/2022 - 20:28:34: Starting Freeze period
L 04/08/2022 - 20:28:34: "nu<10><STEAM_1:0:625971129><TERRORIST>" triggered "Got_The_Bomb"
L 04/08/2022 - 20:28:34: MatchStatus: Team "CT" is unset.
L 04/08/2022 - 20:28:34: MatchStatus: Team "TERRORIST" is unset.
L 04/08/2022 - 20:28:34: MatchStatus: Score: 14:4 on map "de_dust2" RoundsPlayed: 18
L 04/08/2022 - 20:28:34: "nu<10><STEAM_1:0:625971129><TERRORIST>" purchased "deagle"
L 04/08/2022 - 20:28:34: "nu<10><STEAM_1:0:625971129><TERRORIST>" purchased "item_assaultsuit"
L 04/08/2022 - 20:28:34: "nu<10><STEAM_1:0:625971129><TERRORIST>" purchased "hegrenade"
L 04/08/2022 - 20:28:34: "nu<10><STEAM_1:0:625971129><TERRORIST>" purchased "molotov"
L 04/08/2022 - 20:28:34: "nu<10><STEAM_1:0:625971129><TERRORIST>" purchased "smokegrenade"
L 04/08/2022 - 20:28:34: "nu<10><STEAM_1:0:625971129><TERRORIST>" purchased "taser"
L 04/08/2022 - 20:28:39: World triggered "Round_Start"
L 04/08/2022 - 20:28:43: "MUIE LU MA TA<12><STEAM_1:1:231069809>" switched from team <Unassigned> to <TERRORIST>
L 04/08/2022 - 20:28:55: "Serby-<6><STEAM_1:1:636507947><CT>" say "!admin"
L 04/08/2022 - 20:29:04: "nu<10><STEAM_1:0:625971129><TERRORIST>" triggered "Dropped_The_Bomb"
L 04/08/2022 - 20:29:04: "Serby-<6><STEAM_1:1:636507947><CT>" [-50 2197 -129] killed "nu<10><STEAM_1:0:625971129><TERRORIST>" [-1630 2138 41] with "ssg08" (headshot penetrated)
L 04/08/2022 - 20:29:04: Team "CT" triggered "SFUI_Notice_CTs_Win" (CT "15") (T "4")
L 04/08/2022 - 20:29:04: Team "CT" scored "15" with "1" players
L 04/08/2022 - 20:29:04: Team "TERRORIST" scored "4" with "2" players
L 04/08/2022 - 20:29:04: MatchStatus: Team "CT" is unset.
L 04/08/2022 - 20:29:04: MatchStatus: Team "TERRORIST" is unset.
L 04/08/2022 - 20:29:04: MatchStatus: Score: 15:4 on map "de_dust2" RoundsPlayed: 19
L 04/08/2022 - 20:29:04: World triggered "Round_End"
L 04/08/2022 - 20:29:09: "Serby-<6><STEAM_1:1:636507947><CT>" say "ti am tras manual xd"
L 04/08/2022 - 20:29:10: "nu<10><STEAM_1:0:625971129><TERRORIST>" say "ai tras manual ? =)"
L 04/08/2022 - 20:29:10: "Serby-<6><STEAM_1:1:636507947><CT>" say "mor"
L 04/08/2022 - 20:29:11: "Serby-<6><STEAM_1:1:636507947><CT>" say "coaie"
L 04/08/2022 - 20:29:11: Starting Freeze period
L 04/08/2022 - 20:29:11: "MUIE LU MA TA<12><STEAM_1:1:231069809><TERRORIST>" triggered "Got_The_Bomb"
L 04/08/2022 - 20:29:11: MatchStatus: Team "CT" is unset.
L 04/08/2022 - 20:29:11: MatchStatus: Team "TERRORIST" is unset.
L 04/08/2022 - 20:29:11: MatchStatus: Score: 15:4 on map "de_dust2" RoundsPlayed: 19
L 04/08/2022 - 20:29:12: "Serby-<6><STEAM_1:1:636507947><CT>" purchased "deagle"
L 04/08/2022 - 20:29:12: "Serby-<6><STEAM_1:1:636507947><CT>" purchased "hegrenade"
L 04/08/2022 - 20:29:12: "Serby-<6><STEAM_1:1:636507947><CT>" purchased "incgrenade"
L 04/08/2022 - 20:29:12: "Serby-<6><STEAM_1:1:636507947><CT>" purchased "smokegrenade"
L 04/08/2022 - 20:29:12: "Serby-<6><STEAM_1:1:636507947><CT>" purchased "item_defuser"
L 04/08/2022 - 20:29:12: "nu<10><STEAM_1:0:625971129><TERRORIST>" purchased "deagle"
L 04/08/2022 - 20:29:12: "nu<10><STEAM_1:0:625971129><TERRORIST>" purchased "item_assaultsuit"
L 04/08/2022 - 20:29:12: "nu<10><STEAM_1:0:625971129><TERRORIST>" purchased "hegrenade"
L 04/08/2022 - 20:29:12: "nu<10><STEAM_1:0:625971129><TERRORIST>" purchased "molotov"
L 04/08/2022 - 20:29:12: "nu<10><STEAM_1:0:625971129><TERRORIST>" purchased "taser"
L 04/08/2022 - 20:29:13: "Serby-<6><STEAM_1:1:636507947><CT>" say "da"
L 04/08/2022 - 20:29:16: "nu<10><STEAM_1:0:625971129><TERRORIST>" say "XD"
L 04/08/2022 - 20:29:16: World triggered "Round_Start"
L 04/08/2022 - 20:29:20: server_cvar: "sm_nextmap" "de_nuke"
L 04/08/2022 - 20:29:24: "nu<10><STEAM_1:0:625971129><TERRORIST>" say "osiris > weave"
L 04/08/2022 - 20:29:30: "Serby-<6><STEAM_1:1:636507947><CT>" [-2017 1447 33] killed "nu<10><STEAM_1:0:625971129><TERRORIST>" [-1907 1361 130] with "deagle"
L 04/08/2022 - 20:29:33: "nu<10><STEAM_1:0:625971129><TERRORIST>" say "xd"
L 04/08/2022 - 20:29:45: "MUIE LU MA TA<12><STEAM_1:1:231069809><TERRORIST>" triggered "Dropped_The_Bomb"
L 04/08/2022 - 20:29:45: "Serby-<6><STEAM_1:1:636507947><CT>" [-1611 -827 116] killed "MUIE LU MA TA<12><STEAM_1:1:231069809><TERRORIST>" [-332 -754 143] with "deagle"
L 04/08/2022 - 20:29:45: Team "CT" triggered "SFUI_Notice_CTs_Win" (CT "16") (T "4")
L 04/08/2022 - 20:29:45: Team "CT" scored "16" with "1" players
L 04/08/2022 - 20:29:45: Team "TERRORIST" scored "4" with "2" players
L 04/08/2022 - 20:29:45: MatchStatus: Team "CT" is unset.
L 04/08/2022 - 20:29:45: MatchStatus: Team "TERRORIST" is unset.
L 04/08/2022 - 20:29:45: MatchStatus: Score: 16:4 on map "de_dust2" RoundsPlayed: 20
L 04/08/2022 - 20:29:45: World triggered "Round_End"
L 04/08/2022 - 20:29:45: ACCOLADE, FINAL: {mvps},	Serby-<3>,	VALUE: 9.000000,	POS: 1,	SCORE: 36.000000
L 04/08/2022 - 20:29:45: ACCOLADE, FINAL: {mvps},	nu<4>,	VALUE: 9.000000,	POS: 1,	SCORE: 36.000000
L 04/08/2022 - 20:29:45: ACCOLADE, FINAL: {gimme_03},	MUIE LU MA TA<2>,	VALUE: 0.000000,	POS: 1,	SCORE: 0.000000
L 04/08/2022 - 20:29:45: MatchStatus: Team "CT" is unset.
L 04/08/2022 - 20:29:45: MatchStatus: Team "TERRORIST" is unset.
L 04/08/2022 - 20:29:45: MatchStatus: Score: 16:4 on map "de_dust2" RoundsPlayed: 20
L 04/08/2022 - 20:29:45: Game Over: competitive mg_active de_dust2 score 16:4 after 12 min
L 04/08/2022 - 20:29:45: World triggered "Round_Start"
L 04/08/2022 - 20:29:48: "Serby-<6><STEAM_1:1:636507947><CT>" say "شهؤه فخف ةشىعشم"
L 04/08/2022 - 20:30:10: [META] Loaded 0 plugins (1 already loaded)
L 04/08/2022 - 20:30:10: [META] Loaded 0 plugins (1 already loaded)
L 04/08/2022 - 20:30:10: Log file closed
