L 04/08/2022 - 19:22:53: Log file started (file "logs/L089_034_025_021_27015_202204081922_002.log") (game "/home/client4775/service5731/csgo/csgo") (version "8515")
L 04/08/2022 - 19:22:53: server_cvar: "tv_enable" "1"
L 04/08/2022 - 19:22:53: server_cvar: "tv_advertise_watchable" "***PROTECTED***"
L 04/08/2022 - 19:22:53: server_cvar: "sv_airaccelerate" "500"
L 04/08/2022 - 19:22:53: server_cvar: "cash_player_bomb_defused" "200"
L 04/08/2022 - 19:22:53: server_cvar: "cash_player_bomb_planted" "200"
L 04/08/2022 - 19:22:53: server_cvar: "cash_player_interact_with_hostage" "300"
L 04/08/2022 - 19:22:53: server_cvar: "cash_player_killed_enemy_default" "200"
L 04/08/2022 - 19:22:53: server_cvar: "cash_player_killed_enemy_factor" "0.5"
L 04/08/2022 - 19:22:53: server_cvar: "cash_team_elimination_bomb_map" "2700"
L 04/08/2022 - 19:22:53: server_cvar: "cash_team_elimination_hostage_map_t" "2000"
L 04/08/2022 - 19:22:53: server_cvar: "cash_team_elimination_hostage_map_ct" "2300"
L 04/08/2022 - 19:22:53: server_cvar: "cash_team_loser_bonus" "2400"
L 04/08/2022 - 19:22:53: server_cvar: "cash_team_loser_bonus_consecutive_rounds" "0"
L 04/08/2022 - 19:22:53: server_cvar: "cash_team_planted_bomb_but_defused" "200"
L 04/08/2022 - 19:22:53: server_cvar: "cash_team_terrorist_win_bomb" "2700"
L 04/08/2022 - 19:22:53: server_cvar: "cash_team_win_by_defusing_bomb" "2700"
L 04/08/2022 - 19:22:53: server_cvar: "cash_team_win_by_hostage_rescue" "3000"
L 04/08/2022 - 19:22:53: server_cvar: "cash_team_win_by_time_running_out_hostage" "2000"
L 04/08/2022 - 19:22:53: server_cvar: "cash_team_win_by_time_running_out_bomb" "2700"
L 04/08/2022 - 19:22:53: server_cvar: "mp_freezetime" "5"
L 04/08/2022 - 19:22:53: server_cvar: "mp_friendlyfire" "1"
L 04/08/2022 - 19:22:53: server_cvar: "mp_maxrounds" "15"
L 04/08/2022 - 19:22:53: server_cvar: "mp_roundtime" "3"
L 04/08/2022 - 19:22:53: server_cvar: "mp_roundtime_hostage" "2"
L 04/08/2022 - 19:22:53: server_cvar: "mp_roundtime_defuse" "2.25"
L 04/08/2022 - 19:22:53: server_cvar: "mp_timelimit" "0"
L 04/08/2022 - 19:22:53: server_cvar: "cash_player_bomb_defused" "300"
L 04/08/2022 - 19:22:53: server_cvar: "cash_player_bomb_planted" "300"
L 04/08/2022 - 19:22:53: server_cvar: "cash_player_killed_enemy_default" "300"
L 04/08/2022 - 19:22:53: server_cvar: "cash_player_killed_enemy_factor" "1"
L 04/08/2022 - 19:22:53: server_cvar: "cash_team_elimination_bomb_map" "3250"
L 04/08/2022 - 19:22:53: server_cvar: "cash_team_elimination_hostage_map_t" "3000"
L 04/08/2022 - 19:22:53: server_cvar: "cash_team_elimination_hostage_map_ct" "3000"
L 04/08/2022 - 19:22:53: server_cvar: "cash_team_hostage_interaction" "600"
L 04/08/2022 - 19:22:53: server_cvar: "cash_team_loser_bonus" "1400"
L 04/08/2022 - 19:22:53: server_cvar: "cash_team_loser_bonus_consecutive_rounds" "500"
L 04/08/2022 - 19:22:53: server_cvar: "cash_team_planted_bomb_but_defused" "800"
L 04/08/2022 - 19:22:53: server_cvar: "cash_team_rescued_hostage" "600"
L 04/08/2022 - 19:22:53: server_cvar: "cash_team_terrorist_win_bomb" "3500"
L 04/08/2022 - 19:22:53: server_cvar: "cash_team_win_by_defusing_bomb" "3500"
L 04/08/2022 - 19:22:53: server_cvar: "cash_team_win_by_hostage_rescue" "2900"
L 04/08/2022 - 19:22:53: server_cvar: "cash_team_win_by_time_running_out_hostage" "3250"
L 04/08/2022 - 19:22:53: server_cvar: "cash_team_win_by_time_running_out_bomb" "3250"
L 04/08/2022 - 19:22:53: server_cvar: "mp_friendlyfire" "0"
L 04/08/2022 - 19:22:53: server_cvar: "mp_maxrounds" "30"
L 04/08/2022 - 19:22:53: server_cvar: "mp_roundtime" "1.55"
L 04/08/2022 - 19:22:53: server_cvar: "mp_roundtime_hostage" "1.92"
L 04/08/2022 - 19:22:53: server_cvar: "mp_roundtime_defuse" "1.92"
L 04/08/2022 - 19:22:53: server_cvar: "sv_deadtalk" "1"
L 04/08/2022 - 19:22:58: "GOTV<2><BOT><>" connected, address ""
L 04/08/2022 - 19:22:58: "GOTV<2><BOT><>" entered the game
